Building DAG of jobs...
Using shell: /bin/bash
Provided cores: 1
Rules claiming more threads will be scaled down.
Job counts:
	count	jobs
	1	all
	1	pca
	2

[Mon Oct 29 17:51:04 2018]
rule pca:
    input: /Users/Mahmoud.Hallal/Desktop/PhD/Generalized_pipeline/results/test_eSet1_MOLM13.Rda, /Users/Mahmoud.Hallal/Desktop/PhD/Generalized_pipeline/pca.R
    output: /Users/Mahmoud.Hallal/Desktop/PhD/Generalized_pipeline/results/PCA_plot_filtered_MOLM13.pdf
    jobid: 3
    wildcards: CWD=/Users/Mahmoud.Hallal/Desktop/PhD/Generalized_pipeline, cline=MOLM13

[Mon Oct 29 17:51:08 2018]
Finished job 3.
1 of 2 steps (50%) done

[Mon Oct 29 17:51:08 2018]
localrule all:
    input: /Users/Mahmoud.Hallal/Desktop/PhD/Generalized_pipeline/results/PCA_plot_filtered_MOLM13.pdf, /Users/Mahmoud.Hallal/Desktop/PhD/Generalized_pipeline/results/Phos_prots_with_position_venn_diagram_MOLM13.pdf, /Users/Mahmoud.Hallal/Desktop/PhD/Generalized_pipeline/results/Phos_prots_histogram_MOLM13.pdf, /Users/Mahmoud.Hallal/Desktop/PhD/Generalized_pipeline/results/Phos_proteins_MOLM13_CTRL_venn_diagram.pdf, /Users/Mahmoud.Hallal/Desktop/PhD/Generalized_pipeline/results/collection_MOLM13_500.Rda, /Users/Mahmoud.Hallal/Desktop/PhD/Generalized_pipeline/results/results_shiny_MOLM13_0.05FDR_0.01P.Rda, /Users/Mahmoud.Hallal/Desktop/PhD/Generalized_pipeline/results/Volcano_plot_MOLM13_MOLM13_DRG.pdf
    jobid: 0

[Mon Oct 29 17:51:08 2018]
Finished job 0.
2 of 2 steps (100%) done
Complete log: /Users/Mahmoud.Hallal/Desktop/PhD/Generalized_pipeline/snakemake/.snakemake/log/2018-10-29T175103.837706.snakemake.log
