Building DAG of jobs...
Using shell: /bin/bash
Provided cores: 1
Rules claiming more threads will be scaled down.
Job counts:
	count	jobs
	1	SetRank_analysis
	1	all
	1	heatmap
	3

[Tue Sep 25 18:47:58 2018]
rule SetRank_analysis:
    input: /Users/Mahmoud.Hallal/Desktop/PhD/stimulated_data_analysis/Molm13_Midostaurin_09.2018_results/collection500_filtered.Rda, /Users/Mahmoud.Hallal/Desktop/PhD/stimulated_data_analysis/Molm13_Midostaurin_09.2018_results/topTables_less.Rda, /Users/Mahmoud.Hallal/Desktop/PhD/Stimulated_data_analysis/Molm13_Midostaurin_09.2018/snakemake/params/parameters.txt, /Users/Mahmoud.Hallal/Desktop/PhD/Stimulated_data_analysis/Molm13_Midostaurin_09.2018/setRank_analysis.R
    output: /Users/Mahmoud.Hallal/Desktop/PhD/stimulated_data_analysis/Molm13_Midostaurin_09.2018_results/output_networks_with_positions_0.05fdr_filtered_less/MOLM13_CTRL_pathways.txt, /Users/Mahmoud.Hallal/Desktop/PhD/stimulated_data_analysis/Molm13_Midostaurin_09.2018_results/output_networks_with_positions_0.05fdr_filtered_less/MOLM13_DRG_pathways.txt, /Users/Mahmoud.Hallal/Desktop/PhD/stimulated_data_analysis/Molm13_Midostaurin_09.2018_results/output_networks_with_positions_0.05fdr_filtered_less/pathways.txt
    jobid: 11

[Tue Sep 25 18:48:24 2018]
Finished job 11.
1 of 3 steps (33%) done

[Tue Sep 25 18:48:24 2018]
rule heatmap:
    input: /Users/Mahmoud.Hallal/Desktop/PhD/Stimulated_data_analysis/Molm13_Midostaurin_09.2018/snakemake/params/parameters.txt, /Users/Mahmoud.Hallal/Desktop/PhD/stimulated_data_analysis/Molm13_Midostaurin_09.2018_results/output_networks_with_positions_0.05fdr_filtered_less/pathways.txt, /Users/Mahmoud.Hallal/Desktop/PhD/Stimulated_data_analysis/Molm13_Midostaurin_09.2018/pathway_create.R
    output: /Users/Mahmoud.Hallal/Desktop/PhD/stimulated_data_analysis/Molm13_Midostaurin_09.2018_results/pathway_summary_all_phosprots_delete_True_0.01P_0.05fdr_filtered.pdf, /Users/Mahmoud.Hallal/Desktop/PhD/Stimulated_data_analysis/Molm13_Midostaurin_09.2018_results/dataframe_map_to_pathway.csv
    jobid: 3

[Tue Sep 25 18:48:27 2018]
Finished job 3.
2 of 3 steps (67%) done

[Tue Sep 25 18:48:27 2018]
localrule all:
    input: /Users/Mahmoud.Hallal/Desktop/PhD/stimulated_data_analysis/Molm13_Midostaurin_09.2018_results/eSet_data_test1.csv, /Users/Mahmoud.Hallal/Desktop/PhD/stimulated_data_analysis/Molm13_Midostaurin_09.2018_results/test_eSet_notfiltered.Rda, /Users/Mahmoud.Hallal/Desktop/PhD/stimulated_data_analysis/Molm13_Midostaurin_09.2018_results/test_eSet1.Rda, /Users/Mahmoud.Hallal/Desktop/PhD/stimulated_data_analysis/Molm13_Midostaurin_09.2018_results/collection500_filtered.Rda, /Users/Mahmoud.Hallal/Desktop/PhD/stimulated_data_analysis/Molm13_Midostaurin_09.2018_results/topTables_less.Rda, /Users/Mahmoud.Hallal/Desktop/PhD/stimulated_data_analysis/Molm13_Midostaurin_09.2018_results/pathway_summary_all_phosprots_delete_True_0.01P_0.05fdr_filtered.pdf, /Users/Mahmoud.Hallal/Desktop/PhD/stimulated_data_analysis/Molm13_Midostaurin_09.2018_results/PCA_plot_filtered.pdf, /Users/Mahmoud.Hallal/Desktop/PhD/stimulated_data_analysis/Molm13_Midostaurin_09.2018_results/Phos_prots_with_position_venn_diagram.pdf, /Users/Mahmoud.Hallal/Desktop/PhD/stimulated_data_analysis/Molm13_Midostaurin_09.2018_results/Phos_prots_histogram.pdf, /Users/Mahmoud.Hallal/Desktop/PhD/Stimulated_data_analysis/Molm13_Midostaurin_09.2018_results/dataframe_map_to_pathway.csv, /Users/Mahmoud.Hallal/Desktop/PhD/stimulated_data_analysis/Molm13_Midostaurin_09.2018_results/Volcano_plot_MOLM13_CTRL.pdf, /Users/Mahmoud.Hallal/Desktop/PhD/stimulated_data_analysis/Molm13_Midostaurin_09.2018_results/Volcano_plot_MOLM13_DRG.pdf
    jobid: 0

[Tue Sep 25 18:48:27 2018]
Finished job 0.
3 of 3 steps (100%) done
Complete log: /Users/Mahmoud.Hallal/Desktop/PhD/Stimulated_data_analysis/Molm13_Midostaurin_09.2018/snakemake/.snakemake/log/2018-09-25T184757.341651.snakemake.log
