Building DAG of jobs...
Using shell: /bin/bash
Provided cores: 1
Rules claiming more threads will be scaled down.
Job counts:
	count	jobs
	1	Reproducibility
	1	STY_plotting
	1	SetRank_analysis
	1	all
	1	create_STY_eSet
	1	create_kinase_substrate_5_dbs
	1	create_kinase_substrate_dbs
	1	filter_eSet
	1	heatmap
	1	load_prepare_STY_files
	1	pca
	1	prepare_shiny_inputs
	1	setRank_collection_create
	1	topTables
	1	volcano_plot
	1	waterfall
	16

[Wed Nov 21 13:22:51 2018]
rule create_kinase_substrate_5_dbs:
    input: /Users/Mahmoud.Hallal/Desktop/PhD/Phospho_database/phosphoELM_db/phosphoELM_vertebrate_2015-04.dump, /Users/Mahmoud.Hallal/Desktop/PhD/Phospho_database/phosphoSitePlus/Kinase_Substrate_Dataset, /Users/Mahmoud.Hallal/Desktop/PhD/Phospho_database/PhosphoNetworks/refKSI.csv, /Users/Mahmoud.Hallal/Desktop/PhD/Phospho_database/HPRD/FLAT_FILES_072010/POST_TRANSLATIONAL_MODIFICATIONS.txt, /Users/Mahmoud.Hallal/Desktop/PhD/Phospho_database/MINT/MINT_MiTab.txt, /Users/Mahmoud.Hallal/Desktop/PhD/Phospho_database/RegPhos/RegPhos_Phos_human.txt, /Users/Mahmoud.Hallal/Desktop/PhD/Phospho_database/SIGNOR/human_phosphorylations_09_05_17.csv, /Users/Mahmoud.Hallal/Desktop/PhD/Generalized_pipeline/Scripts/phospho_dbs_v2.R
    output: /Users/Mahmoud.Hallal/Desktop/PhD/Generalized_pipeline/results/K562_0.01P_0.05FDR/all_dbs1.csv
    jobid: 14
    wildcards: CWD=/Users/Mahmoud.Hallal/Desktop/PhD/Generalized_pipeline, new_file=K562_0.01P_0.05FDR

[Wed Nov 21 13:24:38 2018]
Finished job 14.
1 of 16 steps (6%) done

[Wed Nov 21 13:24:38 2018]
rule load_prepare_STY_files:
    input: /Users/Mahmoud.Hallal/Desktop/PhD/cell_lines_data/Stimulated_data/K562_Nilotinib_t2/Phospho (STY)Sites.txt, /Users/Mahmoud.Hallal/Desktop/PhD/Generalized_pipeline/Scripts/cell_lines_analysis_STYfiles_INC1_INC2_sd.R
    output: /Users/Mahmoud.Hallal/Desktop/PhD/Generalized_pipeline/results/K562_0.01P_0.05FDR/eSet_data_test1_K562.csv, /Users/Mahmoud.Hallal/Desktop/PhD/Generalized_pipeline/results/K562_0.01P_0.05FDR/batches_all_data_K562.Rda, /Users/Mahmoud.Hallal/Desktop/PhD/Generalized_pipeline/results/K562_0.01P_0.05FDR/batches_all_phospho_data_K562.Rda
    jobid: 7
    wildcards: CWD=/Users/Mahmoud.Hallal/Desktop/PhD/Generalized_pipeline, new_file=K562_0.01P_0.05FDR, cline=K562

[Wed Nov 21 13:24:54 2018]
Finished job 7.
2 of 16 steps (12%) done

[Wed Nov 21 13:24:54 2018]
rule STY_plotting:
    input: /Users/Mahmoud.Hallal/Desktop/PhD/Generalized_pipeline/results/K562_0.01P_0.05FDR/batches_all_data_K562.Rda, /Users/Mahmoud.Hallal/Desktop/PhD/Generalized_pipeline/results/K562_0.01P_0.05FDR/batches_all_phospho_data_K562.Rda, /Users/Mahmoud.Hallal/Desktop/PhD/Generalized_pipeline/Scripts/plotting_STY.R
    output: /Users/Mahmoud.Hallal/Desktop/PhD/Generalized_pipeline/results/K562_0.01P_0.05FDR/Phos_prots_with_position_histogram_K562.pdf, /Users/Mahmoud.Hallal/Desktop/PhD/Generalized_pipeline/results/K562_0.01P_0.05FDR/Phos_prots_histogram_K562.pdf, /Users/Mahmoud.Hallal/Desktop/PhD/Generalized_pipeline/results/K562_0.01P_0.05FDR/Phos_peptides_venn_diagram_K562.pdf, /Users/Mahmoud.Hallal/Desktop/PhD/Generalized_pipeline/results/K562_0.01P_0.05FDR/Phos_prots_with_position_venn_diagram_K562.pdf, /Users/Mahmoud.Hallal/Desktop/PhD/Generalized_pipeline/results/K562_0.01P_0.05FDR/table_counts_all_K562.csv
    jobid: 1
    wildcards: CWD=/Users/Mahmoud.Hallal/Desktop/PhD/Generalized_pipeline, new_file=K562_0.01P_0.05FDR, cline=K562

[Wed Nov 21 13:25:04 2018]
Finished job 1.
3 of 16 steps (19%) done

[Wed Nov 21 13:25:04 2018]
rule create_kinase_substrate_dbs:
    input: /Users/Mahmoud.Hallal/Desktop/PhD/Motif_analysis/all_dbs.csv, /Users/Mahmoud.Hallal/Desktop/PhD/Generalized_pipeline/results/K562_0.01P_0.05FDR/all_dbs1.csv, /Users/Mahmoud.Hallal/Desktop/PhD/Generalized_pipeline/Scripts/phospho_dbs_with_motif.R, /Users/Mahmoud.Hallal/Desktop/PhD/Generalized_pipeline/Scripts/phospho_dbs_without_motif.R
    output: /Users/Mahmoud.Hallal/Desktop/PhD/Generalized_pipeline/results/K562_0.01P_0.05FDR/all_dbs.csv
    jobid: 11
    wildcards: CWD=/Users/Mahmoud.Hallal/Desktop/PhD/Generalized_pipeline, new_file=K562_0.01P_0.05FDR

[Wed Nov 21 13:25:07 2018]
Finished job 11.
4 of 16 steps (25%) done

[Wed Nov 21 13:25:07 2018]
rule create_STY_eSet:
    input: /Users/Mahmoud.Hallal/Desktop/PhD/Generalized_pipeline/results/K562_0.01P_0.05FDR/eSet_data_test1_K562.csv, /Users/Mahmoud.Hallal/Desktop/PhD/Generalized_pipeline/Scripts/create_eSet_sd.R
    output: /Users/Mahmoud.Hallal/Desktop/PhD/Generalized_pipeline/results/K562_0.01P_0.05FDR/test_eSet_notfiltered_K562.Rda
    jobid: 13
    wildcards: CWD=/Users/Mahmoud.Hallal/Desktop/PhD/Generalized_pipeline, new_file=K562_0.01P_0.05FDR, cline=K562

[Wed Nov 21 13:25:21 2018]
Finished job 13.
5 of 16 steps (31%) done

[Wed Nov 21 13:25:21 2018]
rule filter_eSet:
    input: /Users/Mahmoud.Hallal/Desktop/PhD/Generalized_pipeline/results/K562_0.01P_0.05FDR/test_eSet_notfiltered_K562.Rda, /Users/Mahmoud.Hallal/Desktop/PhD/Generalized_pipeline/Scripts/filter_eSet_sd.R
    output: /Users/Mahmoud.Hallal/Desktop/PhD/Generalized_pipeline/results/K562_0.01P_0.05FDR/test_eSet1_K562.Rda
    jobid: 10
    wildcards: CWD=/Users/Mahmoud.Hallal/Desktop/PhD/Generalized_pipeline, new_file=K562_0.01P_0.05FDR, cline=K562

[Wed Nov 21 13:25:31 2018]
Finished job 10.
6 of 16 steps (38%) done

[Wed Nov 21 13:25:31 2018]
rule Reproducibility:
    input: /Users/Mahmoud.Hallal/Desktop/PhD/Generalized_pipeline/results/K562_0.01P_0.05FDR/test_eSet1_K562.Rda, /Users/Mahmoud.Hallal/Desktop/PhD/Generalized_pipeline/results/K562_0.01P_0.05FDR/batches_all_data_K562.Rda, /Users/Mahmoud.Hallal/Desktop/PhD/Generalized_pipeline/results/K562_0.01P_0.05FDR/batches_all_phospho_data_K562.Rda, /Users/Mahmoud.Hallal/Desktop/PhD/Generalized_pipeline/Scripts/STY_reproducibility.R
    output: /Users/Mahmoud.Hallal/Desktop/PhD/Generalized_pipeline/results/K562_0.01P_0.05FDR/Phos_proteins_K562_CTRL_venn_diagram.pdf, /Users/Mahmoud.Hallal/Desktop/PhD/Generalized_pipeline/results/K562_0.01P_0.05FDR/Phos_proteins_K562_DRG_venn_diagram.pdf
    jobid: 5
    wildcards: CWD=/Users/Mahmoud.Hallal/Desktop/PhD/Generalized_pipeline, new_file=K562_0.01P_0.05FDR, cline=K562

[Wed Nov 21 13:25:56 2018]
Finished job 5.
7 of 16 steps (44%) done

[Wed Nov 21 13:25:56 2018]
rule setRank_collection_create:
    input: /Users/Mahmoud.Hallal/Desktop/PhD/Generalized_pipeline/results/K562_0.01P_0.05FDR/test_eSet1_K562.Rda, /Users/Mahmoud.Hallal/Desktop/PhD/Generalized_pipeline/results/K562_0.01P_0.05FDR/all_dbs.csv, /Users/Mahmoud.Hallal/Desktop/PhD/Generalized_pipeline/Scripts/collection_create.R
    output: /Users/Mahmoud.Hallal/Desktop/PhD/Generalized_pipeline/results/K562_0.01P_0.05FDR/collection_K562.Rda
    jobid: 6
    wildcards: CWD=/Users/Mahmoud.Hallal/Desktop/PhD/Generalized_pipeline, new_file=K562_0.01P_0.05FDR, cline=K562

Waiting at most 5 seconds for missing files.
MissingOutputException in line 174 of /Users/Mahmoud.Hallal/Desktop/PhD/Generalized_pipeline/snakemake/Snakefile:
Missing files after 5 seconds:
/Users/Mahmoud.Hallal/Desktop/PhD/Generalized_pipeline/results/K562_0.01P_0.05FDR/collection_K562.Rda
This might be due to filesystem latency. If that is the case, consider to increase the wait time with --latency-wait.
Shutting down, this might take some time.
Exiting because a job execution failed. Look above for error message
Complete log: /Users/Mahmoud.Hallal/Desktop/PhD/Generalized_pipeline/snakemake/.snakemake/log/2018-11-21T132250.939311.snakemake.log
