Building DAG of jobs...
Using shell: /bin/bash
Provided cores: 1
Rules claiming more threads will be scaled down.
Job counts:
	count	jobs
	1	all
	2	create_STY_eSet
	2	filter_eSet
	2	load_prepare_STY_files
	3	volcano_plot
	10

[Tue Dec  4 12:09:59 2018]
rule load_prepare_STY_files:
    input: /Users/Mahmoud.Hallal/Desktop/PhD/Generalized_pipeline/Fribourg_data_pipeline.txt, /Users/Mahmoud.Hallal/Desktop/PhD/Generalized_pipeline/Scripts/cell_lines_analysis_STYfiles_INC1_INC2_sd.R
    output: /Users/Mahmoud.Hallal/Desktop/PhD/Generalized_pipeline/results/U2OS_0.01P_0.05FDR/eSet_data_test1_U2OS_U2OS_RapConA.csv, /Users/Mahmoud.Hallal/Desktop/PhD/Generalized_pipeline/results/U2OS_0.01P_0.05FDR/batches_all_data_U2OS_U2OS_RapConA.Rda, /Users/Mahmoud.Hallal/Desktop/PhD/Generalized_pipeline/results/U2OS_0.01P_0.05FDR/batches_all_phospho_data_U2OS_U2OS_RapConA.Rda
    jobid: 19
    wildcards: CWD=/Users/Mahmoud.Hallal/Desktop/PhD/Generalized_pipeline, new_file=U2OS_0.01P_0.05FDR, cline=U2OS_U2OS_RapConA

Terminating processes on user request, this might take some time.
[Tue Dec  4 12:10:02 2018]
Error in rule load_prepare_STY_files:
    jobid: 19
    output: /Users/Mahmoud.Hallal/Desktop/PhD/Generalized_pipeline/results/U2OS_0.01P_0.05FDR/eSet_data_test1_U2OS_U2OS_RapConA.csv, /Users/Mahmoud.Hallal/Desktop/PhD/Generalized_pipeline/results/U2OS_0.01P_0.05FDR/batches_all_data_U2OS_U2OS_RapConA.Rda, /Users/Mahmoud.Hallal/Desktop/PhD/Generalized_pipeline/results/U2OS_0.01P_0.05FDR/batches_all_phospho_data_U2OS_U2OS_RapConA.Rda

RuleException:
CalledProcessError in line 72 of /Users/Mahmoud.Hallal/Desktop/PhD/Generalized_pipeline/snakemake/Snakefile:
Command ' set -euo pipefail;   Rscript /Users/Mahmoud.Hallal/Desktop/PhD/Generalized_pipeline/Scripts/cell_lines_analysis_STYfiles_INC1_INC2_sd.R ' returned non-zero exit status 1.
  File "/Users/Mahmoud.Hallal/Desktop/PhD/Generalized_pipeline/snakemake/Snakefile", line 72, in __rule_load_prepare_STY_files
  File "/Users/Mahmoud.Hallal/miniconda3/envs/snakemake_General/lib/python3.6/concurrent/futures/thread.py", line 56, in run
Complete log: /Users/Mahmoud.Hallal/Desktop/PhD/Generalized_pipeline/snakemake/.snakemake/log/2018-12-04T120958.806501.snakemake.log
