Building DAG of jobs...
Using shell: /bin/bash
Provided cores: 1
Rules claiming more threads will be scaled down.
Job counts:
	count	jobs
	2	Reproducibility
	1	STY_plotting
	1	SetRank_analysis
	1	all
	1	create_STY_eSet
	1	filter_eSet
	1	heatmap
	1	load_prepare_STY_files
	1	pca
	1	prepare_shiny_inputs
	1	setRank_collection_create
	1	topTables
	2	volcano_plot
	1	waterfall
	16

[Thu Dec  6 19:22:09 2018]
rule load_prepare_STY_files:
    input: /Users/Mahmoud.Hallal/Desktop/PhD/External_datasets/External_data_pipeline.txt, /Users/Mahmoud.Hallal/Desktop/PhD/Generalized_pipeline/Scripts/cell_lines_analysis_STYfiles_INC1_INC2_sd.R
    output: /Users/Mahmoud.Hallal/Desktop/PhD/Generalized_pipeline/results/A204_0.01P_0.01FDR/eSet_data_test1_A204.csv, /Users/Mahmoud.Hallal/Desktop/PhD/Generalized_pipeline/results/A204_0.01P_0.01FDR/batches_all_data_A204.Rda, /Users/Mahmoud.Hallal/Desktop/PhD/Generalized_pipeline/results/A204_0.01P_0.01FDR/batches_all_phospho_data_A204.Rda
    jobid: 6
    wildcards: CWD=/Users/Mahmoud.Hallal/Desktop/PhD/Generalized_pipeline, new_file=A204_0.01P_0.01FDR, cline=A204

[Thu Dec  6 19:22:16 2018]
Finished job 6.
1 of 16 steps (6%) done

[Thu Dec  6 19:22:16 2018]
rule STY_plotting:
    input: /Users/Mahmoud.Hallal/Desktop/PhD/Generalized_pipeline/results/A204_0.01P_0.01FDR/batches_all_data_A204.Rda, /Users/Mahmoud.Hallal/Desktop/PhD/Generalized_pipeline/results/A204_0.01P_0.01FDR/batches_all_phospho_data_A204.Rda, /Users/Mahmoud.Hallal/Desktop/PhD/Generalized_pipeline/Scripts/plotting_STY.R
    output: /Users/Mahmoud.Hallal/Desktop/PhD/Generalized_pipeline/results/A204_0.01P_0.01FDR/Phos_prots_with_position_histogram_A204.pdf, /Users/Mahmoud.Hallal/Desktop/PhD/Generalized_pipeline/results/A204_0.01P_0.01FDR/Phos_prots_histogram_A204.pdf, /Users/Mahmoud.Hallal/Desktop/PhD/Generalized_pipeline/results/A204_0.01P_0.01FDR/Phos_peptides_venn_diagram_A204.pdf, /Users/Mahmoud.Hallal/Desktop/PhD/Generalized_pipeline/results/A204_0.01P_0.01FDR/Phos_prots_with_position_venn_diagram_A204.pdf, /Users/Mahmoud.Hallal/Desktop/PhD/Generalized_pipeline/results/A204_0.01P_0.01FDR/table_counts_all_A204.csv
    jobid: 5
    wildcards: CWD=/Users/Mahmoud.Hallal/Desktop/PhD/Generalized_pipeline, new_file=A204_0.01P_0.01FDR, cline=A204

[Thu Dec  6 19:22:27 2018]
Finished job 5.
2 of 16 steps (12%) done

[Thu Dec  6 19:22:27 2018]
rule create_STY_eSet:
    input: /Users/Mahmoud.Hallal/Desktop/PhD/Generalized_pipeline/results/A204_0.01P_0.01FDR/eSet_data_test1_A204.csv, /Users/Mahmoud.Hallal/Desktop/PhD/Generalized_pipeline/Scripts/create_eSet_sd.R
    output: /Users/Mahmoud.Hallal/Desktop/PhD/Generalized_pipeline/results/A204_0.01P_0.01FDR/test_eSet_notfiltered_A204.Rda
    jobid: 8
    wildcards: CWD=/Users/Mahmoud.Hallal/Desktop/PhD/Generalized_pipeline, new_file=A204_0.01P_0.01FDR, cline=A204

[Thu Dec  6 19:22:42 2018]
Finished job 8.
3 of 16 steps (19%) done

[Thu Dec  6 19:22:42 2018]
rule filter_eSet:
    input: /Users/Mahmoud.Hallal/Desktop/PhD/Generalized_pipeline/results/A204_0.01P_0.01FDR/test_eSet_notfiltered_A204.Rda, /Users/Mahmoud.Hallal/Desktop/PhD/Generalized_pipeline/Scripts/filter_eSet_sd.R
    output: /Users/Mahmoud.Hallal/Desktop/PhD/Generalized_pipeline/results/A204_0.01P_0.01FDR/test_eSet1_A204.Rda
    jobid: 10
    wildcards: CWD=/Users/Mahmoud.Hallal/Desktop/PhD/Generalized_pipeline, new_file=A204_0.01P_0.01FDR, cline=A204

[Thu Dec  6 19:22:55 2018]
Finished job 10.
4 of 16 steps (25%) done

[Thu Dec  6 19:22:55 2018]
rule Reproducibility:
    input: /Users/Mahmoud.Hallal/Desktop/PhD/Generalized_pipeline/results/A204_0.01P_0.01FDR/test_eSet1_A204.Rda, /Users/Mahmoud.Hallal/Desktop/PhD/Generalized_pipeline/results/A204_0.01P_0.01FDR/batches_all_data_A204.Rda, /Users/Mahmoud.Hallal/Desktop/PhD/Generalized_pipeline/results/A204_0.01P_0.01FDR/batches_all_phospho_data_A204.Rda, /Users/Mahmoud.Hallal/Desktop/PhD/Generalized_pipeline/Scripts/STY_reproducibility.R
    output: /Users/Mahmoud.Hallal/Desktop/PhD/Generalized_pipeline/results/A204_0.01P_0.01FDR/Phos_proteins_A204_venn_diagram_A204_PazR_Par.pdf
    jobid: 1
    wildcards: CWD=/Users/Mahmoud.Hallal/Desktop/PhD/Generalized_pipeline, new_file=A204_0.01P_0.01FDR, cline=A204, COND=A204_PazR_Par

[Thu Dec  6 19:23:17 2018]
Finished job 1.
5 of 16 steps (31%) done

[Thu Dec  6 19:23:17 2018]
rule Reproducibility:
    input: /Users/Mahmoud.Hallal/Desktop/PhD/Generalized_pipeline/results/A204_0.01P_0.01FDR/test_eSet1_A204.Rda, /Users/Mahmoud.Hallal/Desktop/PhD/Generalized_pipeline/results/A204_0.01P_0.01FDR/batches_all_data_A204.Rda, /Users/Mahmoud.Hallal/Desktop/PhD/Generalized_pipeline/results/A204_0.01P_0.01FDR/batches_all_phospho_data_A204.Rda, /Users/Mahmoud.Hallal/Desktop/PhD/Generalized_pipeline/Scripts/STY_reproducibility.R
    output: /Users/Mahmoud.Hallal/Desktop/PhD/Generalized_pipeline/results/A204_0.01P_0.01FDR/Phos_proteins_A204_venn_diagram_A204_DasR_Par.pdf
    jobid: 11
    wildcards: CWD=/Users/Mahmoud.Hallal/Desktop/PhD/Generalized_pipeline, new_file=A204_0.01P_0.01FDR, cline=A204, COND=A204_DasR_Par

Warning: the following output files of rule Reproducibility were not present when the DAG was created:
{'/Users/Mahmoud.Hallal/Desktop/PhD/Generalized_pipeline/results/A204_0.01P_0.01FDR/Phos_proteins_A204_venn_diagram_A204_DasR_Par.pdf'}
[Thu Dec  6 19:23:42 2018]
Finished job 11.
6 of 16 steps (38%) done

[Thu Dec  6 19:23:42 2018]
rule setRank_collection_create:
    input: /Users/Mahmoud.Hallal/Desktop/PhD/Generalized_pipeline/results/A204_0.01P_0.01FDR/test_eSet1_A204.Rda, /Users/Mahmoud.Hallal/Desktop/PhD/Generalized_pipeline/results/A204_0.01P_0.01FDR/all_dbs.csv, /Users/Mahmoud.Hallal/Desktop/PhD/Generalized_pipeline/Scripts/collection_create.R
    output: /Users/Mahmoud.Hallal/Desktop/PhD/Generalized_pipeline/results/A204_0.01P_0.01FDR/collection_A204.Rda
    jobid: 2
    wildcards: CWD=/Users/Mahmoud.Hallal/Desktop/PhD/Generalized_pipeline, new_file=A204_0.01P_0.01FDR, cline=A204

[Thu Dec  6 19:29:40 2018]
Finished job 2.
7 of 16 steps (44%) done

[Thu Dec  6 19:29:40 2018]
rule topTables:
    input: /Users/Mahmoud.Hallal/Desktop/PhD/Generalized_pipeline/results/A204_0.01P_0.01FDR/test_eSet1_A204.Rda, /Users/Mahmoud.Hallal/Desktop/PhD/Generalized_pipeline/Scripts/top_tables.R
    output: /Users/Mahmoud.Hallal/Desktop/PhD/Generalized_pipeline/results/A204_0.01P_0.01FDR/topTables_A204_less.Rda
    jobid: 14
    wildcards: CWD=/Users/Mahmoud.Hallal/Desktop/PhD/Generalized_pipeline, new_file=A204_0.01P_0.01FDR, cline=A204

[Thu Dec  6 19:30:04 2018]
Finished job 14.
8 of 16 steps (50%) done

[Thu Dec  6 19:30:04 2018]
rule SetRank_analysis:
    input: /Users/Mahmoud.Hallal/Desktop/PhD/Generalized_pipeline/results/A204_0.01P_0.01FDR/collection_A204.Rda, /Users/Mahmoud.Hallal/Desktop/PhD/Generalized_pipeline/results/A204_0.01P_0.01FDR/topTables_A204_less.Rda, /Users/Mahmoud.Hallal/Desktop/PhD/Generalized_pipeline/Scripts/setRank_analysis.R
    output: /Users/Mahmoud.Hallal/Desktop/PhD/Generalized_pipeline/results/A204_0.01P_0.01FDR/output_networks_with_positions_0.01FDR_0.01P_A204_less/A204_DasR_Par_pathways.txt, /Users/Mahmoud.Hallal/Desktop/PhD/Generalized_pipeline/results/A204_0.01P_0.01FDR/output_networks_with_positions_0.01FDR_0.01P_A204_less/A204_PazR_Par_pathways.txt, /Users/Mahmoud.Hallal/Desktop/PhD/Generalized_pipeline/results/A204_0.01P_0.01FDR/output_networks_with_positions_0.01FDR_0.01P_A204_less/pathways.txt
    jobid: 3
    wildcards: CWD=/Users/Mahmoud.Hallal/Desktop/PhD/Generalized_pipeline, new_file=A204_0.01P_0.01FDR, fdr=0.01, pv=0.01, cline=A204

[Thu Dec  6 19:30:19 2018]
Finished job 3.
9 of 16 steps (56%) done

[Thu Dec  6 19:30:19 2018]
rule volcano_plot:
    input: /Users/Mahmoud.Hallal/Desktop/PhD/Generalized_pipeline/results/A204_0.01P_0.01FDR/test_eSet1_A204.Rda, /Users/Mahmoud.Hallal/Desktop/PhD/Generalized_pipeline/Scripts/volcano_plots.R
    output: /Users/Mahmoud.Hallal/Desktop/PhD/Generalized_pipeline/results/A204_0.01P_0.01FDR/Volcano_plot_A204_x_A204_PazR_Par.pdf
    jobid: 4
    wildcards: CWD=/Users/Mahmoud.Hallal/Desktop/PhD/Generalized_pipeline, new_file=A204_0.01P_0.01FDR, cline=A204, cond=A204_PazR_Par

[Thu Dec  6 19:30:29 2018]
Finished job 4.
10 of 16 steps (62%) done

[Thu Dec  6 19:30:29 2018]
rule volcano_plot:
    input: /Users/Mahmoud.Hallal/Desktop/PhD/Generalized_pipeline/results/A204_0.01P_0.01FDR/test_eSet1_A204.Rda, /Users/Mahmoud.Hallal/Desktop/PhD/Generalized_pipeline/Scripts/volcano_plots.R
    output: /Users/Mahmoud.Hallal/Desktop/PhD/Generalized_pipeline/results/A204_0.01P_0.01FDR/Volcano_plot_A204_x_A204_DasR_Par.pdf
    jobid: 7
    wildcards: CWD=/Users/Mahmoud.Hallal/Desktop/PhD/Generalized_pipeline, new_file=A204_0.01P_0.01FDR, cline=A204, cond=A204_DasR_Par

Warning: the following output files of rule volcano_plot were not present when the DAG was created:
{'/Users/Mahmoud.Hallal/Desktop/PhD/Generalized_pipeline/results/A204_0.01P_0.01FDR/Volcano_plot_A204_x_A204_DasR_Par.pdf'}
[Thu Dec  6 19:30:38 2018]
Finished job 7.
11 of 16 steps (69%) done

[Thu Dec  6 19:30:38 2018]
rule pca:
    input: /Users/Mahmoud.Hallal/Desktop/PhD/Generalized_pipeline/results/A204_0.01P_0.01FDR/test_eSet1_A204.Rda, /Users/Mahmoud.Hallal/Desktop/PhD/Generalized_pipeline/Scripts/pca.R
    output: /Users/Mahmoud.Hallal/Desktop/PhD/Generalized_pipeline/results/A204_0.01P_0.01FDR/PCA_plot_filtered_A204.pdf
    jobid: 12
    wildcards: CWD=/Users/Mahmoud.Hallal/Desktop/PhD/Generalized_pipeline, new_file=A204_0.01P_0.01FDR, cline=A204

[Thu Dec  6 19:30:42 2018]
Finished job 12.
12 of 16 steps (75%) done

[Thu Dec  6 19:30:42 2018]
rule waterfall:
    input: /Users/Mahmoud.Hallal/Desktop/PhD/Generalized_pipeline/results/A204_0.01P_0.01FDR/output_networks_with_positions_0.01FDR_0.01P_A204_less/pathways.txt, /Users/Mahmoud.Hallal/Desktop/PhD/Generalized_pipeline/Scripts/waterfall_create.R
    output: /Users/Mahmoud.Hallal/Desktop/PhD/Generalized_pipeline/results/A204_0.01P_0.01FDR/Material_for_waterfall_0.01FDR_0.01P_A204.Rda
    jobid: 16
    wildcards: CWD=/Users/Mahmoud.Hallal/Desktop/PhD/Generalized_pipeline, new_file=A204_0.01P_0.01FDR, fdr=0.01, pv=0.01, cline=A204

[Thu Dec  6 19:30:46 2018]
Finished job 16.
13 of 16 steps (81%) done

[Thu Dec  6 19:30:46 2018]
rule heatmap:
    input: /Users/Mahmoud.Hallal/Desktop/PhD/Generalized_pipeline/results/A204_0.01P_0.01FDR/output_networks_with_positions_0.01FDR_0.01P_A204_less/pathways.txt, /Users/Mahmoud.Hallal/Desktop/PhD/Generalized_pipeline/Scripts/pathway_create.R
    output: /Users/Mahmoud.Hallal/Desktop/PhD/Generalized_pipeline/results/A204_0.01P_0.01FDR/Material_for_heatmap_0.01FDR_0.01P_A204.csv
    jobid: 17
    wildcards: CWD=/Users/Mahmoud.Hallal/Desktop/PhD/Generalized_pipeline, new_file=A204_0.01P_0.01FDR, fdr=0.01, pv=0.01, cline=A204

[Thu Dec  6 19:30:47 2018]
Finished job 17.
14 of 16 steps (88%) done

[Thu Dec  6 19:30:47 2018]
rule prepare_shiny_inputs:
    input: /Users/Mahmoud.Hallal/Desktop/PhD/Generalized_pipeline/results/A204_0.01P_0.01FDR/Material_for_waterfall_0.01FDR_0.01P_A204.Rda, /Users/Mahmoud.Hallal/Desktop/PhD/Generalized_pipeline/results/A204_0.01P_0.01FDR/Material_for_heatmap_0.01FDR_0.01P_A204.csv, /Users/Mahmoud.Hallal/Desktop/PhD/Generalized_pipeline/Scripts/prepare_shiny_outputs.R
    output: /Users/Mahmoud.Hallal/Desktop/PhD/Generalized_pipeline/results/A204_0.01P_0.01FDR/results_shiny_A204_0.01P_0.01FDR.Rda
    jobid: 13
    wildcards: CWD=/Users/Mahmoud.Hallal/Desktop/PhD/Generalized_pipeline, new_file=A204_0.01P_0.01FDR, cline=A204, pv=0.01, fdr=0.01

[Thu Dec  6 19:32:31 2018]
Finished job 13.
15 of 16 steps (94%) done

[Thu Dec  6 19:32:31 2018]
localrule all:
    input: /Users/Mahmoud.Hallal/Desktop/PhD/Generalized_pipeline/results/A204_0.01P_0.01FDR/eSet_data_test1_A204.csv, /Users/Mahmoud.Hallal/Desktop/PhD/Generalized_pipeline/results/A204_0.01P_0.01FDR/batches_all_phospho_data_A204.Rda, /Users/Mahmoud.Hallal/Desktop/PhD/Generalized_pipeline/results/A204_0.01P_0.01FDR/test_eSet_notfiltered_A204.Rda, /Users/Mahmoud.Hallal/Desktop/PhD/Generalized_pipeline/results/A204_0.01P_0.01FDR/test_eSet1_A204.Rda, /Users/Mahmoud.Hallal/Desktop/PhD/Generalized_pipeline/results/A204_0.01P_0.01FDR/all_dbs.csv, /Users/Mahmoud.Hallal/Desktop/PhD/Generalized_pipeline/results/A204_0.01P_0.01FDR/PCA_plot_filtered_A204.pdf, /Users/Mahmoud.Hallal/Desktop/PhD/Generalized_pipeline/results/A204_0.01P_0.01FDR/Phos_prots_with_position_venn_diagram_A204.pdf, /Users/Mahmoud.Hallal/Desktop/PhD/Generalized_pipeline/results/A204_0.01P_0.01FDR/Phos_prots_histogram_A204.pdf, /Users/Mahmoud.Hallal/Desktop/PhD/Generalized_pipeline/results/A204_0.01P_0.01FDR/Phos_proteins_A204_venn_diagram_A204_DasR_Par.pdf, /Users/Mahmoud.Hallal/Desktop/PhD/Generalized_pipeline/results/A204_0.01P_0.01FDR/Phos_proteins_A204_venn_diagram_A204_PazR_Par.pdf, /Users/Mahmoud.Hallal/Desktop/PhD/Generalized_pipeline/results/A204_0.01P_0.01FDR/collection_A204.Rda, /Users/Mahmoud.Hallal/Desktop/PhD/Generalized_pipeline/results/A204_0.01P_0.01FDR/topTables_A204_less.Rda, /Users/Mahmoud.Hallal/Desktop/PhD/Generalized_pipeline/results/A204_0.01P_0.01FDR/output_networks_with_positions_0.01FDR_0.01P_A204_less/A204_DasR_Par_pathways.txt, /Users/Mahmoud.Hallal/Desktop/PhD/Generalized_pipeline/results/A204_0.01P_0.01FDR/output_networks_with_positions_0.01FDR_0.01P_A204_less/A204_PazR_Par_pathways.txt, /Users/Mahmoud.Hallal/Desktop/PhD/Generalized_pipeline/results/A204_0.01P_0.01FDR/output_networks_with_positions_0.01FDR_0.01P_A204_less/pathways.txt, /Users/Mahmoud.Hallal/Desktop/PhD/Generalized_pipeline/results/A204_0.01P_0.01FDR/results_shiny_A204_0.01P_0.01FDR.Rda, /Users/Mahmoud.Hallal/Desktop/PhD/Generalized_pipeline/results/A204_0.01P_0.01FDR/Volcano_plot_A204_x_A204_DasR_Par.pdf, /Users/Mahmoud.Hallal/Desktop/PhD/Generalized_pipeline/results/A204_0.01P_0.01FDR/Volcano_plot_A204_x_A204_PazR_Par.pdf
    jobid: 0

[Thu Dec  6 19:32:31 2018]
Finished job 0.
16 of 16 steps (100%) done
Complete log: /Users/Mahmoud.Hallal/Desktop/PhD/Generalized_pipeline/snakemake/.snakemake/log/2018-12-06T192208.953727.snakemake.log
