Building DAG of jobs...
Using shell: /bin/bash
Provided cores: 1
Rules claiming more threads will be scaled down.
Job counts:
	count	jobs
	1	STY_plotting
	1	SetRank_analysis
	1	all
	1	create_STY_eSet
	1	filter_eSet
	1	heatmap
	1	load_prepare_STY_files
	1	pca
	1	setRank_collection_create
	1	topTables
	1	volcano_plot
	11

[Fri Sep 28 10:50:56 2018]
rule load_prepare_STY_files:
    input: /Users/Mahmoud.Hallal/Desktop/PhD/cell_lines_data/Stimulated_data/Molm13_Midostaurin_09.2018/20180913_MOLM13_TiO2_MQres_MH/Phospho (STY)Sites.txt, /Users/Mahmoud.Hallal/Desktop/PhD/Stimulated_data_analysis/Molm13_Midostaurin_09.2018/cell_lines_analysis_STYfiles_INC1_INC2_sd.R
    output: /Users/Mahmoud.Hallal/Desktop/PhD/stimulated_data_analysis/Molm13_Midostaurin_09.2018_results/eSet_data_test1.csv, /Users/Mahmoud.Hallal/Desktop/PhD/stimulated_data_analysis/Molm13_Midostaurin_09.2018_results/batches_all_data.Rda, /Users/Mahmoud.Hallal/Desktop/PhD/stimulated_data_analysis/Molm13_Midostaurin_09.2018_results/batches_all_phospho_data.Rda
    jobid: 3

[Fri Sep 28 10:51:07 2018]
Finished job 3.
1 of 11 steps (9%) done

[Fri Sep 28 10:51:07 2018]
rule STY_plotting:
    input: /Users/Mahmoud.Hallal/Desktop/PhD/stimulated_data_analysis/Molm13_Midostaurin_09.2018_results/batches_all_data.Rda, /Users/Mahmoud.Hallal/Desktop/PhD/stimulated_data_analysis/Molm13_Midostaurin_09.2018_results/batches_all_phospho_data.Rda, /Users/Mahmoud.Hallal/Desktop/PhD/Stimulated_data_analysis/Molm13_Midostaurin_09.2018/plotting_STY.R
    output: /Users/Mahmoud.Hallal/Desktop/PhD/stimulated_data_analysis/Molm13_Midostaurin_09.2018_results/Phos_prots_with_position_histogram.pdf, /Users/Mahmoud.Hallal/Desktop/PhD/stimulated_data_analysis/Molm13_Midostaurin_09.2018_results/Phos_prots_histogram.pdf, /Users/Mahmoud.Hallal/Desktop/PhD/stimulated_data_analysis/Molm13_Midostaurin_09.2018_results/Phos_peptides_venn_diagram.pdf, /Users/Mahmoud.Hallal/Desktop/PhD/stimulated_data_analysis/Molm13_Midostaurin_09.2018_results/Phos_prots_with_position_venn_diagram.pdf, /Users/Mahmoud.Hallal/Desktop/PhD/stimulated_data_analysis/Molm13_Midostaurin_09.2018_results/table_counts_all.csv
    jobid: 5

[Fri Sep 28 10:51:15 2018]
Finished job 5.
2 of 11 steps (18%) done

[Fri Sep 28 10:51:15 2018]
rule create_STY_eSet:
    input: /Users/Mahmoud.Hallal/Desktop/PhD/stimulated_data_analysis/Molm13_Midostaurin_09.2018_results/eSet_data_test1.csv, /Users/Mahmoud.Hallal/Desktop/PhD/Stimulated_data_analysis/Molm13_Midostaurin_09.2018/create_eSet_sd.R
    output: /Users/Mahmoud.Hallal/Desktop/PhD/stimulated_data_analysis/Molm13_Midostaurin_09.2018_results/test_eSet_notfiltered.Rda
    jobid: 6

[Fri Sep 28 10:51:33 2018]
Finished job 6.
3 of 11 steps (27%) done

[Fri Sep 28 10:51:33 2018]
rule filter_eSet:
    input: /Users/Mahmoud.Hallal/Desktop/PhD/stimulated_data_analysis/Molm13_Midostaurin_09.2018_results/test_eSet_notfiltered.Rda, /Users/Mahmoud.Hallal/Desktop/PhD/Stimulated_data_analysis/Molm13_Midostaurin_09.2018/filter_eSet_sd.R
    output: /Users/Mahmoud.Hallal/Desktop/PhD/stimulated_data_analysis/Molm13_Midostaurin_09.2018_results/test_eSet1.Rda
    jobid: 2

[Fri Sep 28 10:51:42 2018]
Finished job 2.
4 of 11 steps (36%) done

[Fri Sep 28 10:51:42 2018]
rule setRank_collection_create:
    input: /Users/Mahmoud.Hallal/Desktop/PhD/stimulated_data_analysis/Molm13_Midostaurin_09.2018_results/test_eSet1.Rda, /Users/Mahmoud.Hallal/Desktop/PhD/stimulated_data_analysis/Molm13_Midostaurin_09.2018_results/all_dbs.csv, /Users/Mahmoud.Hallal/Desktop/PhD/Stimulated_data_analysis/Molm13_Midostaurin_09.2018/collection_create.R
    output: /Users/Mahmoud.Hallal/Desktop/PhD/stimulated_data_analysis/Molm13_Midostaurin_09.2018_results/collection500_filtered.Rda
    jobid: 4

[Fri Sep 28 10:57:51 2018]
Finished job 4.
5 of 11 steps (45%) done

[Fri Sep 28 10:57:51 2018]
rule topTables:
    input: /Users/Mahmoud.Hallal/Desktop/PhD/stimulated_data_analysis/Molm13_Midostaurin_09.2018_results/test_eSet1.Rda, /Users/Mahmoud.Hallal/Desktop/PhD/Stimulated_data_analysis/Molm13_Midostaurin_09.2018/top_tables.R
    output: /Users/Mahmoud.Hallal/Desktop/PhD/stimulated_data_analysis/Molm13_Midostaurin_09.2018_results/topTables_less.Rda
    jobid: 7

[Fri Sep 28 10:58:07 2018]
Finished job 7.
6 of 11 steps (55%) done

[Fri Sep 28 10:58:07 2018]
rule SetRank_analysis:
    input: /Users/Mahmoud.Hallal/Desktop/PhD/stimulated_data_analysis/Molm13_Midostaurin_09.2018_results/collection500_filtered.Rda, /Users/Mahmoud.Hallal/Desktop/PhD/stimulated_data_analysis/Molm13_Midostaurin_09.2018_results/topTables_less.Rda, /Users/Mahmoud.Hallal/Desktop/PhD/Stimulated_data_analysis/Molm13_Midostaurin_09.2018/snakemake/params/parameters.txt, /Users/Mahmoud.Hallal/Desktop/PhD/Stimulated_data_analysis/Molm13_Midostaurin_09.2018/setRank_analysis.R
    output: /Users/Mahmoud.Hallal/Desktop/PhD/stimulated_data_analysis/Molm13_Midostaurin_09.2018_results/output_networks_with_positions_0.05fdr_filtered_less/MOLM13_CTRL_pathways.txt, /Users/Mahmoud.Hallal/Desktop/PhD/stimulated_data_analysis/Molm13_Midostaurin_09.2018_results/output_networks_with_positions_0.05fdr_filtered_less/MOLM13_DRG_pathways.txt, /Users/Mahmoud.Hallal/Desktop/PhD/stimulated_data_analysis/Molm13_Midostaurin_09.2018_results/output_networks_with_positions_0.05fdr_filtered_less/pathways.txt
    jobid: 11

[Fri Sep 28 10:58:43 2018]
Finished job 11.
7 of 11 steps (64%) done

[Fri Sep 28 10:58:43 2018]
rule volcano_plot:
    input: /Users/Mahmoud.Hallal/Desktop/PhD/stimulated_data_analysis/Molm13_Midostaurin_09.2018_results/test_eSet1.Rda, /Users/Mahmoud.Hallal/Desktop/PhD/stimulated_data_analysis/Molm13_Midostaurin_09.2018/volcano_plots.R
    output: /Users/Mahmoud.Hallal/Desktop/PhD/stimulated_data_analysis/Molm13_Midostaurin_09.2018_results/Volcano_plot_MOLM13_CTRL.pdf, /Users/Mahmoud.Hallal/Desktop/PhD/stimulated_data_analysis/Molm13_Midostaurin_09.2018_results/Volcano_plot_MOLM13_DRG.pdf
    jobid: 1

[Fri Sep 28 10:58:52 2018]
Finished job 1.
8 of 11 steps (73%) done

[Fri Sep 28 10:58:52 2018]
rule pca:
    input: /Users/Mahmoud.Hallal/Desktop/PhD/stimulated_data_analysis/Molm13_Midostaurin_09.2018_results/test_eSet1.Rda, /Users/Mahmoud.Hallal/Desktop/PhD/Stimulated_data_analysis/Molm13_Midostaurin_09.2018/pca.R
    output: /Users/Mahmoud.Hallal/Desktop/PhD/stimulated_data_analysis/Molm13_Midostaurin_09.2018_results/PCA_plot_filtered.pdf
    jobid: 9

[Fri Sep 28 10:58:56 2018]
Finished job 9.
9 of 11 steps (82%) done

[Fri Sep 28 10:58:56 2018]
rule heatmap:
    input: /Users/Mahmoud.Hallal/Desktop/PhD/Stimulated_data_analysis/Molm13_Midostaurin_09.2018/snakemake/params/parameters.txt, /Users/Mahmoud.Hallal/Desktop/PhD/stimulated_data_analysis/Molm13_Midostaurin_09.2018_results/output_networks_with_positions_0.05fdr_filtered_less/pathways.txt, /Users/Mahmoud.Hallal/Desktop/PhD/Stimulated_data_analysis/Molm13_Midostaurin_09.2018/pathway_create.R
    output: /Users/Mahmoud.Hallal/Desktop/PhD/stimulated_data_analysis/Molm13_Midostaurin_09.2018_results/pathway_summary_all_phosprots_delete_True_0.05P_0.05fdr_filtered.pdf, /Users/Mahmoud.Hallal/Desktop/PhD/Stimulated_data_analysis/Molm13_Midostaurin_09.2018_results/dataframe_map_to_pathway.csv
    jobid: 8

[Fri Sep 28 10:58:59 2018]
Finished job 8.
10 of 11 steps (91%) done

[Fri Sep 28 10:58:59 2018]
localrule all:
    input: /Users/Mahmoud.Hallal/Desktop/PhD/stimulated_data_analysis/Molm13_Midostaurin_09.2018_results/eSet_data_test1.csv, /Users/Mahmoud.Hallal/Desktop/PhD/stimulated_data_analysis/Molm13_Midostaurin_09.2018_results/test_eSet_notfiltered.Rda, /Users/Mahmoud.Hallal/Desktop/PhD/stimulated_data_analysis/Molm13_Midostaurin_09.2018_results/test_eSet1.Rda, /Users/Mahmoud.Hallal/Desktop/PhD/stimulated_data_analysis/Molm13_Midostaurin_09.2018_results/collection500_filtered.Rda, /Users/Mahmoud.Hallal/Desktop/PhD/stimulated_data_analysis/Molm13_Midostaurin_09.2018_results/topTables_less.Rda, /Users/Mahmoud.Hallal/Desktop/PhD/stimulated_data_analysis/Molm13_Midostaurin_09.2018_results/pathway_summary_all_phosprots_delete_True_0.05P_0.05fdr_filtered.pdf, /Users/Mahmoud.Hallal/Desktop/PhD/stimulated_data_analysis/Molm13_Midostaurin_09.2018_results/PCA_plot_filtered.pdf, /Users/Mahmoud.Hallal/Desktop/PhD/stimulated_data_analysis/Molm13_Midostaurin_09.2018_results/Phos_prots_with_position_venn_diagram.pdf, /Users/Mahmoud.Hallal/Desktop/PhD/stimulated_data_analysis/Molm13_Midostaurin_09.2018_results/Phos_prots_histogram.pdf, /Users/Mahmoud.Hallal/Desktop/PhD/Stimulated_data_analysis/Molm13_Midostaurin_09.2018_results/dataframe_map_to_pathway.csv, /Users/Mahmoud.Hallal/Desktop/PhD/stimulated_data_analysis/Molm13_Midostaurin_09.2018_results/Volcano_plot_MOLM13_CTRL.pdf, /Users/Mahmoud.Hallal/Desktop/PhD/stimulated_data_analysis/Molm13_Midostaurin_09.2018_results/Volcano_plot_MOLM13_DRG.pdf
    jobid: 0

[Fri Sep 28 10:58:59 2018]
Finished job 0.
11 of 11 steps (100%) done
Complete log: /Users/Mahmoud.Hallal/Desktop/PhD/Stimulated_data_analysis/Molm13_Midostaurin_09.2018/snakemake/.snakemake/log/2018-09-28T105056.268419.snakemake.log
