Building DAG of jobs...
Using shell: /bin/bash
Provided cores: 1
Rules claiming more threads will be scaled down.
Job counts:
	count	jobs
	1	SetRank_analysis
	1	all
	1	heatmap
	1	pca
	1	prepare_shiny_inputs
	1	setRank_collection_create
	1	topTables
	2	volcano_plot
	1	waterfall
	10

[Thu Oct 25 15:37:36 2018]
rule setRank_collection_create:
    input: /Users/Mahmoud.Hallal/Desktop/PhD/Generalized_pipeline/results/test_eSet1.Rda, /Users/Mahmoud.Hallal/Desktop/PhD/Generalized_pipeline/results/all_dbs.csv, /Users/Mahmoud.Hallal/Desktop/PhD/Generalized_pipeline/collection_create.R
    output: /Users/Mahmoud.Hallal/Desktop/PhD/Generalized_pipeline/results/collection500_filtered.Rda
    jobid: 10
    wildcards: CWD=/Users/Mahmoud.Hallal/Desktop/PhD/Generalized_pipeline, MaxSetSize=500

[Thu Oct 25 15:46:17 2018]
Finished job 10.
1 of 10 steps (10%) done

[Thu Oct 25 15:46:17 2018]
rule topTables:
    input: /Users/Mahmoud.Hallal/Desktop/PhD/Generalized_pipeline/results/test_eSet1.Rda, /Users/Mahmoud.Hallal/Desktop/PhD/Generalized_pipeline/top_tables.R
    output: /Users/Mahmoud.Hallal/Desktop/PhD/Generalized_pipeline/results/topTables_less.Rda
    jobid: 4
    wildcards: CWD=/Users/Mahmoud.Hallal/Desktop/PhD/Generalized_pipeline

[Thu Oct 25 15:46:35 2018]
Finished job 4.
2 of 10 steps (20%) done

[Thu Oct 25 15:46:35 2018]
rule volcano_plot:
    input: /Users/Mahmoud.Hallal/Desktop/PhD/Generalized_pipeline/results/test_eSet1.Rda, /Users/Mahmoud.Hallal/Desktop/PhD/Generalized_pipeline/volcano_plots.R
    output: /Users/Mahmoud.Hallal/Desktop/PhD/Generalized_pipeline/results/Volcano_plot_K562_CTRL.pdf
    jobid: 1
    wildcards: CWD=/Users/Mahmoud.Hallal/Desktop/PhD/Generalized_pipeline, cls=K562_CTRL

[Thu Oct 25 15:46:44 2018]
Finished job 1.
3 of 10 steps (30%) done

[Thu Oct 25 15:46:45 2018]
rule volcano_plot:
    input: /Users/Mahmoud.Hallal/Desktop/PhD/Generalized_pipeline/results/test_eSet1.Rda, /Users/Mahmoud.Hallal/Desktop/PhD/Generalized_pipeline/volcano_plots.R
    output: /Users/Mahmoud.Hallal/Desktop/PhD/Generalized_pipeline/results/Volcano_plot_K562_DRG.pdf
    jobid: 8
    wildcards: CWD=/Users/Mahmoud.Hallal/Desktop/PhD/Generalized_pipeline, cls=K562_DRG

[Thu Oct 25 15:46:54 2018]
Finished job 8.
4 of 10 steps (40%) done

[Thu Oct 25 15:46:54 2018]
rule pca:
    input: /Users/Mahmoud.Hallal/Desktop/PhD/Generalized_pipeline/results/test_eSet1.Rda, /Users/Mahmoud.Hallal/Desktop/PhD/Generalized_pipeline/pca.R
    output: /Users/Mahmoud.Hallal/Desktop/PhD/Generalized_pipeline/results/PCA_plot_filtered.pdf
    jobid: 12
    wildcards: CWD=/Users/Mahmoud.Hallal/Desktop/PhD/Generalized_pipeline

[Thu Oct 25 15:46:58 2018]
Finished job 12.
5 of 10 steps (50%) done

[Thu Oct 25 15:46:58 2018]
rule SetRank_analysis:
    input: /Users/Mahmoud.Hallal/Desktop/PhD/Generalized_pipeline/results/topTables_less.Rda, /Users/Mahmoud.Hallal/Desktop/PhD/Generalized_pipeline/setRank_analysis.R
    output: /Users/Mahmoud.Hallal/Desktop/PhD/Generalized_pipeline/results/output_networks_with_positions_0.05fdr_0.05P_filtered_less/K562_CTRL_pathways.txt, /Users/Mahmoud.Hallal/Desktop/PhD/Generalized_pipeline/results/output_networks_with_positions_0.05fdr_0.05P_filtered_less/K562_DRG_pathways.txt, /Users/Mahmoud.Hallal/Desktop/PhD/Generalized_pipeline/results/output_networks_with_positions_0.05fdr_0.05P_filtered_less/pathways.txt
    jobid: 5
    wildcards: CWD=/Users/Mahmoud.Hallal/Desktop/PhD/Generalized_pipeline, fdr=0.05, pv=0.05

[Thu Oct 25 15:47:32 2018]
Finished job 5.
6 of 10 steps (60%) done

[Thu Oct 25 15:47:32 2018]
rule heatmap:
    input: /Users/Mahmoud.Hallal/Desktop/PhD/Generalized_pipeline/results/output_networks_with_positions_0.05fdr_0.05P_filtered_less/pathways.txt, /Users/Mahmoud.Hallal/Desktop/PhD/Generalized_pipeline/pathway_create.R
    output: /Users/Mahmoud.Hallal/Desktop/PhD/Generalized_pipeline/results/Material_for_heatmap_0.05FDR_0.05P.csv
    jobid: 14
    wildcards: CWD=/Users/Mahmoud.Hallal/Desktop/PhD/Generalized_pipeline, fdr=0.05, pv=0.05

[Thu Oct 25 15:47:33 2018]
Error in rule heatmap:
    jobid: 14
    output: /Users/Mahmoud.Hallal/Desktop/PhD/Generalized_pipeline/results/Material_for_heatmap_0.05FDR_0.05P.csv

RuleException:
CalledProcessError in line 219 of /Users/Mahmoud.Hallal/Desktop/PhD/Generalized_pipeline/snakemake/Snakefile:
Command ' set -euo pipefail;   Rscript /Users/Mahmoud.Hallal/Desktop/PhD/Generalized_pipeline/pathway_create.R ' returned non-zero exit status 1.
  File "/Users/Mahmoud.Hallal/Desktop/PhD/Generalized_pipeline/snakemake/Snakefile", line 219, in __rule_heatmap
  File "/Users/Mahmoud.Hallal/miniconda3/envs/snakemake_General/lib/python3.6/concurrent/futures/thread.py", line 56, in run
Shutting down, this might take some time.
Exiting because a job execution failed. Look above for error message
Complete log: /Users/Mahmoud.Hallal/Desktop/PhD/Generalized_pipeline/snakemake/.snakemake/log/2018-10-25T153736.579769.snakemake.log
