Building DAG of jobs...
Using shell: /bin/bash
Provided cores: 1
Rules claiming more threads will be scaled down.
Job counts:
	count	jobs
	1	SetRank_analysis
	1	all
	1	create_kinase_substrate_5_dbs
	1	create_kinase_substrate_dbs
	1	heatmap
	1	prepare_shiny_inputs
	1	setRank_collection_create
	1	waterfall
	8

[Tue Dec 11 14:44:31 2018]
rule create_kinase_substrate_5_dbs:
    input: /Users/Mahmoud.Hallal/Desktop/PhD/Phospho_database/phosphoELM_db/phosphoELM_vertebrate_2015-04.dump, /Users/Mahmoud.Hallal/Desktop/PhD/Phospho_database/phosphoSitePlus/Kinase_Substrate_Dataset, /Users/Mahmoud.Hallal/Desktop/PhD/Phospho_database/PhosphoNetworks/refKSI.csv, /Users/Mahmoud.Hallal/Desktop/PhD/Phospho_database/HPRD/FLAT_FILES_072010/POST_TRANSLATIONAL_MODIFICATIONS.txt, /Users/Mahmoud.Hallal/Desktop/PhD/Phospho_database/MINT/MINT_MiTab.txt, /Users/Mahmoud.Hallal/Desktop/PhD/Phospho_database/RegPhos/RegPhos_Phos_human.txt, /Users/Mahmoud.Hallal/Desktop/PhD/Phospho_database/SIGNOR/human_phosphorylations_09_05_17.csv, /Users/Mahmoud.Hallal/Desktop/PhD/Generalized_pipeline/Scripts/phospho_dbs_v2.R
    output: /Users/Mahmoud.Hallal/Desktop/PhD/Generalized_pipeline/results/CML_0.01P_0.05FDR/all_dbs1.csv
    jobid: 15
    wildcards: CWD=/Users/Mahmoud.Hallal/Desktop/PhD/Generalized_pipeline, new_file=CML_0.01P_0.05FDR

[Tue Dec 11 14:46:06 2018]
Finished job 15.
1 of 8 steps (12%) done

[Tue Dec 11 14:46:06 2018]
rule create_kinase_substrate_dbs:
    input: /Users/Mahmoud.Hallal/Desktop/PhD/Motif_analysis/all_dbs.csv, /Users/Mahmoud.Hallal/Desktop/PhD/Generalized_pipeline/results/CML_0.01P_0.05FDR/all_dbs1.csv, /Users/Mahmoud.Hallal/Desktop/PhD/Generalized_pipeline/Scripts/phospho_dbs_with_motif.R, /Users/Mahmoud.Hallal/Desktop/PhD/Generalized_pipeline/Scripts/phospho_dbs_without_motif.R
    output: /Users/Mahmoud.Hallal/Desktop/PhD/Generalized_pipeline/results/CML_0.01P_0.05FDR/all_dbs.csv
    jobid: 12
    wildcards: CWD=/Users/Mahmoud.Hallal/Desktop/PhD/Generalized_pipeline, new_file=CML_0.01P_0.05FDR

[Tue Dec 11 14:46:10 2018]
Finished job 12.
2 of 8 steps (25%) done

[Tue Dec 11 14:46:10 2018]
rule setRank_collection_create:
    input: /Users/Mahmoud.Hallal/Desktop/PhD/Generalized_pipeline/results/CML_0.01P_0.05FDR/test_eSet1_CML.Rda, /Users/Mahmoud.Hallal/Desktop/PhD/Generalized_pipeline/results/CML_0.01P_0.05FDR/all_dbs.csv, /Users/Mahmoud.Hallal/Desktop/PhD/Generalized_pipeline/Scripts/collection_create.R
    output: /Users/Mahmoud.Hallal/Desktop/PhD/Generalized_pipeline/results/CML_0.01P_0.05FDR/collection_CML.Rda
    jobid: 10
    wildcards: CWD=/Users/Mahmoud.Hallal/Desktop/PhD/Generalized_pipeline, new_file=CML_0.01P_0.05FDR, cline=CML

[Tue Dec 11 14:51:50 2018]
Finished job 10.
3 of 8 steps (38%) done

[Tue Dec 11 14:51:50 2018]
rule SetRank_analysis:
    input: /Users/Mahmoud.Hallal/Desktop/PhD/Generalized_pipeline/results/CML_0.01P_0.05FDR/collection_CML.Rda, /Users/Mahmoud.Hallal/Desktop/PhD/Generalized_pipeline/results/CML_0.01P_0.05FDR/topTables_CML_less.Rda, /Users/Mahmoud.Hallal/Desktop/PhD/Generalized_pipeline/Scripts/setRank_analysis.R
    output: /Users/Mahmoud.Hallal/Desktop/PhD/Generalized_pipeline/results/CML_0.01P_0.05FDR/output_networks_with_positions_0.05FDR_0.01P_CML_less/CML_BE00097_fup_pathways.txt, /Users/Mahmoud.Hallal/Desktop/PhD/Generalized_pipeline/results/CML_0.01P_0.05FDR/output_networks_with_positions_0.05FDR_0.01P_CML_less/CML_BE00283_pathways.txt, /Users/Mahmoud.Hallal/Desktop/PhD/Generalized_pipeline/results/CML_0.01P_0.05FDR/output_networks_with_positions_0.05FDR_0.01P_CML_less/pathways.txt
    jobid: 1
    wildcards: CWD=/Users/Mahmoud.Hallal/Desktop/PhD/Generalized_pipeline, new_file=CML_0.01P_0.05FDR, fdr=0.05, pv=0.01, cline=CML

[Tue Dec 11 14:52:10 2018]
Finished job 1.
4 of 8 steps (50%) done

[Tue Dec 11 14:52:10 2018]
rule waterfall:
    input: /Users/Mahmoud.Hallal/Desktop/PhD/Generalized_pipeline/results/CML_0.01P_0.05FDR/output_networks_with_positions_0.05FDR_0.01P_CML_less/pathways.txt, /Users/Mahmoud.Hallal/Desktop/PhD/Generalized_pipeline/Scripts/waterfall_create.R
    output: /Users/Mahmoud.Hallal/Desktop/PhD/Generalized_pipeline/results/CML_0.01P_0.05FDR/Material_for_waterfall_0.05FDR_0.01P_CML.Rda
    jobid: 14
    wildcards: CWD=/Users/Mahmoud.Hallal/Desktop/PhD/Generalized_pipeline, new_file=CML_0.01P_0.05FDR, fdr=0.05, pv=0.01, cline=CML

[Tue Dec 11 14:52:14 2018]
Finished job 14.
5 of 8 steps (62%) done

[Tue Dec 11 14:52:14 2018]
rule heatmap:
    input: /Users/Mahmoud.Hallal/Desktop/PhD/Generalized_pipeline/results/CML_0.01P_0.05FDR/output_networks_with_positions_0.05FDR_0.01P_CML_less/pathways.txt, /Users/Mahmoud.Hallal/Desktop/PhD/Generalized_pipeline/Scripts/pathway_create.R
    output: /Users/Mahmoud.Hallal/Desktop/PhD/Generalized_pipeline/results/CML_0.01P_0.05FDR/Material_for_heatmap_0.05FDR_0.01P_CML.csv
    jobid: 13
    wildcards: CWD=/Users/Mahmoud.Hallal/Desktop/PhD/Generalized_pipeline, new_file=CML_0.01P_0.05FDR, fdr=0.05, pv=0.01, cline=CML

[Tue Dec 11 14:52:15 2018]
Finished job 13.
6 of 8 steps (75%) done

[Tue Dec 11 14:52:15 2018]
rule prepare_shiny_inputs:
    input: /Users/Mahmoud.Hallal/Desktop/PhD/Generalized_pipeline/results/CML_0.01P_0.05FDR/Material_for_waterfall_0.05FDR_0.01P_CML.Rda, /Users/Mahmoud.Hallal/Desktop/PhD/Generalized_pipeline/results/CML_0.01P_0.05FDR/Material_for_heatmap_0.05FDR_0.01P_CML.csv, /Users/Mahmoud.Hallal/Desktop/PhD/Generalized_pipeline/Scripts/prepare_shiny_outputs.R
    output: /Users/Mahmoud.Hallal/Desktop/PhD/Generalized_pipeline/results/CML_0.01P_0.05FDR/results_shiny_CML_0.01P_0.05FDR.Rda
    jobid: 11
    wildcards: CWD=/Users/Mahmoud.Hallal/Desktop/PhD/Generalized_pipeline, new_file=CML_0.01P_0.05FDR, cline=CML, pv=0.01, fdr=0.05

[Tue Dec 11 14:54:22 2018]
Error in rule prepare_shiny_inputs:
    jobid: 11
    output: /Users/Mahmoud.Hallal/Desktop/PhD/Generalized_pipeline/results/CML_0.01P_0.05FDR/results_shiny_CML_0.01P_0.05FDR.Rda

RuleException:
CalledProcessError in line 248 of /Users/Mahmoud.Hallal/Desktop/PhD/Generalized_pipeline/snakemake/Snakefile:
Command ' set -euo pipefail;   Rscript /Users/Mahmoud.Hallal/Desktop/PhD/Generalized_pipeline/Scripts/prepare_shiny_outputs.R ' returned non-zero exit status 1.
  File "/Users/Mahmoud.Hallal/Desktop/PhD/Generalized_pipeline/snakemake/Snakefile", line 248, in __rule_prepare_shiny_inputs
  File "/Users/Mahmoud.Hallal/miniconda3/envs/snakemake_General/lib/python3.6/concurrent/futures/thread.py", line 56, in run
Shutting down, this might take some time.
Exiting because a job execution failed. Look above for error message
Complete log: /Users/Mahmoud.Hallal/Desktop/PhD/Generalized_pipeline/snakemake/.snakemake/log/2018-12-11T144430.522186.snakemake.log
