Building DAG of jobs...
Using shell: /bin/bash
Provided cores: 1
Rules claiming more threads will be scaled down.
Job counts:
	count	jobs
	1	Reproducibility
	1	SetRank_analysis
	1	all
	1	filter_eSet
	1	heatmap
	1	pca
	1	prepare_shiny_inputs
	1	setRank_collection_create
	1	topTables
	1	volcano_plot
	1	waterfall
	11

[Mon Dec 10 15:38:35 2018]
rule filter_eSet:
    input: /Users/Mahmoud.Hallal/Desktop/PhD/Generalized_pipeline/results/MOLM13_0.01P_0.01FDR/test_eSet_notfiltered_MOLM13.Rda, /Users/Mahmoud.Hallal/Desktop/PhD/Generalized_pipeline/Scripts/filter_eSet_sd.R
    output: /Users/Mahmoud.Hallal/Desktop/PhD/Generalized_pipeline/results/MOLM13_0.01P_0.01FDR/test_eSet1_MOLM13.Rda
    jobid: 8
    wildcards: CWD=/Users/Mahmoud.Hallal/Desktop/PhD/Generalized_pipeline, new_file=MOLM13_0.01P_0.01FDR, cline=MOLM13

[Mon Dec 10 15:38:47 2018]
Finished job 8.
1 of 11 steps (9%) done

[Mon Dec 10 15:38:47 2018]
rule Reproducibility:
    input: /Users/Mahmoud.Hallal/Desktop/PhD/Generalized_pipeline/results/MOLM13_0.01P_0.01FDR/test_eSet1_MOLM13.Rda, /Users/Mahmoud.Hallal/Desktop/PhD/Generalized_pipeline/results/MOLM13_0.01P_0.01FDR/batches_all_data_MOLM13.Rda, /Users/Mahmoud.Hallal/Desktop/PhD/Generalized_pipeline/results/MOLM13_0.01P_0.01FDR/batches_all_phospho_data_MOLM13.Rda, /Users/Mahmoud.Hallal/Desktop/PhD/Generalized_pipeline/Scripts/STY_reproducibility.R
    output: /Users/Mahmoud.Hallal/Desktop/PhD/Generalized_pipeline/results/MOLM13_0.01P_0.01FDR/Phos_proteins_MOLM13_venn_diagram_MOLM13_DRG.pdf
    jobid: 2
    wildcards: CWD=/Users/Mahmoud.Hallal/Desktop/PhD/Generalized_pipeline, new_file=MOLM13_0.01P_0.01FDR, cline=MOLM13, COND=MOLM13_DRG

[Mon Dec 10 15:39:08 2018]
Finished job 2.
2 of 11 steps (18%) done

[Mon Dec 10 15:39:08 2018]
rule setRank_collection_create:
    input: /Users/Mahmoud.Hallal/Desktop/PhD/Generalized_pipeline/results/MOLM13_0.01P_0.01FDR/test_eSet1_MOLM13.Rda, /Users/Mahmoud.Hallal/Desktop/PhD/Generalized_pipeline/results/MOLM13_0.01P_0.01FDR/all_dbs.csv, /Users/Mahmoud.Hallal/Desktop/PhD/Generalized_pipeline/Scripts/collection_create.R
    output: /Users/Mahmoud.Hallal/Desktop/PhD/Generalized_pipeline/results/MOLM13_0.01P_0.01FDR/collection_MOLM13.Rda
    jobid: 10
    wildcards: CWD=/Users/Mahmoud.Hallal/Desktop/PhD/Generalized_pipeline, new_file=MOLM13_0.01P_0.01FDR, cline=MOLM13

[Mon Dec 10 15:45:05 2018]
Finished job 10.
3 of 11 steps (27%) done

[Mon Dec 10 15:45:05 2018]
rule topTables:
    input: /Users/Mahmoud.Hallal/Desktop/PhD/Generalized_pipeline/results/MOLM13_0.01P_0.01FDR/test_eSet1_MOLM13.Rda, /Users/Mahmoud.Hallal/Desktop/PhD/Generalized_pipeline/Scripts/top_tables.R
    output: /Users/Mahmoud.Hallal/Desktop/PhD/Generalized_pipeline/results/MOLM13_0.01P_0.01FDR/topTables_MOLM13_less.Rda
    jobid: 11
    wildcards: CWD=/Users/Mahmoud.Hallal/Desktop/PhD/Generalized_pipeline, new_file=MOLM13_0.01P_0.01FDR, cline=MOLM13

[Mon Dec 10 15:45:13 2018]
Finished job 11.
4 of 11 steps (36%) done

[Mon Dec 10 15:45:13 2018]
rule SetRank_analysis:
    input: /Users/Mahmoud.Hallal/Desktop/PhD/Generalized_pipeline/results/MOLM13_0.01P_0.01FDR/collection_MOLM13.Rda, /Users/Mahmoud.Hallal/Desktop/PhD/Generalized_pipeline/results/MOLM13_0.01P_0.01FDR/topTables_MOLM13_less.Rda, /Users/Mahmoud.Hallal/Desktop/PhD/Generalized_pipeline/Scripts/setRank_analysis.R
    output: /Users/Mahmoud.Hallal/Desktop/PhD/Generalized_pipeline/results/MOLM13_0.01P_0.01FDR/output_networks_with_positions_0.01FDR_0.01P_MOLM13_less/MOLM13_DRG_pathways.txt, /Users/Mahmoud.Hallal/Desktop/PhD/Generalized_pipeline/results/MOLM13_0.01P_0.01FDR/output_networks_with_positions_0.01FDR_0.01P_MOLM13_less/pathways.txt
    jobid: 7
    wildcards: CWD=/Users/Mahmoud.Hallal/Desktop/PhD/Generalized_pipeline, new_file=MOLM13_0.01P_0.01FDR, fdr=0.01, pv=0.01, cline=MOLM13

[Mon Dec 10 15:45:26 2018]
Finished job 7.
5 of 11 steps (45%) done

[Mon Dec 10 15:45:26 2018]
rule volcano_plot:
    input: /Users/Mahmoud.Hallal/Desktop/PhD/Generalized_pipeline/results/MOLM13_0.01P_0.01FDR/test_eSet1_MOLM13.Rda, /Users/Mahmoud.Hallal/Desktop/PhD/Generalized_pipeline/Scripts/volcano_plots.R
    output: /Users/Mahmoud.Hallal/Desktop/PhD/Generalized_pipeline/results/MOLM13_0.01P_0.01FDR/Volcano_plot_MOLM13_x_MOLM13_DRG.pdf
    jobid: 6
    wildcards: CWD=/Users/Mahmoud.Hallal/Desktop/PhD/Generalized_pipeline, new_file=MOLM13_0.01P_0.01FDR, cline=MOLM13, cond=MOLM13_DRG

[Mon Dec 10 15:45:37 2018]
Finished job 6.
6 of 11 steps (55%) done

[Mon Dec 10 15:45:37 2018]
rule pca:
    input: /Users/Mahmoud.Hallal/Desktop/PhD/Generalized_pipeline/results/MOLM13_0.01P_0.01FDR/test_eSet1_MOLM13.Rda, /Users/Mahmoud.Hallal/Desktop/PhD/Generalized_pipeline/Scripts/pca.R
    output: /Users/Mahmoud.Hallal/Desktop/PhD/Generalized_pipeline/results/MOLM13_0.01P_0.01FDR/PCA_plot_filtered_MOLM13.pdf
    jobid: 9
    wildcards: CWD=/Users/Mahmoud.Hallal/Desktop/PhD/Generalized_pipeline, new_file=MOLM13_0.01P_0.01FDR, cline=MOLM13

[Mon Dec 10 15:45:42 2018]
Error in rule pca:
    jobid: 9
    output: /Users/Mahmoud.Hallal/Desktop/PhD/Generalized_pipeline/results/MOLM13_0.01P_0.01FDR/PCA_plot_filtered_MOLM13.pdf

RuleException:
CalledProcessError in line 260 of /Users/Mahmoud.Hallal/Desktop/PhD/Generalized_pipeline/snakemake/Snakefile:
Command ' set -euo pipefail;   Rscript /Users/Mahmoud.Hallal/Desktop/PhD/Generalized_pipeline/Scripts/pca.R ' returned non-zero exit status 1.
  File "/Users/Mahmoud.Hallal/Desktop/PhD/Generalized_pipeline/snakemake/Snakefile", line 260, in __rule_pca
  File "/Users/Mahmoud.Hallal/miniconda3/envs/snakemake_General/lib/python3.6/concurrent/futures/thread.py", line 56, in run
Removing output files of failed job pca since they might be corrupted:
/Users/Mahmoud.Hallal/Desktop/PhD/Generalized_pipeline/results/MOLM13_0.01P_0.01FDR/PCA_plot_filtered_MOLM13.pdf
Shutting down, this might take some time.
Exiting because a job execution failed. Look above for error message
Complete log: /Users/Mahmoud.Hallal/Desktop/PhD/Generalized_pipeline/snakemake/.snakemake/log/2018-12-10T153834.887842.snakemake.log
