Building DAG of jobs...
Using shell: /bin/bash
Provided cores: 1
Rules claiming more threads will be scaled down.
Job counts:
	count	jobs
	1	SetRank_analysis
	1	all
	1	setRank_collection_create
	3

[Tue Dec  4 12:39:57 2018]
rule setRank_collection_create:
    input: /Users/Mahmoud.Hallal/Desktop/PhD/Generalized_pipeline/results/U2OS_0.01P_0.05FDR/test_eSet1_U2OS.Rda, /Users/Mahmoud.Hallal/Desktop/PhD/Generalized_pipeline/results/U2OS_0.01P_0.05FDR/all_dbs.csv, /Users/Mahmoud.Hallal/Desktop/PhD/Generalized_pipeline/Scripts/collection_create.R
    output: /Users/Mahmoud.Hallal/Desktop/PhD/Generalized_pipeline/results/U2OS_0.01P_0.05FDR/collection_U2OS.Rda
    jobid: 12
    wildcards: CWD=/Users/Mahmoud.Hallal/Desktop/PhD/Generalized_pipeline, new_file=U2OS_0.01P_0.05FDR, cline=U2OS

[Tue Dec  4 12:51:30 2018]
Finished job 12.
1 of 3 steps (33%) done

[Tue Dec  4 12:51:30 2018]
rule SetRank_analysis:
    input: /Users/Mahmoud.Hallal/Desktop/PhD/Generalized_pipeline/results/U2OS_0.01P_0.05FDR/collection_U2OS.Rda, /Users/Mahmoud.Hallal/Desktop/PhD/Generalized_pipeline/results/U2OS_0.01P_0.05FDR/topTables_U2OS_less.Rda, /Users/Mahmoud.Hallal/Desktop/PhD/Generalized_pipeline/Scripts/setRank_analysis.R
    output: /Users/Mahmoud.Hallal/Desktop/PhD/Generalized_pipeline/results/U2OS_0.01P_0.05FDR/output_networks_with_positions_0.05FDR_0.01P_U2OS_less/U2OS_Rap_WT_pathways.txt, /Users/Mahmoud.Hallal/Desktop/PhD/Generalized_pipeline/results/U2OS_0.01P_0.05FDR/output_networks_with_positions_0.05FDR_0.01P_U2OS_less/U2OS_RapConA_WT_pathways.txt, /Users/Mahmoud.Hallal/Desktop/PhD/Generalized_pipeline/results/U2OS_0.01P_0.05FDR/output_networks_with_positions_0.05FDR_0.01P_U2OS_less/U2OS_RapConA_Rap_pathways.txt, /Users/Mahmoud.Hallal/Desktop/PhD/Generalized_pipeline/results/U2OS_0.01P_0.05FDR/output_networks_with_positions_0.05FDR_0.01P_U2OS_less/pathways.txt
    jobid: 1
    wildcards: CWD=/Users/Mahmoud.Hallal/Desktop/PhD/Generalized_pipeline, new_file=U2OS_0.01P_0.05FDR, fdr=0.05, pv=0.01, cline=U2OS

[Tue Dec  4 12:52:31 2018]
Finished job 1.
2 of 3 steps (67%) done

[Tue Dec  4 12:52:31 2018]
localrule all:
    input: /Users/Mahmoud.Hallal/Desktop/PhD/Generalized_pipeline/results/U2OS_0.01P_0.05FDR/eSet_data_test1_U2OS.csv, /Users/Mahmoud.Hallal/Desktop/PhD/Generalized_pipeline/results/U2OS_0.01P_0.05FDR/batches_all_phospho_data_U2OS.Rda, /Users/Mahmoud.Hallal/Desktop/PhD/Generalized_pipeline/results/U2OS_0.01P_0.05FDR/test_eSet_notfiltered_U2OS.Rda, /Users/Mahmoud.Hallal/Desktop/PhD/Generalized_pipeline/results/U2OS_0.01P_0.05FDR/test_eSet1_U2OS.Rda, /Users/Mahmoud.Hallal/Desktop/PhD/Generalized_pipeline/results/U2OS_0.01P_0.05FDR/all_dbs.csv, /Users/Mahmoud.Hallal/Desktop/PhD/Generalized_pipeline/results/U2OS_0.01P_0.05FDR/PCA_plot_filtered_U2OS.pdf, /Users/Mahmoud.Hallal/Desktop/PhD/Generalized_pipeline/results/U2OS_0.01P_0.05FDR/Phos_prots_with_position_venn_diagram_U2OS.pdf, /Users/Mahmoud.Hallal/Desktop/PhD/Generalized_pipeline/results/U2OS_0.01P_0.05FDR/Phos_prots_histogram_U2OS.pdf, /Users/Mahmoud.Hallal/Desktop/PhD/Generalized_pipeline/results/U2OS_0.01P_0.05FDR/Phos_proteins_U2OS_venn_diagram_U2OS_Rap_WT.pdf, /Users/Mahmoud.Hallal/Desktop/PhD/Generalized_pipeline/results/U2OS_0.01P_0.05FDR/Phos_proteins_U2OS_venn_diagram_U2OS_RapConA_WT.pdf, /Users/Mahmoud.Hallal/Desktop/PhD/Generalized_pipeline/results/U2OS_0.01P_0.05FDR/Phos_proteins_U2OS_venn_diagram_U2OS_RapConA_Rap.pdf, /Users/Mahmoud.Hallal/Desktop/PhD/Generalized_pipeline/results/U2OS_0.01P_0.05FDR/collection_U2OS.Rda, /Users/Mahmoud.Hallal/Desktop/PhD/Generalized_pipeline/results/U2OS_0.01P_0.05FDR/topTables_U2OS_less.Rda, /Users/Mahmoud.Hallal/Desktop/PhD/Generalized_pipeline/results/U2OS_0.01P_0.05FDR/output_networks_with_positions_0.05FDR_0.01P_U2OS_less/U2OS_Rap_WT_pathways.txt, /Users/Mahmoud.Hallal/Desktop/PhD/Generalized_pipeline/results/U2OS_0.01P_0.05FDR/output_networks_with_positions_0.05FDR_0.01P_U2OS_less/U2OS_RapConA_WT_pathways.txt, /Users/Mahmoud.Hallal/Desktop/PhD/Generalized_pipeline/results/U2OS_0.01P_0.05FDR/output_networks_with_positions_0.05FDR_0.01P_U2OS_less/U2OS_RapConA_Rap_pathways.txt, /Users/Mahmoud.Hallal/Desktop/PhD/Generalized_pipeline/results/U2OS_0.01P_0.05FDR/output_networks_with_positions_0.05FDR_0.01P_U2OS_less/pathways.txt, /Users/Mahmoud.Hallal/Desktop/PhD/Generalized_pipeline/results/U2OS_0.01P_0.05FDR/Volcano_plot_U2OS_x_U2OS_Rap_WT.pdf, /Users/Mahmoud.Hallal/Desktop/PhD/Generalized_pipeline/results/U2OS_0.01P_0.05FDR/Volcano_plot_U2OS_x_U2OS_RapConA_WT.pdf, /Users/Mahmoud.Hallal/Desktop/PhD/Generalized_pipeline/results/U2OS_0.01P_0.05FDR/Volcano_plot_U2OS_x_U2OS_RapConA_Rap.pdf
    jobid: 0

[Tue Dec  4 12:52:31 2018]
Finished job 0.
3 of 3 steps (100%) done
Complete log: /Users/Mahmoud.Hallal/Desktop/PhD/Generalized_pipeline/snakemake/.snakemake/log/2018-12-04T123956.584108.snakemake.log
