Building DAG of jobs...
Using shell: /bin/bash
Provided cores: 1
Rules claiming more threads will be scaled down.
Job counts:
	count	jobs
	1	all
	1	pca
	2

[Mon Dec 10 16:53:13 2018]
rule pca:
    input: /Users/Mahmoud.Hallal/Desktop/PhD/Generalized_pipeline/results/MOLM13_0.01P_0.01FDR/test_eSet1_MOLM13.Rda, /Users/Mahmoud.Hallal/Desktop/PhD/Generalized_pipeline/Scripts/pca.R
    output: /Users/Mahmoud.Hallal/Desktop/PhD/Generalized_pipeline/results/MOLM13_0.01P_0.01FDR/PCA_plot_filtered_MOLM13_x_500.pdf
    jobid: 12
    wildcards: CWD=/Users/Mahmoud.Hallal/Desktop/PhD/Generalized_pipeline, new_file=MOLM13_0.01P_0.01FDR, cline=MOLM13, sz=500

Waiting at most 5 seconds for missing files.
MissingOutputException in line 251 of /Users/Mahmoud.Hallal/Desktop/PhD/Generalized_pipeline/snakemake/Snakefile:
Missing files after 5 seconds:
/Users/Mahmoud.Hallal/Desktop/PhD/Generalized_pipeline/results/MOLM13_0.01P_0.01FDR/PCA_plot_filtered_MOLM13_x_500.pdf
This might be due to filesystem latency. If that is the case, consider to increase the wait time with --latency-wait.
Shutting down, this might take some time.
Exiting because a job execution failed. Look above for error message
Complete log: /Users/Mahmoud.Hallal/Desktop/PhD/Generalized_pipeline/snakemake/.snakemake/log/2018-12-10T165313.180144.snakemake.log
