Building DAG of jobs...
Using shell: /bin/bash
Provided cores: 1
Rules claiming more threads will be scaled down.
Job counts:
	count	jobs
	1	all
	1	prepare_shiny_inputs
	2

[Wed Oct  3 16:33:20 2018]
rule prepare_shiny_inputs:
    input: /Users/Mahmoud.Hallal/Desktop/PhD/stimulated_data_analysis/Molm13_Midostaurin_09.2018_results/material_for_waterfall.Rda, /Users/Mahmoud.Hallal/Desktop/PhD/Stimulated_data_analysis/Molm13_Midostaurin_09.2018_results/Material_for_heatmap.csv, /Users/Mahmoud.Hallal/Desktop/PhD/Stimulated_data_analysis/Molm13_Midostaurin_09.2018/prepare_shiny_outputs.R
    output: /Users/Mahmoud.Hallal/Desktop/PhD/Stimulated_data_analysis/Molm13_Midostaurin_09.2018_results/results_shiny.Rda
    jobid: 7

[Wed Oct  3 16:34:42 2018]
Error in rule prepare_shiny_inputs:
    jobid: 7
    output: /Users/Mahmoud.Hallal/Desktop/PhD/Stimulated_data_analysis/Molm13_Midostaurin_09.2018_results/results_shiny.Rda

RuleException:
CalledProcessError in line 227 of /Users/Mahmoud.Hallal/Desktop/PhD/Stimulated_data_analysis/Molm13_Midostaurin_09.2018/snakemake/Snakefile:
Command ' set -euo pipefail;   Rscript /Users/Mahmoud.Hallal/Desktop/PhD/Stimulated_data_analysis/Molm13_Midostaurin_09.2018/prepare_shiny_outputs.R ' returned non-zero exit status 1.
  File "/Users/Mahmoud.Hallal/Desktop/PhD/Stimulated_data_analysis/Molm13_Midostaurin_09.2018/snakemake/Snakefile", line 227, in __rule_prepare_shiny_inputs
  File "/Users/Mahmoud.Hallal/miniconda3/envs/snakemake_Molm13_Mido/lib/python3.6/concurrent/futures/thread.py", line 56, in run
Shutting down, this might take some time.
Exiting because a job execution failed. Look above for error message
Complete log: /Users/Mahmoud.Hallal/Desktop/PhD/Stimulated_data_analysis/Molm13_Midostaurin_09.2018/snakemake/.snakemake/log/2018-10-03T163319.638165.snakemake.log
