Building DAG of jobs...
Using shell: /bin/bash
Provided cores: 1
Rules claiming more threads will be scaled down.
Job counts:
	count	jobs
	1	Reproducibility
	1	SetRank_analysis
	1	all
	1	create_kinase_substrate_5_dbs
	1	create_kinase_substrate_dbs
	1	heatmap
	1	pca
	1	prepare_shiny_inputs
	1	setRank_collection_create
	1	topTables
	2	volcano_plot
	1	waterfall
	13

[Wed Oct 24 15:21:27 2018]
rule create_kinase_substrate_5_dbs:
    input: /Users/Mahmoud.Hallal/Desktop/PhD/Phospho_database/phosphoELM_db/phosphoELM_vertebrate_2015-04.dump, /Users/Mahmoud.Hallal/Desktop/PhD/Phospho_database/phosphoSitePlus/Kinase_Substrate_Dataset, /Users/Mahmoud.Hallal/Desktop/PhD/Phospho_database/PhosphoNetworks/refKSI.csv, /Users/Mahmoud.Hallal/Desktop/PhD/Phospho_database/HPRD/FLAT_FILES_072010/POST_TRANSLATIONAL_MODIFICATIONS.txt, /Users/Mahmoud.Hallal/Desktop/PhD/Phospho_database/MINT/MINT_MiTab.txt, /Users/Mahmoud.Hallal/Desktop/PhD/Phospho_database/RegPhos/RegPhos_Phos_human.txt, /Users/Mahmoud.Hallal/Desktop/PhD/Phospho_database/SIGNOR/human_phosphorylations_09_05_17.csv, /Users/Mahmoud.Hallal/Desktop/PhD/Generalized_pipeline/phospho_dbs_v2.R
    output: /Users/Mahmoud.Hallal/Desktop/PhD/Generalized_pipeline/results/all_dbs1.csv
    jobid: 14
    wildcards: CWD=/Users/Mahmoud.Hallal/Desktop/PhD/Generalized_pipeline

[Wed Oct 24 15:21:58 2018]
Finished job 14.
1 of 13 steps (8%) done

[Wed Oct 24 15:21:58 2018]
rule Reproducibility:
    input: /Users/Mahmoud.Hallal/Desktop/PhD/Generalized_pipeline/results/test_eSet1.Rda, /Users/Mahmoud.Hallal/Desktop/PhD/Generalized_pipeline/results/batches_all_data.Rda, /Users/Mahmoud.Hallal/Desktop/PhD/Generalized_pipeline/results/batches_all_phospho_data.Rda, /Users/Mahmoud.Hallal/Desktop/PhD/Generalized_pipeline/STY_reproducibility.R
    output: /Users/Mahmoud.Hallal/Desktop/PhD/Generalized_pipeline/results/Phos_proteins_K562_CTRL_venn_diagram.pdf, /Users/Mahmoud.Hallal/Desktop/PhD/Generalized_pipeline/results/Phos_proteins_K562_DRG_venn_diagram.pdf
    jobid: 8
    wildcards: CWD=/Users/Mahmoud.Hallal/Desktop/PhD/Generalized_pipeline

[Wed Oct 24 15:22:12 2018]
Finished job 8.
2 of 13 steps (15%) done

[Wed Oct 24 15:22:12 2018]
rule create_kinase_substrate_dbs:
    input: /Users/Mahmoud.Hallal/Desktop/PhD/Motif_analysis/all_dbs.csv, /Users/Mahmoud.Hallal/Desktop/PhD/Generalized_pipeline/results/all_dbs1.csv, /Users/Mahmoud.Hallal/Desktop/PhD/Generalized_pipeline/phospho_dbs_with_motif.R, /Users/Mahmoud.Hallal/Desktop/PhD/Generalized_pipeline/phospho_dbs_without_motif.R
    output: /Users/Mahmoud.Hallal/Desktop/PhD/Generalized_pipeline/results/all_dbs.csv
    jobid: 9
    wildcards: CWD=/Users/Mahmoud.Hallal/Desktop/PhD/Generalized_pipeline

[Wed Oct 24 15:22:15 2018]
Finished job 9.
3 of 13 steps (23%) done

[Wed Oct 24 15:22:15 2018]
rule setRank_collection_create:
    input: /Users/Mahmoud.Hallal/Desktop/PhD/Generalized_pipeline/results/test_eSet1.Rda, /Users/Mahmoud.Hallal/Desktop/PhD/Generalized_pipeline/results/all_dbs.csv, /Users/Mahmoud.Hallal/Desktop/PhD/Generalized_pipeline/collection_create.R
    output: /Users/Mahmoud.Hallal/Desktop/PhD/Generalized_pipeline/results/collection500_filtered.Rda
    jobid: 7
    wildcards: CWD=/Users/Mahmoud.Hallal/Desktop/PhD/Generalized_pipeline, MaxSetSize=500

[Wed Oct 24 15:26:42 2018]
Finished job 7.
4 of 13 steps (31%) done

[Wed Oct 24 15:26:42 2018]
rule topTables:
    input: /Users/Mahmoud.Hallal/Desktop/PhD/Generalized_pipeline/results/test_eSet1.Rda, /Users/Mahmoud.Hallal/Desktop/PhD/Generalized_pipeline/top_tables.R
    output: /Users/Mahmoud.Hallal/Desktop/PhD/Generalized_pipeline/results/topTables_less.Rda
    jobid: 4
    wildcards: CWD=/Users/Mahmoud.Hallal/Desktop/PhD/Generalized_pipeline

[Wed Oct 24 15:26:55 2018]
Finished job 4.
5 of 13 steps (38%) done

[Wed Oct 24 15:26:55 2018]
rule volcano_plot:
    input: /Users/Mahmoud.Hallal/Desktop/PhD/Generalized_pipeline/results/test_eSet1.Rda, /Users/Mahmoud.Hallal/Desktop/PhD/Generalized_pipeline/volcano_plots.R
    output: /Users/Mahmoud.Hallal/Desktop/PhD/Generalized_pipeline/results/Volcano_plot_K562_DRG.pdf
    jobid: 11
    wildcards: CWD=/Users/Mahmoud.Hallal/Desktop/PhD/Generalized_pipeline, cls=K562_DRG

[Wed Oct 24 15:27:00 2018]
Finished job 11.
6 of 13 steps (46%) done

[Wed Oct 24 15:27:00 2018]
rule volcano_plot:
    input: /Users/Mahmoud.Hallal/Desktop/PhD/Generalized_pipeline/results/test_eSet1.Rda, /Users/Mahmoud.Hallal/Desktop/PhD/Generalized_pipeline/volcano_plots.R
    output: /Users/Mahmoud.Hallal/Desktop/PhD/Generalized_pipeline/results/Volcano_plot_K562_CTRL.pdf
    jobid: 3
    wildcards: CWD=/Users/Mahmoud.Hallal/Desktop/PhD/Generalized_pipeline, cls=K562_CTRL

[Wed Oct 24 15:27:09 2018]
Finished job 3.
7 of 13 steps (54%) done

[Wed Oct 24 15:27:09 2018]
rule pca:
    input: /Users/Mahmoud.Hallal/Desktop/PhD/Generalized_pipeline/results/test_eSet1.Rda, /Users/Mahmoud.Hallal/Desktop/PhD/Generalized_pipeline/pca.R
    output: /Users/Mahmoud.Hallal/Desktop/PhD/Generalized_pipeline/results/PCA_plot_filtered.pdf
    jobid: 5
    wildcards: CWD=/Users/Mahmoud.Hallal/Desktop/PhD/Generalized_pipeline

[Wed Oct 24 15:27:17 2018]
Finished job 5.
8 of 13 steps (62%) done

[Wed Oct 24 15:27:17 2018]
rule SetRank_analysis:
    input: /Users/Mahmoud.Hallal/Desktop/PhD/Generalized_pipeline/results/topTables_less.Rda, /Users/Mahmoud.Hallal/Desktop/PhD/Generalized_pipeline/setRank_analysis.R
    output: /Users/Mahmoud.Hallal/Desktop/PhD/Generalized_pipeline/results/output_networks_with_positions_0.05fdr_0.01P_filtered_less/K562_CTRL_pathways.txt, /Users/Mahmoud.Hallal/Desktop/PhD/Generalized_pipeline/results/output_networks_with_positions_0.05fdr_0.01P_filtered_less/K562_DRG_pathways.txt, /Users/Mahmoud.Hallal/Desktop/PhD/Generalized_pipeline/results/output_networks_with_positions_0.05fdr_0.01P_filtered_less/pathways.txt
    jobid: 1
    wildcards: CWD=/Users/Mahmoud.Hallal/Desktop/PhD/Generalized_pipeline, fdr=0.05, pv=0.01

[Wed Oct 24 15:27:59 2018]
Finished job 1.
9 of 13 steps (69%) done

[Wed Oct 24 15:27:59 2018]
rule heatmap:
    input: /Users/Mahmoud.Hallal/Desktop/PhD/Generalized_pipeline/results/output_networks_with_positions_0.05fdr_0.01P_filtered_less/pathways.txt, /Users/Mahmoud.Hallal/Desktop/PhD/Generalized_pipeline/pathway_create.R
    output: /Users/Mahmoud.Hallal/Desktop/PhD/Generalized_pipeline/results/Material_for_heatmap_0.05FDR_0.01P.csv
    jobid: 15
    wildcards: CWD=/Users/Mahmoud.Hallal/Desktop/PhD/Generalized_pipeline, fdr=0.05, pv=0.01

[Wed Oct 24 15:28:00 2018]
Finished job 15.
10 of 13 steps (77%) done

[Wed Oct 24 15:28:00 2018]
rule waterfall:
    input: /Users/Mahmoud.Hallal/Desktop/PhD/Generalized_pipeline/results/output_networks_with_positions_0.05fdr_0.01P_filtered_less/pathways.txt, /Users/Mahmoud.Hallal/Desktop/PhD/Generalized_pipeline/waterfall_create.R
    output: /Users/Mahmoud.Hallal/Desktop/PhD/Generalized_pipeline/results/Material_for_waterfall_0.05FDR_0.01P.Rda
    jobid: 6
    wildcards: CWD=/Users/Mahmoud.Hallal/Desktop/PhD/Generalized_pipeline, fdr=0.05, pv=0.01

[Wed Oct 24 15:28:01 2018]
Finished job 6.
11 of 13 steps (85%) done

[Wed Oct 24 15:28:01 2018]
rule prepare_shiny_inputs:
    input: /Users/Mahmoud.Hallal/Desktop/PhD/Generalized_pipeline/results/Material_for_waterfall_0.05FDR_0.01P.Rda, /Users/Mahmoud.Hallal/Desktop/PhD/Generalized_pipeline/results/Material_for_heatmap_0.05FDR_0.01P.csv, /Users/Mahmoud.Hallal/Desktop/PhD/Generalized_pipeline/prepare_shiny_outputs.R
    output: /Users/Mahmoud.Hallal/Desktop/PhD/Generalized_pipeline/results/results_shiny_0.05FDR_0.01P.Rda
    jobid: 10
    wildcards: CWD=/Users/Mahmoud.Hallal/Desktop/PhD/Generalized_pipeline, fdr=0.05, pv=0.01

[Wed Oct 24 15:28:41 2018]
Finished job 10.
12 of 13 steps (92%) done

[Wed Oct 24 15:28:41 2018]
localrule all:
    input: /Users/Mahmoud.Hallal/Desktop/PhD/Generalized_pipeline/results/test_eSet1.Rda, /Users/Mahmoud.Hallal/Desktop/PhD/Generalized_pipeline/results/all_dbs.csv, /Users/Mahmoud.Hallal/Desktop/PhD/Generalized_pipeline/results/PCA_plot_filtered.pdf, /Users/Mahmoud.Hallal/Desktop/PhD/Generalized_pipeline/results/Phos_prots_with_position_venn_diagram.pdf, /Users/Mahmoud.Hallal/Desktop/PhD/Generalized_pipeline/results/Phos_proteins_K562_CTRL_venn_diagram.pdf, /Users/Mahmoud.Hallal/Desktop/PhD/Generalized_pipeline/results/Phos_prots_histogram.pdf, /Users/Mahmoud.Hallal/Desktop/PhD/Generalized_pipeline/results/collection500_filtered.Rda, /Users/Mahmoud.Hallal/Desktop/PhD/Generalized_pipeline/results/topTables_less.Rda, /Users/Mahmoud.Hallal/Desktop/PhD/Generalized_pipeline/results/output_networks_with_positions_0.05fdr_0.01P_filtered_less/K562_CTRL_pathways.txt, /Users/Mahmoud.Hallal/Desktop/PhD/Generalized_pipeline/results/output_networks_with_positions_0.05fdr_0.01P_filtered_less/K562_DRG_pathways.txt, /Users/Mahmoud.Hallal/Desktop/PhD/Generalized_pipeline/results/output_networks_with_positions_0.05fdr_0.01P_filtered_less/pathways.txt, /Users/Mahmoud.Hallal/Desktop/PhD/Generalized_pipeline/results/Material_for_waterfall_0.05FDR_0.01P.Rda, /Users/Mahmoud.Hallal/Desktop/PhD/Generalized_pipeline/results/Material_for_waterfall_0.05FDR_0.01P.Rda, /Users/Mahmoud.Hallal/Desktop/PhD/Generalized_pipeline/results/Volcano_plot_K562_CTRL.pdf, /Users/Mahmoud.Hallal/Desktop/PhD/Generalized_pipeline/results/Volcano_plot_K562_DRG.pdf, /Users/Mahmoud.Hallal/Desktop/PhD/Generalized_pipeline/results/results_shiny_0.05FDR_0.01P.Rda
    jobid: 0

[Wed Oct 24 15:28:41 2018]
Finished job 0.
13 of 13 steps (100%) done
Complete log: /Users/Mahmoud.Hallal/Desktop/PhD/Generalized_pipeline/snakemake/.snakemake/log/2018-10-24T152126.467958.snakemake.log
