Building DAG of jobs...
Using shell: /bin/bash
Provided cores: 1
Rules claiming more threads will be scaled down.
Job counts:
	count	jobs
	1	Reproducibility
	1	SetRank_analysis
	1	all
	1	filter_eSet
	1	heatmap
	1	pca
	1	prepare_shiny_inputs
	1	setRank_collection_create
	1	topTables
	1	volcano_plot
	1	waterfall
	11

[Fri Nov 30 14:05:15 2018]
rule filter_eSet:
    input: /Users/Mahmoud.Hallal/Desktop/PhD/Generalized_pipeline/results/K562_0.01P_0.025FDR/test_eSet_notfiltered_K562.Rda, /Users/Mahmoud.Hallal/Desktop/PhD/Generalized_pipeline/Scripts/filter_eSet_sd.R
    output: /Users/Mahmoud.Hallal/Desktop/PhD/Generalized_pipeline/results/K562_0.01P_0.025FDR/test_eSet1_K562.Rda
    jobid: 7
    wildcards: CWD=/Users/Mahmoud.Hallal/Desktop/PhD/Generalized_pipeline, new_file=K562_0.01P_0.025FDR, cline=K562

[Fri Nov 30 14:05:27 2018]
Finished job 7.
1 of 11 steps (9%) done

[Fri Nov 30 14:05:27 2018]
rule Reproducibility:
    input: /Users/Mahmoud.Hallal/Desktop/PhD/Generalized_pipeline/results/K562_0.01P_0.025FDR/test_eSet1_K562.Rda, /Users/Mahmoud.Hallal/Desktop/PhD/Generalized_pipeline/results/K562_0.01P_0.025FDR/batches_all_data_K562.Rda, /Users/Mahmoud.Hallal/Desktop/PhD/Generalized_pipeline/results/K562_0.01P_0.025FDR/batches_all_phospho_data_K562.Rda, /Users/Mahmoud.Hallal/Desktop/PhD/Generalized_pipeline/Scripts/STY_reproducibility.R
    output: /Users/Mahmoud.Hallal/Desktop/PhD/Generalized_pipeline/results/K562_0.01P_0.025FDR/Phos_proteins_K562_CTRL_venn_diagram.pdf, /Users/Mahmoud.Hallal/Desktop/PhD/Generalized_pipeline/results/K562_0.01P_0.025FDR/Phos_proteins_K562_DRG_venn_diagram.pdf
    jobid: 4
    wildcards: CWD=/Users/Mahmoud.Hallal/Desktop/PhD/Generalized_pipeline, new_file=K562_0.01P_0.025FDR, cline=K562

[Fri Nov 30 14:05:53 2018]
Finished job 4.
2 of 11 steps (18%) done

[Fri Nov 30 14:05:53 2018]
rule setRank_collection_create:
    input: /Users/Mahmoud.Hallal/Desktop/PhD/Generalized_pipeline/results/K562_0.01P_0.025FDR/test_eSet1_K562.Rda, /Users/Mahmoud.Hallal/Desktop/PhD/Generalized_pipeline/results/K562_0.01P_0.025FDR/all_dbs.csv, /Users/Mahmoud.Hallal/Desktop/PhD/Generalized_pipeline/Scripts/collection_create.R
    output: /Users/Mahmoud.Hallal/Desktop/PhD/Generalized_pipeline/results/K562_0.01P_0.025FDR/collection_K562.Rda
    jobid: 1
    wildcards: CWD=/Users/Mahmoud.Hallal/Desktop/PhD/Generalized_pipeline, new_file=K562_0.01P_0.025FDR, cline=K562

[Fri Nov 30 14:13:21 2018]
Finished job 1.
3 of 11 steps (27%) done

[Fri Nov 30 14:13:21 2018]
rule volcano_plot:
    input: /Users/Mahmoud.Hallal/Desktop/PhD/Generalized_pipeline/results/K562_0.01P_0.025FDR/test_eSet1_K562.Rda, /Users/Mahmoud.Hallal/Desktop/PhD/Generalized_pipeline/Scripts/volcano_plots.R
    output: /Users/Mahmoud.Hallal/Desktop/PhD/Generalized_pipeline/results/K562_0.01P_0.025FDR/Volcano_plot_K562_K562_DRG.pdf
    jobid: 2
    wildcards: CWD=/Users/Mahmoud.Hallal/Desktop/PhD/Generalized_pipeline, new_file=K562_0.01P_0.025FDR, cline=K562

[Fri Nov 30 14:13:36 2018]
Finished job 2.
4 of 11 steps (36%) done

[Fri Nov 30 14:13:36 2018]
rule topTables:
    input: /Users/Mahmoud.Hallal/Desktop/PhD/Generalized_pipeline/results/K562_0.01P_0.025FDR/test_eSet1_K562.Rda, /Users/Mahmoud.Hallal/Desktop/PhD/Generalized_pipeline/Scripts/top_tables.R
    output: /Users/Mahmoud.Hallal/Desktop/PhD/Generalized_pipeline/results/K562_0.01P_0.025FDR/topTables_K562_less.Rda
    jobid: 15
    wildcards: CWD=/Users/Mahmoud.Hallal/Desktop/PhD/Generalized_pipeline, new_file=K562_0.01P_0.025FDR, cline=K562

[Fri Nov 30 14:13:56 2018]
Finished job 15.
5 of 11 steps (45%) done

[Fri Nov 30 14:13:56 2018]
rule SetRank_analysis:
    input: /Users/Mahmoud.Hallal/Desktop/PhD/Generalized_pipeline/results/K562_0.01P_0.025FDR/collection_K562.Rda, /Users/Mahmoud.Hallal/Desktop/PhD/Generalized_pipeline/results/K562_0.01P_0.025FDR/topTables_K562_less.Rda, /Users/Mahmoud.Hallal/Desktop/PhD/Generalized_pipeline/Scripts/setRank_analysis.R
    output: /Users/Mahmoud.Hallal/Desktop/PhD/Generalized_pipeline/results/K562_0.01P_0.025FDR/output_networks_with_positions_0.025FDR_0.01P_K562_less/K562_CTRL_pathways.txt, /Users/Mahmoud.Hallal/Desktop/PhD/Generalized_pipeline/results/K562_0.01P_0.025FDR/output_networks_with_positions_0.025FDR_0.01P_K562_less/K562_DRG_pathways.txt, /Users/Mahmoud.Hallal/Desktop/PhD/Generalized_pipeline/results/K562_0.01P_0.025FDR/output_networks_with_positions_0.025FDR_0.01P_K562_less/pathways.txt
    jobid: 14
    wildcards: CWD=/Users/Mahmoud.Hallal/Desktop/PhD/Generalized_pipeline, new_file=K562_0.01P_0.025FDR, fdr=0.025, pv=0.01, cline=K562

[Fri Nov 30 14:14:26 2018]
Finished job 14.
6 of 11 steps (55%) done

[Fri Nov 30 14:14:26 2018]
rule pca:
    input: /Users/Mahmoud.Hallal/Desktop/PhD/Generalized_pipeline/results/K562_0.01P_0.025FDR/test_eSet1_K562.Rda, /Users/Mahmoud.Hallal/Desktop/PhD/Generalized_pipeline/Scripts/pca.R
    output: /Users/Mahmoud.Hallal/Desktop/PhD/Generalized_pipeline/results/K562_0.01P_0.025FDR/PCA_plot_filtered_K562.pdf
    jobid: 5
    wildcards: CWD=/Users/Mahmoud.Hallal/Desktop/PhD/Generalized_pipeline, new_file=K562_0.01P_0.025FDR, cline=K562

[Fri Nov 30 14:14:31 2018]
Finished job 5.
7 of 11 steps (64%) done

[Fri Nov 30 14:14:31 2018]
rule waterfall:
    input: /Users/Mahmoud.Hallal/Desktop/PhD/Generalized_pipeline/results/K562_0.01P_0.025FDR/output_networks_with_positions_0.025FDR_0.01P_K562_less/pathways.txt, /Users/Mahmoud.Hallal/Desktop/PhD/Generalized_pipeline/Scripts/waterfall_create.R
    output: /Users/Mahmoud.Hallal/Desktop/PhD/Generalized_pipeline/results/K562_0.01P_0.025FDR/Material_for_waterfall_0.025FDR_0.01P_K562.Rda
    jobid: 9
    wildcards: CWD=/Users/Mahmoud.Hallal/Desktop/PhD/Generalized_pipeline, new_file=K562_0.01P_0.025FDR, fdr=0.025, pv=0.01, cline=K562

[Fri Nov 30 14:14:34 2018]
Finished job 9.
8 of 11 steps (73%) done

[Fri Nov 30 14:14:34 2018]
rule heatmap:
    input: /Users/Mahmoud.Hallal/Desktop/PhD/Generalized_pipeline/results/K562_0.01P_0.025FDR/output_networks_with_positions_0.025FDR_0.01P_K562_less/pathways.txt, /Users/Mahmoud.Hallal/Desktop/PhD/Generalized_pipeline/Scripts/pathway_create.R
    output: /Users/Mahmoud.Hallal/Desktop/PhD/Generalized_pipeline/results/K562_0.01P_0.025FDR/Material_for_heatmap_0.025FDR_0.01P_K562.csv
    jobid: 10
    wildcards: CWD=/Users/Mahmoud.Hallal/Desktop/PhD/Generalized_pipeline, new_file=K562_0.01P_0.025FDR, fdr=0.025, pv=0.01, cline=K562

[Fri Nov 30 14:14:35 2018]
Finished job 10.
9 of 11 steps (82%) done

[Fri Nov 30 14:14:35 2018]
rule prepare_shiny_inputs:
    input: /Users/Mahmoud.Hallal/Desktop/PhD/Generalized_pipeline/results/K562_0.01P_0.025FDR/Material_for_waterfall_0.025FDR_0.01P_K562.Rda, /Users/Mahmoud.Hallal/Desktop/PhD/Generalized_pipeline/results/K562_0.01P_0.025FDR/Material_for_heatmap_0.025FDR_0.01P_K562.csv, /Users/Mahmoud.Hallal/Desktop/PhD/Generalized_pipeline/Scripts/prepare_shiny_outputs.R
    output: /Users/Mahmoud.Hallal/Desktop/PhD/Generalized_pipeline/results/K562_0.01P_0.025FDR/results_shiny_K562_0.01P_0.025FDR.Rda
    jobid: 3
    wildcards: CWD=/Users/Mahmoud.Hallal/Desktop/PhD/Generalized_pipeline, new_file=K562_0.01P_0.025FDR, cline=K562, pv=0.01, fdr=0.025

[Fri Nov 30 14:16:34 2018]
Finished job 3.
10 of 11 steps (91%) done

[Fri Nov 30 14:16:34 2018]
localrule all:
    input: /Users/Mahmoud.Hallal/Desktop/PhD/Generalized_pipeline/results/K562_0.01P_0.025FDR/PCA_plot_filtered_K562.pdf, /Users/Mahmoud.Hallal/Desktop/PhD/Generalized_pipeline/results/K562_0.01P_0.025FDR/Phos_prots_with_position_venn_diagram_K562.pdf, /Users/Mahmoud.Hallal/Desktop/PhD/Generalized_pipeline/results/K562_0.01P_0.025FDR/Phos_prots_histogram_K562.pdf, /Users/Mahmoud.Hallal/Desktop/PhD/Generalized_pipeline/results/K562_0.01P_0.025FDR/Phos_proteins_K562_CTRL_venn_diagram.pdf, /Users/Mahmoud.Hallal/Desktop/PhD/Generalized_pipeline/results/K562_0.01P_0.025FDR/collection_K562.Rda, /Users/Mahmoud.Hallal/Desktop/PhD/Generalized_pipeline/results/K562_0.01P_0.025FDR/results_shiny_K562_0.01P_0.025FDR.Rda, /Users/Mahmoud.Hallal/Desktop/PhD/Generalized_pipeline/results/K562_0.01P_0.025FDR/Volcano_plot_K562_K562_DRG.pdf
    jobid: 0

[Fri Nov 30 14:16:34 2018]
Finished job 0.
11 of 11 steps (100%) done
Complete log: /Users/Mahmoud.Hallal/Desktop/PhD/Generalized_pipeline/snakemake/.snakemake/log/2018-11-30T140514.504367.snakemake.log
