Building DAG of jobs...
Using shell: /bin/bash
Provided cores: 1
Rules claiming more threads will be scaled down.
Job counts:
	count	jobs
	2	Reproducibility
	1	STY_plotting
	1	SetRank_analysis
	1	all
	1	create_STY_eSet
	1	filter_eSet
	1	heatmap
	1	load_prepare_STY_files
	1	pca
	1	prepare_shiny_inputs
	1	setRank_collection_create
	1	topTables
	2	volcano_plot
	1	waterfall
	16

[Tue Dec 11 11:14:43 2018]
rule load_prepare_STY_files:
    input: /Users/Mahmoud.Hallal/Desktop/PhD/cell_lines_data/CML_samples_12.2018/pipeline_data.csv, /Users/Mahmoud.Hallal/Desktop/PhD/Generalized_pipeline/Scripts/cell_lines_analysis_STYfiles_INC1_INC2_sd.R
    output: /Users/Mahmoud.Hallal/Desktop/PhD/Generalized_pipeline/results/CML_0.01P_0.05FDR/eSet_data_test1_CML.csv, /Users/Mahmoud.Hallal/Desktop/PhD/Generalized_pipeline/results/CML_0.01P_0.05FDR/batches_all_data_CML.Rda, /Users/Mahmoud.Hallal/Desktop/PhD/Generalized_pipeline/results/CML_0.01P_0.05FDR/batches_all_phospho_data_CML.Rda
    jobid: 8
    wildcards: CWD=/Users/Mahmoud.Hallal/Desktop/PhD/Generalized_pipeline, new_file=CML_0.01P_0.05FDR, cline=CML

[Tue Dec 11 11:14:47 2018]
Finished job 8.
1 of 16 steps (6%) done

[Tue Dec 11 11:14:47 2018]
rule STY_plotting:
    input: /Users/Mahmoud.Hallal/Desktop/PhD/Generalized_pipeline/results/CML_0.01P_0.05FDR/batches_all_data_CML.Rda, /Users/Mahmoud.Hallal/Desktop/PhD/Generalized_pipeline/results/CML_0.01P_0.05FDR/batches_all_phospho_data_CML.Rda, /Users/Mahmoud.Hallal/Desktop/PhD/Generalized_pipeline/Scripts/plotting_STY.R
    output: /Users/Mahmoud.Hallal/Desktop/PhD/Generalized_pipeline/results/CML_0.01P_0.05FDR/Phos_prots_with_position_histogram_CML.pdf, /Users/Mahmoud.Hallal/Desktop/PhD/Generalized_pipeline/results/CML_0.01P_0.05FDR/Phos_prots_histogram_CML.pdf, /Users/Mahmoud.Hallal/Desktop/PhD/Generalized_pipeline/results/CML_0.01P_0.05FDR/Phos_peptides_venn_diagram_CML.pdf, /Users/Mahmoud.Hallal/Desktop/PhD/Generalized_pipeline/results/CML_0.01P_0.05FDR/Phos_prots_with_position_venn_diagram_CML.pdf, /Users/Mahmoud.Hallal/Desktop/PhD/Generalized_pipeline/results/CML_0.01P_0.05FDR/table_counts_all_CML.csv
    jobid: 4
    wildcards: CWD=/Users/Mahmoud.Hallal/Desktop/PhD/Generalized_pipeline, new_file=CML_0.01P_0.05FDR, cline=CML

[Tue Dec 11 11:14:54 2018]
Finished job 4.
2 of 16 steps (12%) done

[Tue Dec 11 11:14:54 2018]
rule create_STY_eSet:
    input: /Users/Mahmoud.Hallal/Desktop/PhD/Generalized_pipeline/results/CML_0.01P_0.05FDR/eSet_data_test1_CML.csv, /Users/Mahmoud.Hallal/Desktop/PhD/Generalized_pipeline/Scripts/create_eSet_sd.R
    output: /Users/Mahmoud.Hallal/Desktop/PhD/Generalized_pipeline/results/CML_0.01P_0.05FDR/test_eSet_notfiltered_CML.Rda
    jobid: 7
    wildcards: CWD=/Users/Mahmoud.Hallal/Desktop/PhD/Generalized_pipeline, new_file=CML_0.01P_0.05FDR, cline=CML

[Tue Dec 11 11:15:09 2018]
Finished job 7.
3 of 16 steps (19%) done

[Tue Dec 11 11:15:09 2018]
rule filter_eSet:
    input: /Users/Mahmoud.Hallal/Desktop/PhD/Generalized_pipeline/results/CML_0.01P_0.05FDR/test_eSet_notfiltered_CML.Rda, /Users/Mahmoud.Hallal/Desktop/PhD/Generalized_pipeline/Scripts/filter_eSet_sd.R
    output: /Users/Mahmoud.Hallal/Desktop/PhD/Generalized_pipeline/results/CML_0.01P_0.05FDR/test_eSet1_CML.Rda
    jobid: 2
    wildcards: CWD=/Users/Mahmoud.Hallal/Desktop/PhD/Generalized_pipeline, new_file=CML_0.01P_0.05FDR, cline=CML

[Tue Dec 11 11:15:20 2018]
Error in rule filter_eSet:
    jobid: 2
    output: /Users/Mahmoud.Hallal/Desktop/PhD/Generalized_pipeline/results/CML_0.01P_0.05FDR/test_eSet1_CML.Rda

RuleException:
CalledProcessError in line 94 of /Users/Mahmoud.Hallal/Desktop/PhD/Generalized_pipeline/snakemake/Snakefile:
Command ' set -euo pipefail;   Rscript --max-ppsize=200000 /Users/Mahmoud.Hallal/Desktop/PhD/Generalized_pipeline/Scripts/filter_eSet_sd.R ' returned non-zero exit status 1.
  File "/Users/Mahmoud.Hallal/Desktop/PhD/Generalized_pipeline/snakemake/Snakefile", line 94, in __rule_filter_eSet
  File "/Users/Mahmoud.Hallal/miniconda3/envs/snakemake_General/lib/python3.6/concurrent/futures/thread.py", line 56, in run
Shutting down, this might take some time.
Exiting because a job execution failed. Look above for error message
Complete log: /Users/Mahmoud.Hallal/Desktop/PhD/Generalized_pipeline/snakemake/.snakemake/log/2018-12-11T111442.733171.snakemake.log
