Building DAG of jobs...
Using shell: /bin/bash
Provided cores: 1
Rules claiming more threads will be scaled down.
Job counts:
	count	jobs
	1	Reproducibility
	1	STY_plotting
	1	SetRank_analysis
	1	all
	1	create_STY_eSet
	1	filter_eSet
	1	heatmap
	1	load_prepare_STY_files
	1	pca
	1	prepare_shiny_inputs
	1	setRank_collection_create
	1	topTables
	1	volcano_plot
	1	waterfall
	14

[Mon Nov  5 17:13:12 2018]
rule load_prepare_STY_files:
    input: /Users/Mahmoud.Hallal/Desktop/PhD/cell_lines_data/Stimulated_data/K562_Nilotinib_t2/Phospho (STY)Sites.txt, /Users/Mahmoud.Hallal/Desktop/PhD/Generalized_pipeline/cell_lines_analysis_STYfiles_INC1_INC2_sd.R
    output: /Users/Mahmoud.Hallal/Desktop/PhD/Generalized_pipeline/results/eSet_data_test1_K562.csv, /Users/Mahmoud.Hallal/Desktop/PhD/Generalized_pipeline/results/batches_all_data_K562.Rda, /Users/Mahmoud.Hallal/Desktop/PhD/Generalized_pipeline/results/batches_all_phospho_data_K562.Rda
    jobid: 7
    wildcards: CWD=/Users/Mahmoud.Hallal/Desktop/PhD/Generalized_pipeline, cline=K562

Terminating processes on user request, this might take some time.
[Mon Nov  5 17:13:17 2018]
Error in rule load_prepare_STY_files:
    jobid: 7
    output: /Users/Mahmoud.Hallal/Desktop/PhD/Generalized_pipeline/results/eSet_data_test1_K562.csv, /Users/Mahmoud.Hallal/Desktop/PhD/Generalized_pipeline/results/batches_all_data_K562.Rda, /Users/Mahmoud.Hallal/Desktop/PhD/Generalized_pipeline/results/batches_all_phospho_data_K562.Rda

RuleException:
CalledProcessError in line 66 of /Users/Mahmoud.Hallal/Desktop/PhD/Generalized_pipeline/snakemake/Snakefile:
Command ' set -euo pipefail;   Rscript /Users/Mahmoud.Hallal/Desktop/PhD/Generalized_pipeline/cell_lines_analysis_STYfiles_INC1_INC2_sd.R ' returned non-zero exit status 1.
  File "/Users/Mahmoud.Hallal/Desktop/PhD/Generalized_pipeline/snakemake/Snakefile", line 66, in __rule_load_prepare_STY_files
  File "/Users/Mahmoud.Hallal/miniconda3/envs/snakemake_General/lib/python3.6/concurrent/futures/thread.py", line 56, in run
Complete log: /Users/Mahmoud.Hallal/Desktop/PhD/Generalized_pipeline/snakemake/.snakemake/log/2018-11-05T171311.700922.snakemake.log
