Building DAG of jobs...
Using shell: /bin/bash
Provided cores: 1
Rules claiming more threads will be scaled down.
Job counts:
	count	jobs
	3	Reproducibility
	1	STY_plotting
	1	SetRank_analysis
	1	all
	1	create_STY_eSet
	1	create_kinase_substrate_5_dbs
	1	create_kinase_substrate_dbs
	1	filter_eSet
	1	heatmap
	1	load_prepare_STY_files
	1	pca
	1	prepare_shiny_inputs
	1	setRank_collection_create
	1	topTables
	1	volcano_plot
	1	waterfall
	18

[Tue Dec  4 11:26:57 2018]
rule create_kinase_substrate_5_dbs:
    input: /Users/Mahmoud.Hallal/Desktop/PhD/Phospho_database/phosphoELM_db/phosphoELM_vertebrate_2015-04.dump, /Users/Mahmoud.Hallal/Desktop/PhD/Phospho_database/phosphoSitePlus/Kinase_Substrate_Dataset, /Users/Mahmoud.Hallal/Desktop/PhD/Phospho_database/PhosphoNetworks/refKSI.csv, /Users/Mahmoud.Hallal/Desktop/PhD/Phospho_database/HPRD/FLAT_FILES_072010/POST_TRANSLATIONAL_MODIFICATIONS.txt, /Users/Mahmoud.Hallal/Desktop/PhD/Phospho_database/MINT/MINT_MiTab.txt, /Users/Mahmoud.Hallal/Desktop/PhD/Phospho_database/RegPhos/RegPhos_Phos_human.txt, /Users/Mahmoud.Hallal/Desktop/PhD/Phospho_database/SIGNOR/human_phosphorylations_09_05_17.csv, /Users/Mahmoud.Hallal/Desktop/PhD/Generalized_pipeline/Scripts/phospho_dbs_v2.R
    output: /Users/Mahmoud.Hallal/Desktop/PhD/Generalized_pipeline/results/U2OS_0.01P_0.05FDR/all_dbs1.csv
    jobid: 15
    wildcards: CWD=/Users/Mahmoud.Hallal/Desktop/PhD/Generalized_pipeline, new_file=U2OS_0.01P_0.05FDR

[Tue Dec  4 11:28:23 2018]
Finished job 15.
1 of 18 steps (6%) done

[Tue Dec  4 11:28:23 2018]
rule load_prepare_STY_files:
    input: /Users/Mahmoud.Hallal/Desktop/PhD/Generalized_pipeline/Fribourg_data_pipeline.txt, /Users/Mahmoud.Hallal/Desktop/PhD/Generalized_pipeline/Scripts/cell_lines_analysis_STYfiles_INC1_INC2_sd.R
    output: /Users/Mahmoud.Hallal/Desktop/PhD/Generalized_pipeline/results/U2OS_0.01P_0.05FDR/eSet_data_test1_U2OS.csv, /Users/Mahmoud.Hallal/Desktop/PhD/Generalized_pipeline/results/U2OS_0.01P_0.05FDR/batches_all_data_U2OS.Rda, /Users/Mahmoud.Hallal/Desktop/PhD/Generalized_pipeline/results/U2OS_0.01P_0.05FDR/batches_all_phospho_data_U2OS.Rda
    jobid: 9
    wildcards: CWD=/Users/Mahmoud.Hallal/Desktop/PhD/Generalized_pipeline, new_file=U2OS_0.01P_0.05FDR, cline=U2OS

[Tue Dec  4 11:28:41 2018]
Finished job 9.
2 of 18 steps (11%) done

[Tue Dec  4 11:28:41 2018]
rule STY_plotting:
    input: /Users/Mahmoud.Hallal/Desktop/PhD/Generalized_pipeline/results/U2OS_0.01P_0.05FDR/batches_all_data_U2OS.Rda, /Users/Mahmoud.Hallal/Desktop/PhD/Generalized_pipeline/results/U2OS_0.01P_0.05FDR/batches_all_phospho_data_U2OS.Rda, /Users/Mahmoud.Hallal/Desktop/PhD/Generalized_pipeline/Scripts/plotting_STY.R
    output: /Users/Mahmoud.Hallal/Desktop/PhD/Generalized_pipeline/results/U2OS_0.01P_0.05FDR/Phos_prots_with_position_histogram_U2OS.pdf, /Users/Mahmoud.Hallal/Desktop/PhD/Generalized_pipeline/results/U2OS_0.01P_0.05FDR/Phos_prots_histogram_U2OS.pdf, /Users/Mahmoud.Hallal/Desktop/PhD/Generalized_pipeline/results/U2OS_0.01P_0.05FDR/Phos_peptides_venn_diagram_U2OS.pdf, /Users/Mahmoud.Hallal/Desktop/PhD/Generalized_pipeline/results/U2OS_0.01P_0.05FDR/Phos_prots_with_position_venn_diagram_U2OS.pdf, /Users/Mahmoud.Hallal/Desktop/PhD/Generalized_pipeline/results/U2OS_0.01P_0.05FDR/table_counts_all_U2OS.csv
    jobid: 1
    wildcards: CWD=/Users/Mahmoud.Hallal/Desktop/PhD/Generalized_pipeline, new_file=U2OS_0.01P_0.05FDR, cline=U2OS

[Tue Dec  4 11:28:52 2018]
Finished job 1.
3 of 18 steps (17%) done

[Tue Dec  4 11:28:52 2018]
rule create_kinase_substrate_dbs:
    input: /Users/Mahmoud.Hallal/Desktop/PhD/Motif_analysis/all_dbs.csv, /Users/Mahmoud.Hallal/Desktop/PhD/Generalized_pipeline/results/U2OS_0.01P_0.05FDR/all_dbs1.csv, /Users/Mahmoud.Hallal/Desktop/PhD/Generalized_pipeline/Scripts/phospho_dbs_with_motif.R, /Users/Mahmoud.Hallal/Desktop/PhD/Generalized_pipeline/Scripts/phospho_dbs_without_motif.R
    output: /Users/Mahmoud.Hallal/Desktop/PhD/Generalized_pipeline/results/U2OS_0.01P_0.05FDR/all_dbs.csv
    jobid: 11
    wildcards: CWD=/Users/Mahmoud.Hallal/Desktop/PhD/Generalized_pipeline, new_file=U2OS_0.01P_0.05FDR

[Tue Dec  4 11:28:54 2018]
Finished job 11.
4 of 18 steps (22%) done

[Tue Dec  4 11:28:54 2018]
rule create_STY_eSet:
    input: /Users/Mahmoud.Hallal/Desktop/PhD/Generalized_pipeline/results/U2OS_0.01P_0.05FDR/eSet_data_test1_U2OS.csv, /Users/Mahmoud.Hallal/Desktop/PhD/Generalized_pipeline/Scripts/create_eSet_sd.R
    output: /Users/Mahmoud.Hallal/Desktop/PhD/Generalized_pipeline/results/U2OS_0.01P_0.05FDR/test_eSet_notfiltered_U2OS.Rda
    jobid: 14
    wildcards: CWD=/Users/Mahmoud.Hallal/Desktop/PhD/Generalized_pipeline, new_file=U2OS_0.01P_0.05FDR, cline=U2OS

[Tue Dec  4 11:29:08 2018]
Finished job 14.
5 of 18 steps (28%) done

[Tue Dec  4 11:29:08 2018]
rule filter_eSet:
    input: /Users/Mahmoud.Hallal/Desktop/PhD/Generalized_pipeline/results/U2OS_0.01P_0.05FDR/test_eSet_notfiltered_U2OS.Rda, /Users/Mahmoud.Hallal/Desktop/PhD/Generalized_pipeline/Scripts/filter_eSet_sd.R
    output: /Users/Mahmoud.Hallal/Desktop/PhD/Generalized_pipeline/results/U2OS_0.01P_0.05FDR/test_eSet1_U2OS.Rda
    jobid: 10
    wildcards: CWD=/Users/Mahmoud.Hallal/Desktop/PhD/Generalized_pipeline, new_file=U2OS_0.01P_0.05FDR, cline=U2OS

[Tue Dec  4 11:29:21 2018]
Finished job 10.
6 of 18 steps (33%) done

[Tue Dec  4 11:29:21 2018]
rule Reproducibility:
    input: /Users/Mahmoud.Hallal/Desktop/PhD/Generalized_pipeline/results/U2OS_0.01P_0.05FDR/test_eSet1_U2OS.Rda, /Users/Mahmoud.Hallal/Desktop/PhD/Generalized_pipeline/results/U2OS_0.01P_0.05FDR/batches_all_data_U2OS.Rda, /Users/Mahmoud.Hallal/Desktop/PhD/Generalized_pipeline/results/U2OS_0.01P_0.05FDR/batches_all_phospho_data_U2OS.Rda, /Users/Mahmoud.Hallal/Desktop/PhD/Generalized_pipeline/Scripts/STY_reproducibility.R
    output: /Users/Mahmoud.Hallal/Desktop/PhD/Generalized_pipeline/results/U2OS_0.01P_0.05FDR/Phos_proteins_U2OS_venn_diagram_U2OS_RapConA_WT.pdf
    jobid: 5
    wildcards: CWD=/Users/Mahmoud.Hallal/Desktop/PhD/Generalized_pipeline, new_file=U2OS_0.01P_0.05FDR, cline=U2OS, COND=U2OS_RapConA_WT

Terminating processes on user request, this might take some time.
[Tue Dec  4 11:30:06 2018]
Error in rule Reproducibility:
    jobid: 5
    output: /Users/Mahmoud.Hallal/Desktop/PhD/Generalized_pipeline/results/U2OS_0.01P_0.05FDR/Phos_proteins_U2OS_venn_diagram_U2OS_RapConA_WT.pdf

RuleException:
CalledProcessError in line 161 of /Users/Mahmoud.Hallal/Desktop/PhD/Generalized_pipeline/snakemake/Snakefile:
Command ' set -euo pipefail;   Rscript /Users/Mahmoud.Hallal/Desktop/PhD/Generalized_pipeline/Scripts/STY_reproducibility.R ' returned non-zero exit status 1.
  File "/Users/Mahmoud.Hallal/Desktop/PhD/Generalized_pipeline/snakemake/Snakefile", line 161, in __rule_Reproducibility
  File "/Users/Mahmoud.Hallal/miniconda3/envs/snakemake_General/lib/python3.6/concurrent/futures/thread.py", line 56, in run
Complete log: /Users/Mahmoud.Hallal/Desktop/PhD/Generalized_pipeline/snakemake/.snakemake/log/2018-12-04T112657.413633.snakemake.log
