Building DAG of jobs...
Using shell: /bin/bash
Provided cores: 1
Rules claiming more threads will be scaled down.
Job counts:
	count	jobs
	1	Reproducibility
	1	STY_plotting
	1	SetRank_analysis
	1	all
	1	heatmap
	1	pca
	1	prepare_shiny_inputs
	1	topTables
	1	volcano_plot
	1	waterfall
	10

[Wed Dec  5 09:12:35 2018]
rule Reproducibility:
    input: /Users/Mahmoud.Hallal/Desktop/PhD/Generalized_pipeline/results/K562_0.01P_0.05FDR/test_eSet1_K562.Rda, /Users/Mahmoud.Hallal/Desktop/PhD/Generalized_pipeline/results/K562_0.01P_0.05FDR/batches_all_data_K562.Rda, /Users/Mahmoud.Hallal/Desktop/PhD/Generalized_pipeline/results/K562_0.01P_0.05FDR/batches_all_phospho_data_K562.Rda, /Users/Mahmoud.Hallal/Desktop/PhD/Generalized_pipeline/Scripts/STY_reproducibility.R
    output: /Users/Mahmoud.Hallal/Desktop/PhD/Generalized_pipeline/results/K562_0.01P_0.05FDR/Phos_proteins_K562_CTRL_venn_diagram.pdf, /Users/Mahmoud.Hallal/Desktop/PhD/Generalized_pipeline/results/K562_0.01P_0.05FDR/Phos_proteins_K562_DRG_venn_diagram.pdf
    jobid: 4
    wildcards: CWD=/Users/Mahmoud.Hallal/Desktop/PhD/Generalized_pipeline, new_file=K562_0.01P_0.05FDR, cline=K562

[Wed Dec  5 09:13:04 2018]
Finished job 4.
1 of 10 steps (10%) done

[Wed Dec  5 09:13:04 2018]
rule STY_plotting:
    input: /Users/Mahmoud.Hallal/Desktop/PhD/Generalized_pipeline/results/K562_0.01P_0.05FDR/batches_all_data_K562.Rda, /Users/Mahmoud.Hallal/Desktop/PhD/Generalized_pipeline/results/K562_0.01P_0.05FDR/batches_all_phospho_data_K562.Rda, /Users/Mahmoud.Hallal/Desktop/PhD/Generalized_pipeline/Scripts/plotting_STY.R
    output: /Users/Mahmoud.Hallal/Desktop/PhD/Generalized_pipeline/results/K562_0.01P_0.05FDR/Phos_prots_with_position_histogram_K562.pdf, /Users/Mahmoud.Hallal/Desktop/PhD/Generalized_pipeline/results/K562_0.01P_0.05FDR/Phos_prots_histogram_K562.pdf, /Users/Mahmoud.Hallal/Desktop/PhD/Generalized_pipeline/results/K562_0.01P_0.05FDR/Phos_peptides_venn_diagram_K562.pdf, /Users/Mahmoud.Hallal/Desktop/PhD/Generalized_pipeline/results/K562_0.01P_0.05FDR/Phos_prots_with_position_venn_diagram_K562.pdf, /Users/Mahmoud.Hallal/Desktop/PhD/Generalized_pipeline/results/K562_0.01P_0.05FDR/table_counts_all_K562.csv
    jobid: 3
    wildcards: CWD=/Users/Mahmoud.Hallal/Desktop/PhD/Generalized_pipeline, new_file=K562_0.01P_0.05FDR, cline=K562

[Wed Dec  5 09:13:14 2018]
Finished job 3.
2 of 10 steps (20%) done

[Wed Dec  5 09:13:14 2018]
rule volcano_plot:
    input: /Users/Mahmoud.Hallal/Desktop/PhD/Generalized_pipeline/results/K562_0.01P_0.05FDR/test_eSet1_K562.Rda, /Users/Mahmoud.Hallal/Desktop/PhD/Generalized_pipeline/Scripts/volcano_plots.R
    output: /Users/Mahmoud.Hallal/Desktop/PhD/Generalized_pipeline/results/K562_0.01P_0.05FDR/Volcano_plot_K562_K562_DRG.pdf
    jobid: 2
    wildcards: CWD=/Users/Mahmoud.Hallal/Desktop/PhD/Generalized_pipeline, new_file=K562_0.01P_0.05FDR, cline=K562

[Wed Dec  5 09:13:31 2018]
Finished job 2.
3 of 10 steps (30%) done

[Wed Dec  5 09:13:31 2018]
rule topTables:
    input: /Users/Mahmoud.Hallal/Desktop/PhD/Generalized_pipeline/results/K562_0.01P_0.05FDR/test_eSet1_K562.Rda, /Users/Mahmoud.Hallal/Desktop/PhD/Generalized_pipeline/Scripts/top_tables.R
    output: /Users/Mahmoud.Hallal/Desktop/PhD/Generalized_pipeline/results/K562_0.01P_0.05FDR/topTables_K562_less.Rda
    jobid: 15
    wildcards: CWD=/Users/Mahmoud.Hallal/Desktop/PhD/Generalized_pipeline, new_file=K562_0.01P_0.05FDR, cline=K562

[Wed Dec  5 09:13:54 2018]
Finished job 15.
4 of 10 steps (40%) done

[Wed Dec  5 09:13:54 2018]
rule SetRank_analysis:
    input: /Users/Mahmoud.Hallal/Desktop/PhD/Generalized_pipeline/results/K562_0.01P_0.05FDR/collection_K562.Rda, /Users/Mahmoud.Hallal/Desktop/PhD/Generalized_pipeline/results/K562_0.01P_0.05FDR/topTables_K562_less.Rda, /Users/Mahmoud.Hallal/Desktop/PhD/Generalized_pipeline/Scripts/setRank_analysis.R
    output: /Users/Mahmoud.Hallal/Desktop/PhD/Generalized_pipeline/results/K562_0.01P_0.05FDR/output_networks_with_positions_0.05FDR_0.01P_K562_less/K562_CTRL_pathways.txt, /Users/Mahmoud.Hallal/Desktop/PhD/Generalized_pipeline/results/K562_0.01P_0.05FDR/output_networks_with_positions_0.05FDR_0.01P_K562_less/K562_DRG_pathways.txt, /Users/Mahmoud.Hallal/Desktop/PhD/Generalized_pipeline/results/K562_0.01P_0.05FDR/output_networks_with_positions_0.05FDR_0.01P_K562_less/pathways.txt
    jobid: 12
    wildcards: CWD=/Users/Mahmoud.Hallal/Desktop/PhD/Generalized_pipeline, new_file=K562_0.01P_0.05FDR, fdr=0.05, pv=0.01, cline=K562

[Wed Dec  5 09:14:30 2018]
Finished job 12.
5 of 10 steps (50%) done

[Wed Dec  5 09:14:30 2018]
rule pca:
    input: /Users/Mahmoud.Hallal/Desktop/PhD/Generalized_pipeline/results/K562_0.01P_0.05FDR/test_eSet1_K562.Rda, /Users/Mahmoud.Hallal/Desktop/PhD/Generalized_pipeline/Scripts/pca.R
    output: /Users/Mahmoud.Hallal/Desktop/PhD/Generalized_pipeline/results/K562_0.01P_0.05FDR/PCA_plot_filtered_K562.pdf
    jobid: 6
    wildcards: CWD=/Users/Mahmoud.Hallal/Desktop/PhD/Generalized_pipeline, new_file=K562_0.01P_0.05FDR, cline=K562

[Wed Dec  5 09:14:34 2018]
Finished job 6.
6 of 10 steps (60%) done

[Wed Dec  5 09:14:34 2018]
rule waterfall:
    input: /Users/Mahmoud.Hallal/Desktop/PhD/Generalized_pipeline/results/K562_0.01P_0.05FDR/output_networks_with_positions_0.05FDR_0.01P_K562_less/pathways.txt, /Users/Mahmoud.Hallal/Desktop/PhD/Generalized_pipeline/Scripts/waterfall_create.R
    output: /Users/Mahmoud.Hallal/Desktop/PhD/Generalized_pipeline/results/K562_0.01P_0.05FDR/Material_for_waterfall_0.05FDR_0.01P_K562.Rda
    jobid: 7
    wildcards: CWD=/Users/Mahmoud.Hallal/Desktop/PhD/Generalized_pipeline, new_file=K562_0.01P_0.05FDR, fdr=0.05, pv=0.01, cline=K562

[Wed Dec  5 09:14:37 2018]
Finished job 7.
7 of 10 steps (70%) done

[Wed Dec  5 09:14:37 2018]
rule heatmap:
    input: /Users/Mahmoud.Hallal/Desktop/PhD/Generalized_pipeline/results/K562_0.01P_0.05FDR/output_networks_with_positions_0.05FDR_0.01P_K562_less/pathways.txt, /Users/Mahmoud.Hallal/Desktop/PhD/Generalized_pipeline/Scripts/pathway_create.R
    output: /Users/Mahmoud.Hallal/Desktop/PhD/Generalized_pipeline/results/K562_0.01P_0.05FDR/Material_for_heatmap_0.05FDR_0.01P_K562.csv
    jobid: 8
    wildcards: CWD=/Users/Mahmoud.Hallal/Desktop/PhD/Generalized_pipeline, new_file=K562_0.01P_0.05FDR, fdr=0.05, pv=0.01, cline=K562

[Wed Dec  5 09:14:39 2018]
Finished job 8.
8 of 10 steps (80%) done

[Wed Dec  5 09:14:39 2018]
rule prepare_shiny_inputs:
    input: /Users/Mahmoud.Hallal/Desktop/PhD/Generalized_pipeline/results/K562_0.01P_0.05FDR/Material_for_waterfall_0.05FDR_0.01P_K562.Rda, /Users/Mahmoud.Hallal/Desktop/PhD/Generalized_pipeline/results/K562_0.01P_0.05FDR/Material_for_heatmap_0.05FDR_0.01P_K562.csv, /Users/Mahmoud.Hallal/Desktop/PhD/Generalized_pipeline/Scripts/prepare_shiny_outputs.R
    output: /Users/Mahmoud.Hallal/Desktop/PhD/Generalized_pipeline/results/K562_0.01P_0.05FDR/results_shiny_K562_0.01P_0.05FDR.Rda
    jobid: 1
    wildcards: CWD=/Users/Mahmoud.Hallal/Desktop/PhD/Generalized_pipeline, new_file=K562_0.01P_0.05FDR, cline=K562, pv=0.01, fdr=0.05

[Wed Dec  5 09:17:08 2018]
Finished job 1.
9 of 10 steps (90%) done

[Wed Dec  5 09:17:08 2018]
localrule all:
    input: /Users/Mahmoud.Hallal/Desktop/PhD/Generalized_pipeline/results/K562_0.01P_0.05FDR/PCA_plot_filtered_K562.pdf, /Users/Mahmoud.Hallal/Desktop/PhD/Generalized_pipeline/results/K562_0.01P_0.05FDR/Phos_prots_with_position_venn_diagram_K562.pdf, /Users/Mahmoud.Hallal/Desktop/PhD/Generalized_pipeline/results/K562_0.01P_0.05FDR/Phos_prots_histogram_K562.pdf, /Users/Mahmoud.Hallal/Desktop/PhD/Generalized_pipeline/results/K562_0.01P_0.05FDR/Phos_proteins_K562_CTRL_venn_diagram.pdf, /Users/Mahmoud.Hallal/Desktop/PhD/Generalized_pipeline/results/K562_0.01P_0.05FDR/collection_K562.Rda, /Users/Mahmoud.Hallal/Desktop/PhD/Generalized_pipeline/results/K562_0.01P_0.05FDR/results_shiny_K562_0.01P_0.05FDR.Rda, /Users/Mahmoud.Hallal/Desktop/PhD/Generalized_pipeline/results/K562_0.01P_0.05FDR/Volcano_plot_K562_K562_DRG.pdf
    jobid: 0

[Wed Dec  5 09:17:08 2018]
Finished job 0.
10 of 10 steps (100%) done
Complete log: /Users/Mahmoud.Hallal/Desktop/PhD/Generalized_pipeline/snakemake/.snakemake/log/2018-12-05T091234.682588.snakemake.log
