Building DAG of jobs...
Using shell: /bin/bash
Provided cores: 1
Rules claiming more threads will be scaled down.
Job counts:
	count	jobs
	1	SetRank_analysis
	1	all
	1	heatmap
	3

[Wed Sep 26 11:55:55 2018]
rule SetRank_analysis:
    input: /Users/Mahmoud.Hallal/Desktop/PhD/stimulated_data_analysis/Molm13_Midostaurin_09.2018_results/collection500_filtered.Rda, /Users/Mahmoud.Hallal/Desktop/PhD/stimulated_data_analysis/Molm13_Midostaurin_09.2018_results/topTables_less.Rda, /Users/Mahmoud.Hallal/Desktop/PhD/Stimulated_data_analysis/Molm13_Midostaurin_09.2018/snakemake/params/parameters.txt, /Users/Mahmoud.Hallal/Desktop/PhD/Stimulated_data_analysis/Molm13_Midostaurin_09.2018/setRank_analysis.R
    output: /Users/Mahmoud.Hallal/Desktop/PhD/stimulated_data_analysis/Molm13_Midostaurin_09.2018_results/output_networks_with_positions_0.01fdr_filtered_less/MOLM13_CTRL_pathways.txt, /Users/Mahmoud.Hallal/Desktop/PhD/stimulated_data_analysis/Molm13_Midostaurin_09.2018_results/output_networks_with_positions_0.01fdr_filtered_less/MOLM13_DRG_pathways.txt, /Users/Mahmoud.Hallal/Desktop/PhD/stimulated_data_analysis/Molm13_Midostaurin_09.2018_results/output_networks_with_positions_0.01fdr_filtered_less/pathways.txt
    jobid: 10

[Wed Sep 26 11:56:18 2018]
Finished job 10.
1 of 3 steps (33%) done

[Wed Sep 26 11:56:18 2018]
rule heatmap:
    input: /Users/Mahmoud.Hallal/Desktop/PhD/Stimulated_data_analysis/Molm13_Midostaurin_09.2018/snakemake/params/parameters.txt, /Users/Mahmoud.Hallal/Desktop/PhD/stimulated_data_analysis/Molm13_Midostaurin_09.2018_results/output_networks_with_positions_0.01fdr_filtered_less/pathways.txt, /Users/Mahmoud.Hallal/Desktop/PhD/Stimulated_data_analysis/Molm13_Midostaurin_09.2018/pathway_create.R
    output: /Users/Mahmoud.Hallal/Desktop/PhD/stimulated_data_analysis/Molm13_Midostaurin_09.2018_results/pathway_summary_all_phosprots_delete_True_0.01P_0.01fdr_filtered.pdf, /Users/Mahmoud.Hallal/Desktop/PhD/Stimulated_data_analysis/Molm13_Midostaurin_09.2018_results/dataframe_map_to_pathway.csv
    jobid: 3

[Wed Sep 26 11:56:20 2018]
Error in rule heatmap:
    jobid: 3
    output: /Users/Mahmoud.Hallal/Desktop/PhD/stimulated_data_analysis/Molm13_Midostaurin_09.2018_results/pathway_summary_all_phosprots_delete_True_0.01P_0.01fdr_filtered.pdf, /Users/Mahmoud.Hallal/Desktop/PhD/Stimulated_data_analysis/Molm13_Midostaurin_09.2018_results/dataframe_map_to_pathway.csv

RuleException:
CalledProcessError in line 216 of /Users/Mahmoud.Hallal/Desktop/PhD/Stimulated_data_analysis/Molm13_Midostaurin_09.2018/snakemake/Snakefile:
Command ' set -euo pipefail;   Rscript /Users/Mahmoud.Hallal/Desktop/PhD/Stimulated_data_analysis/Molm13_Midostaurin_09.2018/pathway_create.R ' returned non-zero exit status 1.
  File "/Users/Mahmoud.Hallal/Desktop/PhD/Stimulated_data_analysis/Molm13_Midostaurin_09.2018/snakemake/Snakefile", line 216, in __rule_heatmap
  File "/Users/Mahmoud.Hallal/miniconda3/envs/snakemake_Molm13_Mido/lib/python3.6/concurrent/futures/thread.py", line 56, in run
Shutting down, this might take some time.
Exiting because a job execution failed. Look above for error message
Complete log: /Users/Mahmoud.Hallal/Desktop/PhD/Stimulated_data_analysis/Molm13_Midostaurin_09.2018/snakemake/.snakemake/log/2018-09-26T115554.252763.snakemake.log
