Building DAG of jobs...
Using shell: /bin/bash
Provided cores: 1
Rules claiming more threads will be scaled down.
Job counts:
	count	jobs
	3	Reproducibility
	1	SetRank_analysis
	1	all
	1	filter_eSet
	1	heatmap
	1	pca
	1	prepare_shiny_inputs
	1	setRank_collection_create
	1	topTables
	3	volcano_plot
	1	waterfall
	15

[Wed Dec  5 15:51:43 2018]
rule filter_eSet:
    input: /Users/Mahmoud.Hallal/Desktop/PhD/Generalized_pipeline/results/U2OS_0.01P_0.01FDR/test_eSet_notfiltered_U2OS.Rda, /Users/Mahmoud.Hallal/Desktop/PhD/Generalized_pipeline/Scripts/filter_eSet_sd.R
    output: /Users/Mahmoud.Hallal/Desktop/PhD/Generalized_pipeline/results/U2OS_0.01P_0.01FDR/test_eSet1_U2OS.Rda
    jobid: 10
    wildcards: CWD=/Users/Mahmoud.Hallal/Desktop/PhD/Generalized_pipeline, new_file=U2OS_0.01P_0.01FDR, cline=U2OS

[Wed Dec  5 15:51:54 2018]
Finished job 10.
1 of 15 steps (7%) done

[Wed Dec  5 15:51:54 2018]
rule Reproducibility:
    input: /Users/Mahmoud.Hallal/Desktop/PhD/Generalized_pipeline/results/U2OS_0.01P_0.01FDR/test_eSet1_U2OS.Rda, /Users/Mahmoud.Hallal/Desktop/PhD/Generalized_pipeline/results/U2OS_0.01P_0.01FDR/batches_all_data_U2OS.Rda, /Users/Mahmoud.Hallal/Desktop/PhD/Generalized_pipeline/results/U2OS_0.01P_0.01FDR/batches_all_phospho_data_U2OS.Rda, /Users/Mahmoud.Hallal/Desktop/PhD/Generalized_pipeline/Scripts/STY_reproducibility.R
    output: /Users/Mahmoud.Hallal/Desktop/PhD/Generalized_pipeline/results/U2OS_0.01P_0.01FDR/Phos_proteins_U2OS_venn_diagram_U2OS_RapConA_Rap.pdf
    jobid: 11
    wildcards: CWD=/Users/Mahmoud.Hallal/Desktop/PhD/Generalized_pipeline, new_file=U2OS_0.01P_0.01FDR, cline=U2OS, COND=U2OS_RapConA_Rap

[Wed Dec  5 15:52:16 2018]
Finished job 11.
2 of 15 steps (13%) done

[Wed Dec  5 15:52:16 2018]
rule Reproducibility:
    input: /Users/Mahmoud.Hallal/Desktop/PhD/Generalized_pipeline/results/U2OS_0.01P_0.01FDR/test_eSet1_U2OS.Rda, /Users/Mahmoud.Hallal/Desktop/PhD/Generalized_pipeline/results/U2OS_0.01P_0.01FDR/batches_all_data_U2OS.Rda, /Users/Mahmoud.Hallal/Desktop/PhD/Generalized_pipeline/results/U2OS_0.01P_0.01FDR/batches_all_phospho_data_U2OS.Rda, /Users/Mahmoud.Hallal/Desktop/PhD/Generalized_pipeline/Scripts/STY_reproducibility.R
    output: /Users/Mahmoud.Hallal/Desktop/PhD/Generalized_pipeline/results/U2OS_0.01P_0.01FDR/Phos_proteins_U2OS_venn_diagram_U2OS_RapConA_WT.pdf
    jobid: 2
    wildcards: CWD=/Users/Mahmoud.Hallal/Desktop/PhD/Generalized_pipeline, new_file=U2OS_0.01P_0.01FDR, cline=U2OS, COND=U2OS_RapConA_WT

[Wed Dec  5 15:52:38 2018]
Finished job 2.
3 of 15 steps (20%) done

[Wed Dec  5 15:52:38 2018]
rule Reproducibility:
    input: /Users/Mahmoud.Hallal/Desktop/PhD/Generalized_pipeline/results/U2OS_0.01P_0.01FDR/test_eSet1_U2OS.Rda, /Users/Mahmoud.Hallal/Desktop/PhD/Generalized_pipeline/results/U2OS_0.01P_0.01FDR/batches_all_data_U2OS.Rda, /Users/Mahmoud.Hallal/Desktop/PhD/Generalized_pipeline/results/U2OS_0.01P_0.01FDR/batches_all_phospho_data_U2OS.Rda, /Users/Mahmoud.Hallal/Desktop/PhD/Generalized_pipeline/Scripts/STY_reproducibility.R
    output: /Users/Mahmoud.Hallal/Desktop/PhD/Generalized_pipeline/results/U2OS_0.01P_0.01FDR/Phos_proteins_U2OS_venn_diagram_U2OS_Rap_WT.pdf
    jobid: 14
    wildcards: CWD=/Users/Mahmoud.Hallal/Desktop/PhD/Generalized_pipeline, new_file=U2OS_0.01P_0.01FDR, cline=U2OS, COND=U2OS_Rap_WT

[Wed Dec  5 15:53:00 2018]
Finished job 14.
4 of 15 steps (27%) done

[Wed Dec  5 15:53:00 2018]
rule setRank_collection_create:
    input: /Users/Mahmoud.Hallal/Desktop/PhD/Generalized_pipeline/results/U2OS_0.01P_0.01FDR/test_eSet1_U2OS.Rda, /Users/Mahmoud.Hallal/Desktop/PhD/Generalized_pipeline/results/U2OS_0.01P_0.01FDR/all_dbs.csv, /Users/Mahmoud.Hallal/Desktop/PhD/Generalized_pipeline/Scripts/collection_create.R
    output: /Users/Mahmoud.Hallal/Desktop/PhD/Generalized_pipeline/results/U2OS_0.01P_0.01FDR/collection_U2OS.Rda
    jobid: 6
    wildcards: CWD=/Users/Mahmoud.Hallal/Desktop/PhD/Generalized_pipeline, new_file=U2OS_0.01P_0.01FDR, cline=U2OS

[Wed Dec  5 15:59:12 2018]
Finished job 6.
5 of 15 steps (33%) done

[Wed Dec  5 15:59:12 2018]
rule topTables:
    input: /Users/Mahmoud.Hallal/Desktop/PhD/Generalized_pipeline/results/U2OS_0.01P_0.01FDR/test_eSet1_U2OS.Rda, /Users/Mahmoud.Hallal/Desktop/PhD/Generalized_pipeline/Scripts/top_tables.R
    output: /Users/Mahmoud.Hallal/Desktop/PhD/Generalized_pipeline/results/U2OS_0.01P_0.01FDR/topTables_U2OS_less.Rda
    jobid: 7
    wildcards: CWD=/Users/Mahmoud.Hallal/Desktop/PhD/Generalized_pipeline, new_file=U2OS_0.01P_0.01FDR, cline=U2OS

[Wed Dec  5 15:59:38 2018]
Finished job 7.
6 of 15 steps (40%) done

[Wed Dec  5 15:59:38 2018]
rule SetRank_analysis:
    input: /Users/Mahmoud.Hallal/Desktop/PhD/Generalized_pipeline/results/U2OS_0.01P_0.01FDR/collection_U2OS.Rda, /Users/Mahmoud.Hallal/Desktop/PhD/Generalized_pipeline/results/U2OS_0.01P_0.01FDR/topTables_U2OS_less.Rda, /Users/Mahmoud.Hallal/Desktop/PhD/Generalized_pipeline/Scripts/setRank_analysis.R
    output: /Users/Mahmoud.Hallal/Desktop/PhD/Generalized_pipeline/results/U2OS_0.01P_0.01FDR/output_networks_with_positions_0.01FDR_0.01P_U2OS_less/U2OS_Rap_WT_pathways.txt, /Users/Mahmoud.Hallal/Desktop/PhD/Generalized_pipeline/results/U2OS_0.01P_0.01FDR/output_networks_with_positions_0.01FDR_0.01P_U2OS_less/U2OS_RapConA_WT_pathways.txt, /Users/Mahmoud.Hallal/Desktop/PhD/Generalized_pipeline/results/U2OS_0.01P_0.01FDR/output_networks_with_positions_0.01FDR_0.01P_U2OS_less/U2OS_RapConA_Rap_pathways.txt, /Users/Mahmoud.Hallal/Desktop/PhD/Generalized_pipeline/results/U2OS_0.01P_0.01FDR/output_networks_with_positions_0.01FDR_0.01P_U2OS_less/pathways.txt
    jobid: 3
    wildcards: CWD=/Users/Mahmoud.Hallal/Desktop/PhD/Generalized_pipeline, new_file=U2OS_0.01P_0.01FDR, fdr=0.01, pv=0.01, cline=U2OS

[Wed Dec  5 16:00:41 2018]
Finished job 3.
7 of 15 steps (47%) done

[Wed Dec  5 16:00:41 2018]
rule volcano_plot:
    input: /Users/Mahmoud.Hallal/Desktop/PhD/Generalized_pipeline/results/U2OS_0.01P_0.01FDR/test_eSet1_U2OS.Rda, /Users/Mahmoud.Hallal/Desktop/PhD/Generalized_pipeline/Scripts/volcano_plots.R
    output: /Users/Mahmoud.Hallal/Desktop/PhD/Generalized_pipeline/results/U2OS_0.01P_0.01FDR/Volcano_plot_U2OS_x_U2OS_Rap_WT.pdf
    jobid: 8
    wildcards: CWD=/Users/Mahmoud.Hallal/Desktop/PhD/Generalized_pipeline, new_file=U2OS_0.01P_0.01FDR, cline=U2OS, cond=U2OS_Rap_WT

[Wed Dec  5 16:00:52 2018]
Finished job 8.
8 of 15 steps (53%) done

[Wed Dec  5 16:00:52 2018]
rule volcano_plot:
    input: /Users/Mahmoud.Hallal/Desktop/PhD/Generalized_pipeline/results/U2OS_0.01P_0.01FDR/test_eSet1_U2OS.Rda, /Users/Mahmoud.Hallal/Desktop/PhD/Generalized_pipeline/Scripts/volcano_plots.R
    output: /Users/Mahmoud.Hallal/Desktop/PhD/Generalized_pipeline/results/U2OS_0.01P_0.01FDR/Volcano_plot_U2OS_x_U2OS_RapConA_Rap.pdf
    jobid: 5
    wildcards: CWD=/Users/Mahmoud.Hallal/Desktop/PhD/Generalized_pipeline, new_file=U2OS_0.01P_0.01FDR, cline=U2OS, cond=U2OS_RapConA_Rap

[Wed Dec  5 16:00:58 2018]
Finished job 5.
9 of 15 steps (60%) done

[Wed Dec  5 16:00:58 2018]
rule volcano_plot:
    input: /Users/Mahmoud.Hallal/Desktop/PhD/Generalized_pipeline/results/U2OS_0.01P_0.01FDR/test_eSet1_U2OS.Rda, /Users/Mahmoud.Hallal/Desktop/PhD/Generalized_pipeline/Scripts/volcano_plots.R
    output: /Users/Mahmoud.Hallal/Desktop/PhD/Generalized_pipeline/results/U2OS_0.01P_0.01FDR/Volcano_plot_U2OS_x_U2OS_RapConA_WT.pdf
    jobid: 15
    wildcards: CWD=/Users/Mahmoud.Hallal/Desktop/PhD/Generalized_pipeline, new_file=U2OS_0.01P_0.01FDR, cline=U2OS, cond=U2OS_RapConA_WT

[Wed Dec  5 16:01:03 2018]
Finished job 15.
10 of 15 steps (67%) done

[Wed Dec  5 16:01:03 2018]
rule pca:
    input: /Users/Mahmoud.Hallal/Desktop/PhD/Generalized_pipeline/results/U2OS_0.01P_0.01FDR/test_eSet1_U2OS.Rda, /Users/Mahmoud.Hallal/Desktop/PhD/Generalized_pipeline/Scripts/pca.R
    output: /Users/Mahmoud.Hallal/Desktop/PhD/Generalized_pipeline/results/U2OS_0.01P_0.01FDR/PCA_plot_filtered_U2OS.pdf
    jobid: 16
    wildcards: CWD=/Users/Mahmoud.Hallal/Desktop/PhD/Generalized_pipeline, new_file=U2OS_0.01P_0.01FDR, cline=U2OS

[Wed Dec  5 16:01:07 2018]
Finished job 16.
11 of 15 steps (73%) done

[Wed Dec  5 16:01:07 2018]
rule waterfall:
    input: /Users/Mahmoud.Hallal/Desktop/PhD/Generalized_pipeline/results/U2OS_0.01P_0.01FDR/output_networks_with_positions_0.01FDR_0.01P_U2OS_less/pathways.txt, /Users/Mahmoud.Hallal/Desktop/PhD/Generalized_pipeline/Scripts/waterfall_create.R
    output: /Users/Mahmoud.Hallal/Desktop/PhD/Generalized_pipeline/results/U2OS_0.01P_0.01FDR/Material_for_waterfall_0.01FDR_0.01P_U2OS.Rda
    jobid: 17
    wildcards: CWD=/Users/Mahmoud.Hallal/Desktop/PhD/Generalized_pipeline, new_file=U2OS_0.01P_0.01FDR, fdr=0.01, pv=0.01, cline=U2OS

[Wed Dec  5 16:01:11 2018]
Finished job 17.
12 of 15 steps (80%) done

[Wed Dec  5 16:01:11 2018]
rule heatmap:
    input: /Users/Mahmoud.Hallal/Desktop/PhD/Generalized_pipeline/results/U2OS_0.01P_0.01FDR/output_networks_with_positions_0.01FDR_0.01P_U2OS_less/pathways.txt, /Users/Mahmoud.Hallal/Desktop/PhD/Generalized_pipeline/Scripts/pathway_create.R
    output: /Users/Mahmoud.Hallal/Desktop/PhD/Generalized_pipeline/results/U2OS_0.01P_0.01FDR/Material_for_heatmap_0.01FDR_0.01P_U2OS.csv
    jobid: 18
    wildcards: CWD=/Users/Mahmoud.Hallal/Desktop/PhD/Generalized_pipeline, new_file=U2OS_0.01P_0.01FDR, fdr=0.01, pv=0.01, cline=U2OS

[Wed Dec  5 16:01:12 2018]
Finished job 18.
13 of 15 steps (87%) done

[Wed Dec  5 16:01:12 2018]
rule prepare_shiny_inputs:
    input: /Users/Mahmoud.Hallal/Desktop/PhD/Generalized_pipeline/results/U2OS_0.01P_0.01FDR/Material_for_waterfall_0.01FDR_0.01P_U2OS.Rda, /Users/Mahmoud.Hallal/Desktop/PhD/Generalized_pipeline/results/U2OS_0.01P_0.01FDR/Material_for_heatmap_0.01FDR_0.01P_U2OS.csv, /Users/Mahmoud.Hallal/Desktop/PhD/Generalized_pipeline/Scripts/prepare_shiny_outputs.R
    output: /Users/Mahmoud.Hallal/Desktop/PhD/Generalized_pipeline/results/U2OS_0.01P_0.01FDR/results_shiny_U2OS_0.01P_0.01FDR.Rda
    jobid: 12
    wildcards: CWD=/Users/Mahmoud.Hallal/Desktop/PhD/Generalized_pipeline, new_file=U2OS_0.01P_0.01FDR, cline=U2OS, pv=0.01, fdr=0.01

[Wed Dec  5 16:03:37 2018]
Finished job 12.
14 of 15 steps (93%) done

[Wed Dec  5 16:03:37 2018]
localrule all:
    input: /Users/Mahmoud.Hallal/Desktop/PhD/Generalized_pipeline/results/U2OS_0.01P_0.01FDR/eSet_data_test1_U2OS.csv, /Users/Mahmoud.Hallal/Desktop/PhD/Generalized_pipeline/results/U2OS_0.01P_0.01FDR/batches_all_phospho_data_U2OS.Rda, /Users/Mahmoud.Hallal/Desktop/PhD/Generalized_pipeline/results/U2OS_0.01P_0.01FDR/test_eSet_notfiltered_U2OS.Rda, /Users/Mahmoud.Hallal/Desktop/PhD/Generalized_pipeline/results/U2OS_0.01P_0.01FDR/test_eSet1_U2OS.Rda, /Users/Mahmoud.Hallal/Desktop/PhD/Generalized_pipeline/results/U2OS_0.01P_0.01FDR/all_dbs.csv, /Users/Mahmoud.Hallal/Desktop/PhD/Generalized_pipeline/results/U2OS_0.01P_0.01FDR/PCA_plot_filtered_U2OS.pdf, /Users/Mahmoud.Hallal/Desktop/PhD/Generalized_pipeline/results/U2OS_0.01P_0.01FDR/Phos_prots_with_position_venn_diagram_U2OS.pdf, /Users/Mahmoud.Hallal/Desktop/PhD/Generalized_pipeline/results/U2OS_0.01P_0.01FDR/Phos_prots_histogram_U2OS.pdf, /Users/Mahmoud.Hallal/Desktop/PhD/Generalized_pipeline/results/U2OS_0.01P_0.01FDR/Phos_proteins_U2OS_venn_diagram_U2OS_Rap_WT.pdf, /Users/Mahmoud.Hallal/Desktop/PhD/Generalized_pipeline/results/U2OS_0.01P_0.01FDR/Phos_proteins_U2OS_venn_diagram_U2OS_RapConA_WT.pdf, /Users/Mahmoud.Hallal/Desktop/PhD/Generalized_pipeline/results/U2OS_0.01P_0.01FDR/Phos_proteins_U2OS_venn_diagram_U2OS_RapConA_Rap.pdf, /Users/Mahmoud.Hallal/Desktop/PhD/Generalized_pipeline/results/U2OS_0.01P_0.01FDR/collection_U2OS.Rda, /Users/Mahmoud.Hallal/Desktop/PhD/Generalized_pipeline/results/U2OS_0.01P_0.01FDR/topTables_U2OS_less.Rda, /Users/Mahmoud.Hallal/Desktop/PhD/Generalized_pipeline/results/U2OS_0.01P_0.01FDR/output_networks_with_positions_0.01FDR_0.01P_U2OS_less/U2OS_Rap_WT_pathways.txt, /Users/Mahmoud.Hallal/Desktop/PhD/Generalized_pipeline/results/U2OS_0.01P_0.01FDR/output_networks_with_positions_0.01FDR_0.01P_U2OS_less/U2OS_RapConA_WT_pathways.txt, /Users/Mahmoud.Hallal/Desktop/PhD/Generalized_pipeline/results/U2OS_0.01P_0.01FDR/output_networks_with_positions_0.01FDR_0.01P_U2OS_less/U2OS_RapConA_Rap_pathways.txt, /Users/Mahmoud.Hallal/Desktop/PhD/Generalized_pipeline/results/U2OS_0.01P_0.01FDR/output_networks_with_positions_0.01FDR_0.01P_U2OS_less/pathways.txt, /Users/Mahmoud.Hallal/Desktop/PhD/Generalized_pipeline/results/U2OS_0.01P_0.01FDR/results_shiny_U2OS_0.01P_0.01FDR.Rda, /Users/Mahmoud.Hallal/Desktop/PhD/Generalized_pipeline/results/U2OS_0.01P_0.01FDR/Volcano_plot_U2OS_x_U2OS_Rap_WT.pdf, /Users/Mahmoud.Hallal/Desktop/PhD/Generalized_pipeline/results/U2OS_0.01P_0.01FDR/Volcano_plot_U2OS_x_U2OS_RapConA_WT.pdf, /Users/Mahmoud.Hallal/Desktop/PhD/Generalized_pipeline/results/U2OS_0.01P_0.01FDR/Volcano_plot_U2OS_x_U2OS_RapConA_Rap.pdf
    jobid: 0

[Wed Dec  5 16:03:37 2018]
Finished job 0.
15 of 15 steps (100%) done
Complete log: /Users/Mahmoud.Hallal/Desktop/PhD/Generalized_pipeline/snakemake/.snakemake/log/2018-12-05T155143.359061.snakemake.log
