Building DAG of jobs...
Using shell: /bin/bash
Provided cores: 1
Rules claiming more threads will be scaled down.
Job counts:
	count	jobs
	1	Reproducibility
	1	all
	2

[Wed Oct 17 15:21:09 2018]
rule Reproducibility:
    input: /Users/Mahmoud.Hallal/Desktop/PhD/Generalized_pipeline/results/test_eSet1.Rda, /Users/Mahmoud.Hallal/Desktop/PhD/Generalized_pipeline/results/batches_all_data.Rda, /Users/Mahmoud.Hallal/Desktop/PhD/Generalized_pipeline/results/batches_all_phospho_data.Rda, /Users/Mahmoud.Hallal/Desktop/PhD/Generalized_pipeline/STY_reproducibility.R
    output: /Users/Mahmoud.Hallal/Desktop/PhD/Generalized_pipeline/results/Phos_proteins_K562_CTRL_venn_diagram.pdf, /Users/Mahmoud.Hallal/Desktop/PhD/Generalized_pipeline/results/Phos_proteins_K562_DRG_venn_diagram.pdf
    jobid: 3
    wildcards: CWD=/Users/Mahmoud.Hallal/Desktop/PhD/Generalized_pipeline

[Wed Oct 17 15:21:37 2018]
Finished job 3.
1 of 2 steps (50%) done

[Wed Oct 17 15:21:37 2018]
localrule all:
    input: /Users/Mahmoud.Hallal/Desktop/PhD/Generalized_pipeline/results/test_eSet1.Rda, /Users/Mahmoud.Hallal/Desktop/PhD/Generalized_pipeline/results/all_dbs.csv, /Users/Mahmoud.Hallal/Desktop/PhD/Generalized_pipeline/results/Phos_prots_with_position_venn_diagram.pdf, /Users/Mahmoud.Hallal/Desktop/PhD/Generalized_pipeline/results/Phos_proteins_K562_CTRL_venn_diagram.pdf, /Users/Mahmoud.Hallal/Desktop/PhD/Generalized_pipeline/results/Phos_prots_histogram.pdf
    jobid: 0

[Wed Oct 17 15:21:37 2018]
Finished job 0.
2 of 2 steps (100%) done
Complete log: /Users/Mahmoud.Hallal/Desktop/PhD/Generalized_pipeline/snakemake/.snakemake/log/2018-10-17T152109.412748.snakemake.log
