Building DAG of jobs...
Using shell: /bin/bash
Provided cores: 1
Rules claiming more threads will be scaled down.
Job counts:
	count	jobs
	1	STY_plotting
	1	SetRank_analysis
	1	all
	1	create_STY_eSet
	1	create_kinase_substrate_dbs
	1	filter_eSet
	1	heatmap
	1	load_prepare_STY_files
	1	pca
	1	setRank_collection_create
	1	topTables
	11

[Fri Sep 14 15:32:16 2018]
rule create_kinase_substrate_dbs:
    input: /Users/Mahmoud.Hallal/Desktop/PhD/Motif_analysis/all_dbs.csv, /Users/Mahmoud.Hallal/Desktop/PhD/stimulated_data_analysis/K562_Nilotinib_results/all_dbs1.csv, /Users/Mahmoud.Hallal/Desktop/PhD/Stimulated_data_analysis/K562_Nilotinib_analysis/snakemake/params/parameters.txt, /Users/Mahmoud.Hallal/Desktop/PhD/Stimulated_data_analysis/K562_Nilotinib_analysis/phospho_dbs_with_motif.R, /Users/Mahmoud.Hallal/Desktop/PhD/Stimulated_data_analysis/K562_Nilotinib_analysis/phospho_dbs_without_motif.R
    output: /Users/Mahmoud.Hallal/Desktop/PhD/stimulated_data_analysis/K562_Nilotinib_results/all_dbs.csv
    jobid: 3

[Fri Sep 14 15:32:18 2018]
Finished job 3.
1 of 11 steps (9%) done

[Fri Sep 14 15:32:18 2018]
rule load_prepare_STY_files:
    input: /Users/Mahmoud.Hallal/Desktop/PhD/Stimulated_data_analysis/K562_Nilotinib_analysis/snakemake/params/parameters.txt, /Users/Mahmoud.Hallal/Desktop/PhD/Stimulated_data_analysis/K562_Nilotinib_analysis/cell_lines_analysis_STYfiles_INC1_INC2_sd.R
    output: /Users/Mahmoud.Hallal/Desktop/PhD/stimulated_data_analysis/K562_Nilotinib_results/eSet_data_test1.csv, /Users/Mahmoud.Hallal/Desktop/PhD/stimulated_data_analysis/K562_Nilotinib_results/batches_all_data.Rda, /Users/Mahmoud.Hallal/Desktop/PhD/stimulated_data_analysis/K562_Nilotinib_results/batches_all_phospho_data.Rda
    jobid: 1

[Fri Sep 14 15:32:37 2018]
Finished job 1.
2 of 11 steps (18%) done

[Fri Sep 14 15:32:37 2018]
rule STY_plotting:
    input: /Users/Mahmoud.Hallal/Desktop/PhD/stimulated_data_analysis/K562_Nilotinib_results/batches_all_data.Rda, /Users/Mahmoud.Hallal/Desktop/PhD/stimulated_data_analysis/K562_Nilotinib_results/batches_all_phospho_data.Rda, /Users/Mahmoud.Hallal/Desktop/PhD/Stimulated_data_analysis/K562_Nilotinib_analysis/plotting_STY.R
    output: /Users/Mahmoud.Hallal/Desktop/PhD/stimulated_data_analysis/K562_Nilotinib_results/Phos_prots_with_position_histogram.pdf, /Users/Mahmoud.Hallal/Desktop/PhD/stimulated_data_analysis/K562_Nilotinib_results/Phos_prots_histogram.pdf, /Users/Mahmoud.Hallal/Desktop/PhD/stimulated_data_analysis/K562_Nilotinib_results/Phos_peptides_venn_diagram.pdf, /Users/Mahmoud.Hallal/Desktop/PhD/stimulated_data_analysis/K562_Nilotinib_results/Phos_prots_with_position_venn_diagram.pdf, /Users/Mahmoud.Hallal/Desktop/PhD/stimulated_data_analysis/K562_Nilotinib_results/table_counts_all.csv
    jobid: 6

[Fri Sep 14 15:32:46 2018]
Finished job 6.
3 of 11 steps (27%) done

[Fri Sep 14 15:32:46 2018]
rule create_STY_eSet:
    input: /Users/Mahmoud.Hallal/Desktop/PhD/stimulated_data_analysis/K562_Nilotinib_results/eSet_data_test1.csv, /Users/Mahmoud.Hallal/Desktop/PhD/Stimulated_data_analysis/K562_Nilotinib_analysis/create_eSet_sd.R
    output: /Users/Mahmoud.Hallal/Desktop/PhD/stimulated_data_analysis/K562_Nilotinib_results/test_eSet_notfiltered.Rda
    jobid: 5

Terminating processes on user request, this might take some time.
[Fri Sep 14 15:32:51 2018]
Error in rule create_STY_eSet:
    jobid: 5
    output: /Users/Mahmoud.Hallal/Desktop/PhD/stimulated_data_analysis/K562_Nilotinib_results/test_eSet_notfiltered.Rda

RuleException:
CalledProcessError in line 66 of /Users/Mahmoud.Hallal/Desktop/PhD/Stimulated_data_analysis/K562_Nilotinib_analysis/snakemake/Snakefile:
Command ' set -euo pipefail;   Rscript /Users/Mahmoud.Hallal/Desktop/PhD/Stimulated_data_analysis/K562_Nilotinib_analysis/create_eSet_sd.R ' returned non-zero exit status 1.
  File "/Users/Mahmoud.Hallal/Desktop/PhD/Stimulated_data_analysis/K562_Nilotinib_analysis/snakemake/Snakefile", line 66, in __rule_create_STY_eSet
  File "/Users/Mahmoud.Hallal/miniconda3/envs/snakemake_K562_Nilo_t2/lib/python3.6/concurrent/futures/thread.py", line 56, in run
Complete log: /Users/Mahmoud.Hallal/Desktop/PhD/Stimulated_data_analysis/K562_Nilotinib_analysis/snakemake/.snakemake/log/2018-09-14T153215.409175.snakemake.log
