Building DAG of jobs...
Using shell: /bin/bash
Provided cores: 1
Rules claiming more threads will be scaled down.
Job counts:
	count	jobs
	1	SetRank_analysis
	1	all
	1	create_STY_eSet
	1	filter_eSet
	1	heatmap
	1	pca
	1	setRank_collection_create
	1	topTables
	8

[Thu Sep 13 09:07:14 2018]
rule create_STY_eSet:
    input: /Users/Mahmoud.Hallal/Desktop/PhD/stimulated_data_analysis/K562_Nilotinib_results/eSet_data_test1.csv, /Users/Mahmoud.Hallal/Desktop/PhD/Stimulated_data_analysis/K562_Nilotinib_analysis/create_eSet_sd.R
    output: /Users/Mahmoud.Hallal/Desktop/PhD/stimulated_data_analysis/K562_Nilotinib_results/test_eSet_notfiltered.Rda
    jobid: 4

[Thu Sep 13 09:07:36 2018]
Finished job 4.
1 of 8 steps (12%) done

[Thu Sep 13 09:07:36 2018]
rule filter_eSet:
    input: /Users/Mahmoud.Hallal/Desktop/PhD/stimulated_data_analysis/K562_Nilotinib_results/test_eSet_notfiltered.Rda, /Users/Mahmoud.Hallal/Desktop/PhD/Stimulated_data_analysis/K562_Nilotinib_analysis/filter_eSet_sd.R
    output: /Users/Mahmoud.Hallal/Desktop/PhD/stimulated_data_analysis/K562_Nilotinib_results/test_eSet1.Rda
    jobid: 8

[Thu Sep 13 09:07:36 2018]
Error in rule filter_eSet:
    jobid: 8
    output: /Users/Mahmoud.Hallal/Desktop/PhD/stimulated_data_analysis/K562_Nilotinib_results/test_eSet1.Rda

RuleException:
CalledProcessError in line 75 of /Users/Mahmoud.Hallal/Desktop/PhD/Stimulated_data_analysis/K562_Nilotinib_analysis/snakemake/Snakefile:
Command ' set -euo pipefail;   Rscript --max-ppsize=200000 /Users/Mahmoud.Hallal/Desktop/PhD/Stimulated_data_analysis/K562_Nilotinib_analysis/filter_eSet_sd.R ' returned non-zero exit status 1.
  File "/Users/Mahmoud.Hallal/Desktop/PhD/Stimulated_data_analysis/K562_Nilotinib_analysis/snakemake/Snakefile", line 75, in __rule_filter_eSet
  File "/Users/Mahmoud.Hallal/miniconda3/envs/snakemake_K562_Nilo_t2/lib/python3.6/concurrent/futures/thread.py", line 56, in run
Shutting down, this might take some time.
Exiting because a job execution failed. Look above for error message
Complete log: /Users/Mahmoud.Hallal/Desktop/PhD/Stimulated_data_analysis/K562_Nilotinib_analysis/snakemake/.snakemake/log/2018-09-13T090713.573813.snakemake.log
