Building DAG of jobs...
Using shell: /bin/bash
Provided cores: 1
Rules claiming more threads will be scaled down.
Job counts:
	count	jobs
	1	STY_plotting
	1	SetRank_analysis
	1	all
	1	create_STY_eSet
	1	create_kinase_substrate_dbs
	1	filter_eSet
	1	heatmap
	1	load_prepare_STY_files
	1	pca
	1	setRank_collection_create
	1	topTables
	11

[Fri Sep 14 09:59:46 2018]
rule create_kinase_substrate_dbs:
    input: /Users/Mahmoud.Hallal/Desktop/PhD/Motif_analysis/all_dbs.csv, /Users/Mahmoud.Hallal/Desktop/PhD/stimulated_data_analysis/K562_Nilotinib_results/all_dbs1.csv, /Users/Mahmoud.Hallal/Desktop/PhD/Stimulated_data_analysis/K562_Nilotinib_analysis/snakemake/params/parameters.txt, /Users/Mahmoud.Hallal/Desktop/PhD/Stimulated_data_analysis/K562_Nilotinib_analysis/phospho_dbs_with_motif.R, /Users/Mahmoud.Hallal/Desktop/PhD/Stimulated_data_analysis/K562_Nilotinib_analysis/phospho_dbs_without_motif.R
    output: /Users/Mahmoud.Hallal/Desktop/PhD/stimulated_data_analysis/K562_Nilotinib_results/all_dbs.csv
    jobid: 9

[Fri Sep 14 09:59:48 2018]
Finished job 9.
1 of 11 steps (9%) done

[Fri Sep 14 09:59:48 2018]
rule load_prepare_STY_files:
    input: /Users/Mahmoud.Hallal/Desktop/PhD/Stimulated_data_analysis/K562_Nilotinib_analysis/snakemake/params/parameters.txt, /Users/Mahmoud.Hallal/Desktop/PhD/Stimulated_data_analysis/K562_Nilotinib_analysis/cell_lines_analysis_STYfiles_INC1_INC2_sd.R
    output: /Users/Mahmoud.Hallal/Desktop/PhD/stimulated_data_analysis/K562_Nilotinib_results/eSet_data_test1.csv, /Users/Mahmoud.Hallal/Desktop/PhD/stimulated_data_analysis/K562_Nilotinib_results/batches_all_data.Rda, /Users/Mahmoud.Hallal/Desktop/PhD/stimulated_data_analysis/K562_Nilotinib_results/batches_all_phospho_data.Rda
    jobid: 10

[Fri Sep 14 10:00:07 2018]
Finished job 10.
2 of 11 steps (18%) done

[Fri Sep 14 10:00:07 2018]
rule STY_plotting:
    input: /Users/Mahmoud.Hallal/Desktop/PhD/stimulated_data_analysis/K562_Nilotinib_results/batches_all_data.Rda, /Users/Mahmoud.Hallal/Desktop/PhD/stimulated_data_analysis/K562_Nilotinib_results/batches_all_phospho_data.Rda, /Users/Mahmoud.Hallal/Desktop/PhD/Stimulated_data_analysis/K562_Nilotinib_analysis/plotting_STY.R
    output: /Users/Mahmoud.Hallal/Desktop/PhD/stimulated_data_analysis/K562_Nilotinib_results/Phos_prots_with_position_histogram.pdf, /Users/Mahmoud.Hallal/Desktop/PhD/stimulated_data_analysis/K562_Nilotinib_results/Phos_prots_histogram.pdf, /Users/Mahmoud.Hallal/Desktop/PhD/stimulated_data_analysis/K562_Nilotinib_results/Phos_peptides_venn_diagram.pdf, /Users/Mahmoud.Hallal/Desktop/PhD/stimulated_data_analysis/K562_Nilotinib_results/Phos_prots_with_position_venn_diagram.pdf, /Users/Mahmoud.Hallal/Desktop/PhD/stimulated_data_analysis/K562_Nilotinib_results/table_counts_all.csv
    jobid: 3

[Fri Sep 14 10:00:16 2018]
Finished job 3.
3 of 11 steps (27%) done

[Fri Sep 14 10:00:16 2018]
rule create_STY_eSet:
    input: /Users/Mahmoud.Hallal/Desktop/PhD/stimulated_data_analysis/K562_Nilotinib_results/eSet_data_test1.csv, /Users/Mahmoud.Hallal/Desktop/PhD/Stimulated_data_analysis/K562_Nilotinib_analysis/create_eSet_sd.R
    output: /Users/Mahmoud.Hallal/Desktop/PhD/stimulated_data_analysis/K562_Nilotinib_results/test_eSet_notfiltered.Rda
    jobid: 6

[Fri Sep 14 10:00:56 2018]
Finished job 6.
4 of 11 steps (36%) done

[Fri Sep 14 10:00:56 2018]
rule filter_eSet:
    input: /Users/Mahmoud.Hallal/Desktop/PhD/stimulated_data_analysis/K562_Nilotinib_results/test_eSet_notfiltered.Rda, /Users/Mahmoud.Hallal/Desktop/PhD/Stimulated_data_analysis/K562_Nilotinib_analysis/filter_eSet_sd.R
    output: /Users/Mahmoud.Hallal/Desktop/PhD/stimulated_data_analysis/K562_Nilotinib_results/test_eSet1.Rda
    jobid: 2

[Fri Sep 14 10:01:08 2018]
Finished job 2.
5 of 11 steps (45%) done

[Fri Sep 14 10:01:08 2018]
rule setRank_collection_create:
    input: /Users/Mahmoud.Hallal/Desktop/PhD/stimulated_data_analysis/K562_Nilotinib_results/test_eSet1.Rda, /Users/Mahmoud.Hallal/Desktop/PhD/stimulated_data_analysis/K562_Nilotinib_results/all_dbs.csv, /Users/Mahmoud.Hallal/Desktop/PhD/Stimulated_data_analysis/K562_Nilotinib_analysis/collection_create.R
    output: /Users/Mahmoud.Hallal/Desktop/PhD/stimulated_data_analysis/K562_Nilotinib_results/collection500_filtered.Rda
    jobid: 4

[Fri Sep 14 10:11:11 2018]
Finished job 4.
6 of 11 steps (55%) done

[Fri Sep 14 10:11:11 2018]
rule topTables:
    input: /Users/Mahmoud.Hallal/Desktop/PhD/stimulated_data_analysis/K562_Nilotinib_results/test_eSet1.Rda, /Users/Mahmoud.Hallal/Desktop/PhD/Stimulated_data_analysis/K562_Nilotinib_analysis/top_tables.R
    output: /Users/Mahmoud.Hallal/Desktop/PhD/stimulated_data_analysis/K562_Nilotinib_results/topTables_less.Rda
    jobid: 1

[Fri Sep 14 10:11:39 2018]
Finished job 1.
7 of 11 steps (64%) done

[Fri Sep 14 10:11:39 2018]
rule SetRank_analysis:
    input: /Users/Mahmoud.Hallal/Desktop/PhD/stimulated_data_analysis/K562_Nilotinib_results/collection500_filtered.Rda, /Users/Mahmoud.Hallal/Desktop/PhD/stimulated_data_analysis/K562_Nilotinib_results/topTables_less.Rda, /Users/Mahmoud.Hallal/Desktop/PhD/Stimulated_data_analysis/K562_Nilotinib_analysis/snakemake/params/parameters.txt, /Users/Mahmoud.Hallal/Desktop/PhD/Stimulated_data_analysis/K562_Nilotinib_analysis/setRank_analysis.R
    output: /Users/Mahmoud.Hallal/Desktop/PhD/stimulated_data_analysis/K562_Nilotinib_results/output_networks_with_positions_0.05fdr_filtered_less/K562_CTRL_pathways.txt, /Users/Mahmoud.Hallal/Desktop/PhD/stimulated_data_analysis/K562_Nilotinib_results/output_networks_with_positions_0.05fdr_filtered_less/K562_DRG_pathways.txt, /Users/Mahmoud.Hallal/Desktop/PhD/stimulated_data_analysis/K562_Nilotinib_results/output_networks_with_positions_0.05fdr_filtered_less/pathways.txt
    jobid: 11

[Fri Sep 14 10:12:20 2018]
Finished job 11.
8 of 11 steps (73%) done

[Fri Sep 14 10:12:20 2018]
rule pca:
    input: /Users/Mahmoud.Hallal/Desktop/PhD/stimulated_data_analysis/K562_Nilotinib_results/test_eSet1.Rda, /Users/Mahmoud.Hallal/Desktop/PhD/Stimulated_data_analysis/K562_Nilotinib_analysis/pca.R
    output: /Users/Mahmoud.Hallal/Desktop/PhD/stimulated_data_analysis/K562_Nilotinib_results/PCA_plot_filtered.pdf
    jobid: 5

[Fri Sep 14 10:12:24 2018]
Finished job 5.
9 of 11 steps (82%) done

[Fri Sep 14 10:12:24 2018]
rule heatmap:
    input: /Users/Mahmoud.Hallal/Desktop/PhD/Stimulated_data_analysis/K562_Nilotinib_analysis/snakemake/params/parameters.txt, /Users/Mahmoud.Hallal/Desktop/PhD/stimulated_data_analysis/K562_Nilotinib_results/output_networks_with_positions_0.05fdr_filtered_less/pathways.txt, /Users/Mahmoud.Hallal/Desktop/PhD/Stimulated_data_analysis/K562_Nilotinib_analysis/pathway_create.R
    output: /Users/Mahmoud.Hallal/Desktop/PhD/stimulated_data_analysis/K562_Nilotinib_results/pathway_summary_all_phosprots_delete_True_0.01P_0.05fdr_filtered.pdf, /Users/Mahmoud.Hallal/Desktop/PhD/Stimulated_data_analysis/K562_Nilotinib_results/dataframe_map_to_pathway.csv
    jobid: 7

[Fri Sep 14 10:12:26 2018]
Finished job 7.
10 of 11 steps (91%) done

[Fri Sep 14 10:12:26 2018]
localrule all:
    input: /Users/Mahmoud.Hallal/Desktop/PhD/stimulated_data_analysis/K562_Nilotinib_results/eSet_data_test1.csv, /Users/Mahmoud.Hallal/Desktop/PhD/stimulated_data_analysis/K562_Nilotinib_results/test_eSet_notfiltered.Rda, /Users/Mahmoud.Hallal/Desktop/PhD/stimulated_data_analysis/K562_Nilotinib_results/test_eSet1.Rda, /Users/Mahmoud.Hallal/Desktop/PhD/stimulated_data_analysis/K562_Nilotinib_results/all_dbs1.csv, /Users/Mahmoud.Hallal/Desktop/PhD/stimulated_data_analysis/K562_Nilotinib_results/all_dbs.csv, /Users/Mahmoud.Hallal/Desktop/PhD/stimulated_data_analysis/K562_Nilotinib_results/collection500_filtered.Rda, /Users/Mahmoud.Hallal/Desktop/PhD/stimulated_data_analysis/K562_Nilotinib_results/topTables_less.Rda, /Users/Mahmoud.Hallal/Desktop/PhD/Stimulated_data_analysis/K562_Nilotinib_analysis/snakemake/params/parameters.txt, /Users/Mahmoud.Hallal/Desktop/PhD/stimulated_data_analysis/K562_Nilotinib_results/pathway_summary_all_phosprots_delete_True_0.01P_0.05fdr_filtered.pdf, /Users/Mahmoud.Hallal/Desktop/PhD/stimulated_data_analysis/K562_Nilotinib_results/PCA_plot_filtered.pdf, /Users/Mahmoud.Hallal/Desktop/PhD/stimulated_data_analysis/K562_Nilotinib_results/Phos_prots_with_position_venn_diagram.pdf, /Users/Mahmoud.Hallal/Desktop/PhD/stimulated_data_analysis/K562_Nilotinib_results/Phos_prots_histogram.pdf, /Users/Mahmoud.Hallal/Desktop/PhD/Stimulated_data_analysis/K562_Nilotinib_results/dataframe_map_to_pathway.csv
    jobid: 0

[Fri Sep 14 10:12:26 2018]
Finished job 0.
11 of 11 steps (100%) done
Complete log: /Users/Mahmoud.Hallal/Desktop/PhD/Stimulated_data_analysis/K562_Nilotinib_analysis/snakemake/.snakemake/log/2018-09-14T095945.875130.snakemake.log
