Building DAG of jobs...
Using shell: /bin/bash
Provided cores: 1
Rules claiming more threads will be scaled down.
Job counts:
	count	jobs
	1	Reproducibility
	1	STY_plotting
	1	SetRank_analysis
	1	all
	1	create_kinase_substrate_5_dbs
	1	create_kinase_substrate_dbs
	1	heatmap
	1	prepare_shiny_inputs
	1	setRank_collection_create
	1	waterfall
	10

[Tue Nov 27 18:35:20 2018]
rule create_kinase_substrate_5_dbs:
    input: /Users/Mahmoud.Hallal/Desktop/PhD/Phospho_database/phosphoELM_db/phosphoELM_vertebrate_2015-04.dump, /Users/Mahmoud.Hallal/Desktop/PhD/Phospho_database/phosphoSitePlus/Kinase_Substrate_Dataset, /Users/Mahmoud.Hallal/Desktop/PhD/Phospho_database/PhosphoNetworks/refKSI.csv, /Users/Mahmoud.Hallal/Desktop/PhD/Phospho_database/HPRD/FLAT_FILES_072010/POST_TRANSLATIONAL_MODIFICATIONS.txt, /Users/Mahmoud.Hallal/Desktop/PhD/Phospho_database/MINT/MINT_MiTab.txt, /Users/Mahmoud.Hallal/Desktop/PhD/Phospho_database/RegPhos/RegPhos_Phos_human.txt, /Users/Mahmoud.Hallal/Desktop/PhD/Phospho_database/SIGNOR/human_phosphorylations_09_05_17.csv, /Users/Mahmoud.Hallal/Desktop/PhD/Generalized_pipeline/Scripts/phospho_dbs_v2.R
    output: /Users/Mahmoud.Hallal/Desktop/PhD/Generalized_pipeline/results/MOLM13_0.01P_0.01FDR/all_dbs1.csv
    jobid: 13
    wildcards: CWD=/Users/Mahmoud.Hallal/Desktop/PhD/Generalized_pipeline, new_file=MOLM13_0.01P_0.01FDR

[Tue Nov 27 18:36:54 2018]
Finished job 13.
1 of 10 steps (10%) done

[Tue Nov 27 18:36:54 2018]
rule Reproducibility:
    input: /Users/Mahmoud.Hallal/Desktop/PhD/Generalized_pipeline/results/MOLM13_0.01P_0.01FDR/test_eSet1_MOLM13.Rda, /Users/Mahmoud.Hallal/Desktop/PhD/Generalized_pipeline/results/MOLM13_0.01P_0.01FDR/batches_all_data_MOLM13.Rda, /Users/Mahmoud.Hallal/Desktop/PhD/Generalized_pipeline/results/MOLM13_0.01P_0.01FDR/batches_all_phospho_data_MOLM13.Rda, /Users/Mahmoud.Hallal/Desktop/PhD/Generalized_pipeline/Scripts/STY_reproducibility.R
    output: /Users/Mahmoud.Hallal/Desktop/PhD/Generalized_pipeline/results/MOLM13_0.01P_0.01FDR/Phos_proteins_MOLM13_CTRL_venn_diagram.pdf, /Users/Mahmoud.Hallal/Desktop/PhD/Generalized_pipeline/results/MOLM13_0.01P_0.01FDR/Phos_proteins_MOLM13_DRG_venn_diagram.pdf
    jobid: 6
    wildcards: CWD=/Users/Mahmoud.Hallal/Desktop/PhD/Generalized_pipeline, new_file=MOLM13_0.01P_0.01FDR, cline=MOLM13

[Tue Nov 27 18:37:12 2018]
Finished job 6.
2 of 10 steps (20%) done

[Tue Nov 27 18:37:12 2018]
rule STY_plotting:
    input: /Users/Mahmoud.Hallal/Desktop/PhD/Generalized_pipeline/results/MOLM13_0.01P_0.01FDR/batches_all_data_MOLM13.Rda, /Users/Mahmoud.Hallal/Desktop/PhD/Generalized_pipeline/results/MOLM13_0.01P_0.01FDR/batches_all_phospho_data_MOLM13.Rda, /Users/Mahmoud.Hallal/Desktop/PhD/Generalized_pipeline/Scripts/plotting_STY.R
    output: /Users/Mahmoud.Hallal/Desktop/PhD/Generalized_pipeline/results/MOLM13_0.01P_0.01FDR/Phos_prots_with_position_histogram_MOLM13.pdf, /Users/Mahmoud.Hallal/Desktop/PhD/Generalized_pipeline/results/MOLM13_0.01P_0.01FDR/Phos_prots_histogram_MOLM13.pdf, /Users/Mahmoud.Hallal/Desktop/PhD/Generalized_pipeline/results/MOLM13_0.01P_0.01FDR/Phos_peptides_venn_diagram_MOLM13.pdf, /Users/Mahmoud.Hallal/Desktop/PhD/Generalized_pipeline/results/MOLM13_0.01P_0.01FDR/Phos_prots_with_position_venn_diagram_MOLM13.pdf, /Users/Mahmoud.Hallal/Desktop/PhD/Generalized_pipeline/results/MOLM13_0.01P_0.01FDR/table_counts_all_MOLM13.csv
    jobid: 5
    wildcards: CWD=/Users/Mahmoud.Hallal/Desktop/PhD/Generalized_pipeline, new_file=MOLM13_0.01P_0.01FDR, cline=MOLM13

[Tue Nov 27 18:37:20 2018]
Finished job 5.
3 of 10 steps (30%) done

[Tue Nov 27 18:37:20 2018]
rule create_kinase_substrate_dbs:
    input: /Users/Mahmoud.Hallal/Desktop/PhD/Motif_analysis/all_dbs.csv, /Users/Mahmoud.Hallal/Desktop/PhD/Generalized_pipeline/results/MOLM13_0.01P_0.01FDR/all_dbs1.csv, /Users/Mahmoud.Hallal/Desktop/PhD/Generalized_pipeline/Scripts/phospho_dbs_with_motif.R, /Users/Mahmoud.Hallal/Desktop/PhD/Generalized_pipeline/Scripts/phospho_dbs_without_motif.R
    output: /Users/Mahmoud.Hallal/Desktop/PhD/Generalized_pipeline/results/MOLM13_0.01P_0.01FDR/all_dbs.csv
    jobid: 8
    wildcards: CWD=/Users/Mahmoud.Hallal/Desktop/PhD/Generalized_pipeline, new_file=MOLM13_0.01P_0.01FDR

[Tue Nov 27 18:37:24 2018]
Finished job 8.
4 of 10 steps (40%) done

[Tue Nov 27 18:37:24 2018]
rule setRank_collection_create:
    input: /Users/Mahmoud.Hallal/Desktop/PhD/Generalized_pipeline/results/MOLM13_0.01P_0.01FDR/test_eSet1_MOLM13.Rda, /Users/Mahmoud.Hallal/Desktop/PhD/Generalized_pipeline/results/MOLM13_0.01P_0.01FDR/all_dbs.csv, /Users/Mahmoud.Hallal/Desktop/PhD/Generalized_pipeline/Scripts/collection_create.R
    output: /Users/Mahmoud.Hallal/Desktop/PhD/Generalized_pipeline/results/MOLM13_0.01P_0.01FDR/collection_MOLM13.Rda
    jobid: 1
    wildcards: CWD=/Users/Mahmoud.Hallal/Desktop/PhD/Generalized_pipeline, new_file=MOLM13_0.01P_0.01FDR, cline=MOLM13

[Tue Nov 27 18:42:17 2018]
Finished job 1.
5 of 10 steps (50%) done

[Tue Nov 27 18:42:17 2018]
rule SetRank_analysis:
    input: /Users/Mahmoud.Hallal/Desktop/PhD/Generalized_pipeline/results/MOLM13_0.01P_0.01FDR/collection_MOLM13.Rda, /Users/Mahmoud.Hallal/Desktop/PhD/Generalized_pipeline/results/MOLM13_0.01P_0.01FDR/topTables_MOLM13_less.Rda, /Users/Mahmoud.Hallal/Desktop/PhD/Generalized_pipeline/Scripts/setRank_analysis.R
    output: /Users/Mahmoud.Hallal/Desktop/PhD/Generalized_pipeline/results/MOLM13_0.01P_0.01FDR/output_networks_with_positions_0.01FDR_0.01P_MOLM13_less/MOLM13_CTRL_pathways.txt, /Users/Mahmoud.Hallal/Desktop/PhD/Generalized_pipeline/results/MOLM13_0.01P_0.01FDR/output_networks_with_positions_0.01FDR_0.01P_MOLM13_less/MOLM13_DRG_pathways.txt, /Users/Mahmoud.Hallal/Desktop/PhD/Generalized_pipeline/results/MOLM13_0.01P_0.01FDR/output_networks_with_positions_0.01FDR_0.01P_MOLM13_less/pathways.txt
    jobid: 14
    wildcards: CWD=/Users/Mahmoud.Hallal/Desktop/PhD/Generalized_pipeline, new_file=MOLM13_0.01P_0.01FDR, fdr=0.01, pv=0.01, cline=MOLM13

[Tue Nov 27 18:42:30 2018]
Finished job 14.
6 of 10 steps (60%) done

[Tue Nov 27 18:42:30 2018]
rule waterfall:
    input: /Users/Mahmoud.Hallal/Desktop/PhD/Generalized_pipeline/results/MOLM13_0.01P_0.01FDR/output_networks_with_positions_0.01FDR_0.01P_MOLM13_less/pathways.txt, /Users/Mahmoud.Hallal/Desktop/PhD/Generalized_pipeline/Scripts/waterfall_create.R
    output: /Users/Mahmoud.Hallal/Desktop/PhD/Generalized_pipeline/results/MOLM13_0.01P_0.01FDR/Material_for_waterfall_0.01FDR_0.01P_MOLM13.Rda
    jobid: 10
    wildcards: CWD=/Users/Mahmoud.Hallal/Desktop/PhD/Generalized_pipeline, new_file=MOLM13_0.01P_0.01FDR, fdr=0.01, pv=0.01, cline=MOLM13

[Tue Nov 27 18:42:34 2018]
Finished job 10.
7 of 10 steps (70%) done

[Tue Nov 27 18:42:34 2018]
rule heatmap:
    input: /Users/Mahmoud.Hallal/Desktop/PhD/Generalized_pipeline/results/MOLM13_0.01P_0.01FDR/output_networks_with_positions_0.01FDR_0.01P_MOLM13_less/pathways.txt, /Users/Mahmoud.Hallal/Desktop/PhD/Generalized_pipeline/Scripts/pathway_create.R
    output: /Users/Mahmoud.Hallal/Desktop/PhD/Generalized_pipeline/results/MOLM13_0.01P_0.01FDR/Material_for_heatmap_0.01FDR_0.01P_MOLM13.csv
    jobid: 9
    wildcards: CWD=/Users/Mahmoud.Hallal/Desktop/PhD/Generalized_pipeline, new_file=MOLM13_0.01P_0.01FDR, fdr=0.01, pv=0.01, cline=MOLM13

[Tue Nov 27 18:42:35 2018]
Finished job 9.
8 of 10 steps (80%) done

[Tue Nov 27 18:42:35 2018]
rule prepare_shiny_inputs:
    input: /Users/Mahmoud.Hallal/Desktop/PhD/Generalized_pipeline/results/MOLM13_0.01P_0.01FDR/Material_for_waterfall_0.01FDR_0.01P_MOLM13.Rda, /Users/Mahmoud.Hallal/Desktop/PhD/Generalized_pipeline/results/MOLM13_0.01P_0.01FDR/Material_for_heatmap_0.01FDR_0.01P_MOLM13.csv, /Users/Mahmoud.Hallal/Desktop/PhD/Generalized_pipeline/Scripts/prepare_shiny_outputs.R
    output: /Users/Mahmoud.Hallal/Desktop/PhD/Generalized_pipeline/results/MOLM13_0.01P_0.01FDR/results_shiny_MOLM13_0.01FDR_0.01P.Rda
    jobid: 3
    wildcards: CWD=/Users/Mahmoud.Hallal/Desktop/PhD/Generalized_pipeline, new_file=MOLM13_0.01P_0.01FDR, cline=MOLM13, fdr=0.01, pv=0.01

[Tue Nov 27 18:44:23 2018]
Finished job 3.
9 of 10 steps (90%) done

[Tue Nov 27 18:44:23 2018]
localrule all:
    input: /Users/Mahmoud.Hallal/Desktop/PhD/Generalized_pipeline/results/MOLM13_0.01P_0.01FDR/PCA_plot_filtered_MOLM13.pdf, /Users/Mahmoud.Hallal/Desktop/PhD/Generalized_pipeline/results/MOLM13_0.01P_0.01FDR/Phos_prots_with_position_venn_diagram_MOLM13.pdf, /Users/Mahmoud.Hallal/Desktop/PhD/Generalized_pipeline/results/MOLM13_0.01P_0.01FDR/Phos_prots_histogram_MOLM13.pdf, /Users/Mahmoud.Hallal/Desktop/PhD/Generalized_pipeline/results/MOLM13_0.01P_0.01FDR/Phos_proteins_MOLM13_CTRL_venn_diagram.pdf, /Users/Mahmoud.Hallal/Desktop/PhD/Generalized_pipeline/results/MOLM13_0.01P_0.01FDR/collection_MOLM13.Rda, /Users/Mahmoud.Hallal/Desktop/PhD/Generalized_pipeline/results/MOLM13_0.01P_0.01FDR/results_shiny_MOLM13_0.01FDR_0.01P.Rda, /Users/Mahmoud.Hallal/Desktop/PhD/Generalized_pipeline/results/MOLM13_0.01P_0.01FDR/Volcano_plot_MOLM13_MOLM13_DRG.pdf
    jobid: 0

[Tue Nov 27 18:44:23 2018]
Finished job 0.
10 of 10 steps (100%) done
Complete log: /Users/Mahmoud.Hallal/Desktop/PhD/Generalized_pipeline/snakemake/.snakemake/log/2018-11-27T183520.094338.snakemake.log
