Building DAG of jobs...
Using shell: /bin/bash
Provided cores: 1
Rules claiming more threads will be scaled down.
Job counts:
	count	jobs
	1	Reproducibility
	1	STY_plotting
	1	all
	3

[Wed Oct 17 15:20:26 2018]
rule Reproducibility:
    input: /Users/Mahmoud.Hallal/Desktop/PhD/Generalized_pipeline/results/test_eSet1.Rda, /Users/Mahmoud.Hallal/Desktop/PhD/Generalized_pipeline/results/batches_all_data.Rda, /Users/Mahmoud.Hallal/Desktop/PhD/Generalized_pipeline/results/batches_all_phospho_data.Rda, /Users/Mahmoud.Hallal/Desktop/PhD/Generalized_pipeline/STY_reproducibility.R
    output: /Users/Mahmoud.Hallal/Desktop/PhD/Generalized_pipeline/results/Phos_proteins_K562_CTRL_venn_diagram.pdf, /Users/Mahmoud.Hallal/Desktop/PhD/Generalized_pipeline/results/Phos_proteins_K562_DRG_venn_diagram.pdf
    jobid: 1
    wildcards: CWD=/Users/Mahmoud.Hallal/Desktop/PhD/Generalized_pipeline

[Wed Oct 17 15:20:52 2018]
Finished job 1.
1 of 3 steps (33%) done

[Wed Oct 17 15:20:52 2018]
rule STY_plotting:
    input: /Users/Mahmoud.Hallal/Desktop/PhD/Generalized_pipeline/results/batches_all_data.Rda, /Users/Mahmoud.Hallal/Desktop/PhD/Generalized_pipeline/results/batches_all_phospho_data.Rda, /Users/Mahmoud.Hallal/Desktop/PhD/Generalized_pipeline/plotting_STY.R
    output: /Users/Mahmoud.Hallal/Desktop/PhD/Generalized_pipeline/results/Phos_prots_with_position_histogram.pdf, /Users/Mahmoud.Hallal/Desktop/PhD/Generalized_pipeline/results/Phos_prots_histogram.pdf, /Users/Mahmoud.Hallal/Desktop/PhD/Generalized_pipeline/results/Phos_peptides_venn_diagram.pdf, /Users/Mahmoud.Hallal/Desktop/PhD/Generalized_pipeline/results/Phos_prots_with_position_venn_diagram.pdf, /Users/Mahmoud.Hallal/Desktop/PhD/Generalized_pipeline/results/table_counts_all.csv
    jobid: 4
    wildcards: CWD=/Users/Mahmoud.Hallal/Desktop/PhD/Generalized_pipeline

[Wed Oct 17 15:21:00 2018]
Finished job 4.
2 of 3 steps (67%) done

[Wed Oct 17 15:21:00 2018]
localrule all:
    input: /Users/Mahmoud.Hallal/Desktop/PhD/Generalized_pipeline/results/test_eSet1.Rda, /Users/Mahmoud.Hallal/Desktop/PhD/Generalized_pipeline/results/all_dbs.csv, /Users/Mahmoud.Hallal/Desktop/PhD/Generalized_pipeline/results/Phos_prots_with_position_venn_diagram.pdf, /Users/Mahmoud.Hallal/Desktop/PhD/Generalized_pipeline/results/Phos_proteins_K562_CTRL_venn_diagram.pdf, /Users/Mahmoud.Hallal/Desktop/PhD/Generalized_pipeline/results/Phos_prots_histogram.pdf
    jobid: 0

[Wed Oct 17 15:21:00 2018]
Finished job 0.
3 of 3 steps (100%) done
Complete log: /Users/Mahmoud.Hallal/Desktop/PhD/Generalized_pipeline/snakemake/.snakemake/log/2018-10-17T152025.742971.snakemake.log
