Building DAG of jobs...
Using shell: /bin/bash
Provided cores: 1
Rules claiming more threads will be scaled down.
Job counts:
	count	jobs
	1	SetRank_analysis
	1	all
	1	heatmap
	1	prepare_shiny_inputs
	1	topTables
	1	waterfall
	6

[Wed Oct 17 19:40:46 2018]
rule topTables:
    input: /Users/Mahmoud.Hallal/Desktop/PhD/Generalized_pipeline/results/test_eSet1.Rda, /Users/Mahmoud.Hallal/Desktop/PhD/Generalized_pipeline/top_tables.R
    output: /Users/Mahmoud.Hallal/Desktop/PhD/Generalized_pipeline/results/topTables_less.Rda
    jobid: 9
    wildcards: CWD=/Users/Mahmoud.Hallal/Desktop/PhD/Generalized_pipeline

[Wed Oct 17 19:41:00 2018]
Finished job 9.
1 of 6 steps (17%) done

[Wed Oct 17 19:41:00 2018]
rule SetRank_analysis:
    input: /Users/Mahmoud.Hallal/Desktop/PhD/Generalized_pipeline/results/topTables_less.Rda, /Users/Mahmoud.Hallal/Desktop/PhD/Generalized_pipeline/setRank_analysis.R
    output: /Users/Mahmoud.Hallal/Desktop/PhD/Generalized_pipeline/results/output_networks_with_positions_0.05fdr_0.01P_filtered_less/K562_CTRL_pathways.txt, /Users/Mahmoud.Hallal/Desktop/PhD/Generalized_pipeline/results/output_networks_with_positions_0.05fdr_0.01P_filtered_less/K562_DRG_pathways.txt, /Users/Mahmoud.Hallal/Desktop/PhD/Generalized_pipeline/results/output_networks_with_positions_0.05fdr_0.01P_filtered_less/pathways.txt
    jobid: 6
    wildcards: CWD=/Users/Mahmoud.Hallal/Desktop/PhD/Generalized_pipeline, fdr=0.05, pv=0.01

[Wed Oct 17 19:41:22 2018]
Finished job 6.
2 of 6 steps (33%) done

[Wed Oct 17 19:41:22 2018]
rule heatmap:
    input: /Users/Mahmoud.Hallal/Desktop/PhD/Generalized_pipeline/results/output_networks_with_positions_0.05fdr_0.01P_filtered_less/pathways.txt, /Users/Mahmoud.Hallal/Desktop/PhD/Generalized_pipeline/pathway_create.R
    output: /Users/Mahmoud.Hallal/Desktop/PhD/Generalized_pipeline/results/Material_for_heatmap_0.05FDR_0.01P.csv
    jobid: 15
    wildcards: CWD=/Users/Mahmoud.Hallal/Desktop/PhD/Generalized_pipeline, fdr=0.05, pv=0.01

[Wed Oct 17 19:41:23 2018]
Finished job 15.
3 of 6 steps (50%) done

[Wed Oct 17 19:41:23 2018]
rule waterfall:
    input: /Users/Mahmoud.Hallal/Desktop/PhD/Generalized_pipeline/results/output_networks_with_positions_0.05fdr_0.01P_filtered_less/pathways.txt, /Users/Mahmoud.Hallal/Desktop/PhD/Generalized_pipeline/waterfall_create.R
    output: /Users/Mahmoud.Hallal/Desktop/PhD/Generalized_pipeline/results/Material_for_waterfall_0.05FDR_0.01P.Rda
    jobid: 3
    wildcards: CWD=/Users/Mahmoud.Hallal/Desktop/PhD/Generalized_pipeline, fdr=0.05, pv=0.01

[Wed Oct 17 19:41:24 2018]
Finished job 3.
4 of 6 steps (67%) done

[Wed Oct 17 19:41:24 2018]
rule prepare_shiny_inputs:
    input: /Users/Mahmoud.Hallal/Desktop/PhD/Generalized_pipeline/results/Material_for_waterfall_0.05FDR_0.01P.Rda, /Users/Mahmoud.Hallal/Desktop/PhD/Generalized_pipeline/results/Material_for_heatmap_0.05FDR_0.01P.csv, /Users/Mahmoud.Hallal/Desktop/PhD/Generalized_pipeline/prepare_shiny_outputs.R
    output: /Users/Mahmoud.Hallal/Desktop/PhD/Generalized_pipeline/results/results_shiny_0.05FDR_0.01P.Rda
    jobid: 7
    wildcards: CWD=/Users/Mahmoud.Hallal/Desktop/PhD/Generalized_pipeline, fdr=0.05, pv=0.01

[Wed Oct 17 19:42:11 2018]
Finished job 7.
5 of 6 steps (83%) done

[Wed Oct 17 19:42:11 2018]
localrule all:
    input: /Users/Mahmoud.Hallal/Desktop/PhD/Generalized_pipeline/results/test_eSet1.Rda, /Users/Mahmoud.Hallal/Desktop/PhD/Generalized_pipeline/results/all_dbs.csv, /Users/Mahmoud.Hallal/Desktop/PhD/Generalized_pipeline/results/PCA_plot_filtered.pdf, /Users/Mahmoud.Hallal/Desktop/PhD/Generalized_pipeline/results/Phos_prots_with_position_venn_diagram.pdf, /Users/Mahmoud.Hallal/Desktop/PhD/Generalized_pipeline/results/Phos_proteins_K562_CTRL_venn_diagram.pdf, /Users/Mahmoud.Hallal/Desktop/PhD/Generalized_pipeline/results/Phos_prots_histogram.pdf, /Users/Mahmoud.Hallal/Desktop/PhD/Generalized_pipeline/results/collection500_filtered.Rda, /Users/Mahmoud.Hallal/Desktop/PhD/Generalized_pipeline/results/topTables_less.Rda, /Users/Mahmoud.Hallal/Desktop/PhD/Generalized_pipeline/results/output_networks_with_positions_0.05fdr_0.01P_filtered_less/K562_CTRL_pathways.txt, /Users/Mahmoud.Hallal/Desktop/PhD/Generalized_pipeline/results/output_networks_with_positions_0.05fdr_0.01P_filtered_less/K562_DRG_pathways.txt, /Users/Mahmoud.Hallal/Desktop/PhD/Generalized_pipeline/results/output_networks_with_positions_0.05fdr_0.01P_filtered_less/pathways.txt, /Users/Mahmoud.Hallal/Desktop/PhD/Generalized_pipeline/results/Material_for_waterfall_0.05FDR_0.01P.Rda, /Users/Mahmoud.Hallal/Desktop/PhD/Generalized_pipeline/results/Material_for_waterfall_0.05FDR_0.01P.Rda, /Users/Mahmoud.Hallal/Desktop/PhD/Generalized_pipeline/results/Volcano_plot_K562_CTRL.pdf, /Users/Mahmoud.Hallal/Desktop/PhD/Generalized_pipeline/results/Volcano_plot_K562_DRG.pdf, /Users/Mahmoud.Hallal/Desktop/PhD/Generalized_pipeline/results/results_shiny_0.05FDR_0.01P.Rda
    jobid: 0

[Wed Oct 17 19:42:11 2018]
Finished job 0.
6 of 6 steps (100%) done
Complete log: /Users/Mahmoud.Hallal/Desktop/PhD/Generalized_pipeline/snakemake/.snakemake/log/2018-10-17T194045.803098.snakemake.log
