Building DAG of jobs...
Using shell: /bin/bash
Provided cores: 1
Rules claiming more threads will be scaled down.
Job counts:
	count	jobs
	2	Reproducibility
	1	STY_plotting
	1	SetRank_analysis
	1	all
	1	create_STY_eSet
	1	create_kinase_substrate_5_dbs
	1	create_kinase_substrate_dbs
	1	filter_eSet
	1	heatmap
	1	load_prepare_STY_files
	1	pca
	1	prepare_shiny_inputs
	1	setRank_collection_create
	1	topTables
	2	volcano_plot
	1	waterfall
	18

[Fri Dec  7 09:08:15 2018]
rule create_kinase_substrate_5_dbs:
    input: /Users/Mahmoud.Hallal/Desktop/PhD/Phospho_database/phosphoELM_db/phosphoELM_vertebrate_2015-04.dump, /Users/Mahmoud.Hallal/Desktop/PhD/Phospho_database/phosphoSitePlus/Kinase_Substrate_Dataset, /Users/Mahmoud.Hallal/Desktop/PhD/Phospho_database/PhosphoNetworks/refKSI.csv, /Users/Mahmoud.Hallal/Desktop/PhD/Phospho_database/HPRD/FLAT_FILES_072010/POST_TRANSLATIONAL_MODIFICATIONS.txt, /Users/Mahmoud.Hallal/Desktop/PhD/Phospho_database/MINT/MINT_MiTab.txt, /Users/Mahmoud.Hallal/Desktop/PhD/Phospho_database/RegPhos/RegPhos_Phos_human.txt, /Users/Mahmoud.Hallal/Desktop/PhD/Phospho_database/SIGNOR/human_phosphorylations_09_05_17.csv, /Users/Mahmoud.Hallal/Desktop/PhD/Generalized_pipeline/Scripts/phospho_dbs_v2.R
    output: /Users/Mahmoud.Hallal/Desktop/PhD/Generalized_pipeline/results/A204_0.01P_0.05FDR/all_dbs1.csv
    jobid: 17
    wildcards: CWD=/Users/Mahmoud.Hallal/Desktop/PhD/Generalized_pipeline, new_file=A204_0.01P_0.05FDR

[Fri Dec  7 09:09:47 2018]
Finished job 17.
1 of 18 steps (6%) done

[Fri Dec  7 09:09:47 2018]
rule create_kinase_substrate_dbs:
    input: /Users/Mahmoud.Hallal/Desktop/PhD/Motif_analysis/all_dbs.csv, /Users/Mahmoud.Hallal/Desktop/PhD/Generalized_pipeline/results/A204_0.01P_0.05FDR/all_dbs1.csv, /Users/Mahmoud.Hallal/Desktop/PhD/Generalized_pipeline/Scripts/phospho_dbs_with_motif.R, /Users/Mahmoud.Hallal/Desktop/PhD/Generalized_pipeline/Scripts/phospho_dbs_without_motif.R
    output: /Users/Mahmoud.Hallal/Desktop/PhD/Generalized_pipeline/results/A204_0.01P_0.05FDR/all_dbs.csv
    jobid: 10
    wildcards: CWD=/Users/Mahmoud.Hallal/Desktop/PhD/Generalized_pipeline, new_file=A204_0.01P_0.05FDR

[Fri Dec  7 09:09:51 2018]
Finished job 10.
2 of 18 steps (11%) done

[Fri Dec  7 09:09:51 2018]
rule load_prepare_STY_files:
    input: /Users/Mahmoud.Hallal/Desktop/PhD/External_datasets/External_data_pipeline.txt, /Users/Mahmoud.Hallal/Desktop/PhD/Generalized_pipeline/Scripts/cell_lines_analysis_STYfiles_INC1_INC2_sd.R
    output: /Users/Mahmoud.Hallal/Desktop/PhD/Generalized_pipeline/results/A204_0.01P_0.05FDR/eSet_data_test1_A204.csv, /Users/Mahmoud.Hallal/Desktop/PhD/Generalized_pipeline/results/A204_0.01P_0.05FDR/batches_all_data_A204.Rda, /Users/Mahmoud.Hallal/Desktop/PhD/Generalized_pipeline/results/A204_0.01P_0.05FDR/batches_all_phospho_data_A204.Rda
    jobid: 2
    wildcards: CWD=/Users/Mahmoud.Hallal/Desktop/PhD/Generalized_pipeline, new_file=A204_0.01P_0.05FDR, cline=A204

[Fri Dec  7 09:09:58 2018]
Finished job 2.
3 of 18 steps (17%) done

[Fri Dec  7 09:09:58 2018]
rule STY_plotting:
    input: /Users/Mahmoud.Hallal/Desktop/PhD/Generalized_pipeline/results/A204_0.01P_0.05FDR/batches_all_data_A204.Rda, /Users/Mahmoud.Hallal/Desktop/PhD/Generalized_pipeline/results/A204_0.01P_0.05FDR/batches_all_phospho_data_A204.Rda, /Users/Mahmoud.Hallal/Desktop/PhD/Generalized_pipeline/Scripts/plotting_STY.R
    output: /Users/Mahmoud.Hallal/Desktop/PhD/Generalized_pipeline/results/A204_0.01P_0.05FDR/Phos_prots_with_position_histogram_A204.pdf, /Users/Mahmoud.Hallal/Desktop/PhD/Generalized_pipeline/results/A204_0.01P_0.05FDR/Phos_prots_histogram_A204.pdf, /Users/Mahmoud.Hallal/Desktop/PhD/Generalized_pipeline/results/A204_0.01P_0.05FDR/Phos_peptides_venn_diagram_A204.pdf, /Users/Mahmoud.Hallal/Desktop/PhD/Generalized_pipeline/results/A204_0.01P_0.05FDR/Phos_prots_with_position_venn_diagram_A204.pdf, /Users/Mahmoud.Hallal/Desktop/PhD/Generalized_pipeline/results/A204_0.01P_0.05FDR/table_counts_all_A204.csv
    jobid: 5
    wildcards: CWD=/Users/Mahmoud.Hallal/Desktop/PhD/Generalized_pipeline, new_file=A204_0.01P_0.05FDR, cline=A204

[Fri Dec  7 09:10:13 2018]
Finished job 5.
4 of 18 steps (22%) done

[Fri Dec  7 09:10:13 2018]
rule create_STY_eSet:
    input: /Users/Mahmoud.Hallal/Desktop/PhD/Generalized_pipeline/results/A204_0.01P_0.05FDR/eSet_data_test1_A204.csv, /Users/Mahmoud.Hallal/Desktop/PhD/Generalized_pipeline/Scripts/create_eSet_sd.R
    output: /Users/Mahmoud.Hallal/Desktop/PhD/Generalized_pipeline/results/A204_0.01P_0.05FDR/test_eSet_notfiltered_A204.Rda
    jobid: 8
    wildcards: CWD=/Users/Mahmoud.Hallal/Desktop/PhD/Generalized_pipeline, new_file=A204_0.01P_0.05FDR, cline=A204

[Fri Dec  7 09:10:38 2018]
Finished job 8.
5 of 18 steps (28%) done

[Fri Dec  7 09:10:38 2018]
rule filter_eSet:
    input: /Users/Mahmoud.Hallal/Desktop/PhD/Generalized_pipeline/results/A204_0.01P_0.05FDR/test_eSet_notfiltered_A204.Rda, /Users/Mahmoud.Hallal/Desktop/PhD/Generalized_pipeline/Scripts/filter_eSet_sd.R
    output: /Users/Mahmoud.Hallal/Desktop/PhD/Generalized_pipeline/results/A204_0.01P_0.05FDR/test_eSet1_A204.Rda
    jobid: 1
    wildcards: CWD=/Users/Mahmoud.Hallal/Desktop/PhD/Generalized_pipeline, new_file=A204_0.01P_0.05FDR, cline=A204

[Fri Dec  7 09:11:32 2018]
Finished job 1.
6 of 18 steps (33%) done

[Fri Dec  7 09:11:32 2018]
rule Reproducibility:
    input: /Users/Mahmoud.Hallal/Desktop/PhD/Generalized_pipeline/results/A204_0.01P_0.05FDR/test_eSet1_A204.Rda, /Users/Mahmoud.Hallal/Desktop/PhD/Generalized_pipeline/results/A204_0.01P_0.05FDR/batches_all_data_A204.Rda, /Users/Mahmoud.Hallal/Desktop/PhD/Generalized_pipeline/results/A204_0.01P_0.05FDR/batches_all_phospho_data_A204.Rda, /Users/Mahmoud.Hallal/Desktop/PhD/Generalized_pipeline/Scripts/STY_reproducibility.R
    output: /Users/Mahmoud.Hallal/Desktop/PhD/Generalized_pipeline/results/A204_0.01P_0.05FDR/Phos_proteins_A204_venn_diagram_A204_PazR_Par.pdf
    jobid: 12
    wildcards: CWD=/Users/Mahmoud.Hallal/Desktop/PhD/Generalized_pipeline, new_file=A204_0.01P_0.05FDR, cline=A204, COND=A204_PazR_Par

[Fri Dec  7 09:11:57 2018]
Finished job 12.
7 of 18 steps (39%) done

[Fri Dec  7 09:11:57 2018]
rule Reproducibility:
    input: /Users/Mahmoud.Hallal/Desktop/PhD/Generalized_pipeline/results/A204_0.01P_0.05FDR/test_eSet1_A204.Rda, /Users/Mahmoud.Hallal/Desktop/PhD/Generalized_pipeline/results/A204_0.01P_0.05FDR/batches_all_data_A204.Rda, /Users/Mahmoud.Hallal/Desktop/PhD/Generalized_pipeline/results/A204_0.01P_0.05FDR/batches_all_phospho_data_A204.Rda, /Users/Mahmoud.Hallal/Desktop/PhD/Generalized_pipeline/Scripts/STY_reproducibility.R
    output: /Users/Mahmoud.Hallal/Desktop/PhD/Generalized_pipeline/results/A204_0.01P_0.05FDR/Phos_proteins_A204_venn_diagram_A204_DasR_Par.pdf
    jobid: 14
    wildcards: CWD=/Users/Mahmoud.Hallal/Desktop/PhD/Generalized_pipeline, new_file=A204_0.01P_0.05FDR, cline=A204, COND=A204_DasR_Par

Warning: the following output files of rule Reproducibility were not present when the DAG was created:
{'/Users/Mahmoud.Hallal/Desktop/PhD/Generalized_pipeline/results/A204_0.01P_0.05FDR/Phos_proteins_A204_venn_diagram_A204_DasR_Par.pdf'}
[Fri Dec  7 09:12:20 2018]
Finished job 14.
8 of 18 steps (44%) done

[Fri Dec  7 09:12:20 2018]
rule setRank_collection_create:
    input: /Users/Mahmoud.Hallal/Desktop/PhD/Generalized_pipeline/results/A204_0.01P_0.05FDR/test_eSet1_A204.Rda, /Users/Mahmoud.Hallal/Desktop/PhD/Generalized_pipeline/results/A204_0.01P_0.05FDR/all_dbs.csv, /Users/Mahmoud.Hallal/Desktop/PhD/Generalized_pipeline/Scripts/collection_create.R
    output: /Users/Mahmoud.Hallal/Desktop/PhD/Generalized_pipeline/results/A204_0.01P_0.05FDR/collection_A204.Rda
    jobid: 7
    wildcards: CWD=/Users/Mahmoud.Hallal/Desktop/PhD/Generalized_pipeline, new_file=A204_0.01P_0.05FDR, cline=A204

[Fri Dec  7 09:17:44 2018]
Finished job 7.
9 of 18 steps (50%) done

[Fri Dec  7 09:17:44 2018]
rule topTables:
    input: /Users/Mahmoud.Hallal/Desktop/PhD/Generalized_pipeline/results/A204_0.01P_0.05FDR/test_eSet1_A204.Rda, /Users/Mahmoud.Hallal/Desktop/PhD/Generalized_pipeline/Scripts/top_tables.R
    output: /Users/Mahmoud.Hallal/Desktop/PhD/Generalized_pipeline/results/A204_0.01P_0.05FDR/topTables_A204_less.Rda
    jobid: 3
    wildcards: CWD=/Users/Mahmoud.Hallal/Desktop/PhD/Generalized_pipeline, new_file=A204_0.01P_0.05FDR, cline=A204

[Fri Dec  7 09:18:08 2018]
Finished job 3.
10 of 18 steps (56%) done

[Fri Dec  7 09:18:08 2018]
rule SetRank_analysis:
    input: /Users/Mahmoud.Hallal/Desktop/PhD/Generalized_pipeline/results/A204_0.01P_0.05FDR/collection_A204.Rda, /Users/Mahmoud.Hallal/Desktop/PhD/Generalized_pipeline/results/A204_0.01P_0.05FDR/topTables_A204_less.Rda, /Users/Mahmoud.Hallal/Desktop/PhD/Generalized_pipeline/Scripts/setRank_analysis.R
    output: /Users/Mahmoud.Hallal/Desktop/PhD/Generalized_pipeline/results/A204_0.01P_0.05FDR/output_networks_with_positions_0.05FDR_0.01P_A204_less/A204_DasR_Par_pathways.txt, /Users/Mahmoud.Hallal/Desktop/PhD/Generalized_pipeline/results/A204_0.01P_0.05FDR/output_networks_with_positions_0.05FDR_0.01P_A204_less/A204_PazR_Par_pathways.txt, /Users/Mahmoud.Hallal/Desktop/PhD/Generalized_pipeline/results/A204_0.01P_0.05FDR/output_networks_with_positions_0.05FDR_0.01P_A204_less/pathways.txt
    jobid: 4
    wildcards: CWD=/Users/Mahmoud.Hallal/Desktop/PhD/Generalized_pipeline, new_file=A204_0.01P_0.05FDR, fdr=0.05, pv=0.01, cline=A204

[Fri Dec  7 09:18:32 2018]
Finished job 4.
11 of 18 steps (61%) done

[Fri Dec  7 09:18:32 2018]
rule volcano_plot:
    input: /Users/Mahmoud.Hallal/Desktop/PhD/Generalized_pipeline/results/A204_0.01P_0.05FDR/test_eSet1_A204.Rda, /Users/Mahmoud.Hallal/Desktop/PhD/Generalized_pipeline/Scripts/volcano_plots.R
    output: /Users/Mahmoud.Hallal/Desktop/PhD/Generalized_pipeline/results/A204_0.01P_0.05FDR/Volcano_plot_A204_x_A204_PazR_Par.pdf
    jobid: 6
    wildcards: CWD=/Users/Mahmoud.Hallal/Desktop/PhD/Generalized_pipeline, new_file=A204_0.01P_0.05FDR, cline=A204, cond=A204_PazR_Par

[Fri Dec  7 09:18:42 2018]
Finished job 6.
12 of 18 steps (67%) done

[Fri Dec  7 09:18:42 2018]
rule volcano_plot:
    input: /Users/Mahmoud.Hallal/Desktop/PhD/Generalized_pipeline/results/A204_0.01P_0.05FDR/test_eSet1_A204.Rda, /Users/Mahmoud.Hallal/Desktop/PhD/Generalized_pipeline/Scripts/volcano_plots.R
    output: /Users/Mahmoud.Hallal/Desktop/PhD/Generalized_pipeline/results/A204_0.01P_0.05FDR/Volcano_plot_A204_x_A204_DasR_Par.pdf
    jobid: 13
    wildcards: CWD=/Users/Mahmoud.Hallal/Desktop/PhD/Generalized_pipeline, new_file=A204_0.01P_0.05FDR, cline=A204, cond=A204_DasR_Par

Warning: the following output files of rule volcano_plot were not present when the DAG was created:
{'/Users/Mahmoud.Hallal/Desktop/PhD/Generalized_pipeline/results/A204_0.01P_0.05FDR/Volcano_plot_A204_x_A204_DasR_Par.pdf'}
[Fri Dec  7 09:18:52 2018]
Finished job 13.
13 of 18 steps (72%) done

[Fri Dec  7 09:18:52 2018]
rule pca:
    input: /Users/Mahmoud.Hallal/Desktop/PhD/Generalized_pipeline/results/A204_0.01P_0.05FDR/test_eSet1_A204.Rda, /Users/Mahmoud.Hallal/Desktop/PhD/Generalized_pipeline/Scripts/pca.R
    output: /Users/Mahmoud.Hallal/Desktop/PhD/Generalized_pipeline/results/A204_0.01P_0.05FDR/PCA_plot_filtered_A204.pdf
    jobid: 11
    wildcards: CWD=/Users/Mahmoud.Hallal/Desktop/PhD/Generalized_pipeline, new_file=A204_0.01P_0.05FDR, cline=A204

[Fri Dec  7 09:18:57 2018]
Finished job 11.
14 of 18 steps (78%) done

[Fri Dec  7 09:18:57 2018]
rule waterfall:
    input: /Users/Mahmoud.Hallal/Desktop/PhD/Generalized_pipeline/results/A204_0.01P_0.05FDR/output_networks_with_positions_0.05FDR_0.01P_A204_less/pathways.txt, /Users/Mahmoud.Hallal/Desktop/PhD/Generalized_pipeline/Scripts/waterfall_create.R
    output: /Users/Mahmoud.Hallal/Desktop/PhD/Generalized_pipeline/results/A204_0.01P_0.05FDR/Material_for_waterfall_0.05FDR_0.01P_A204.Rda
    jobid: 16
    wildcards: CWD=/Users/Mahmoud.Hallal/Desktop/PhD/Generalized_pipeline, new_file=A204_0.01P_0.05FDR, fdr=0.05, pv=0.01, cline=A204

[Fri Dec  7 09:19:01 2018]
Finished job 16.
15 of 18 steps (83%) done

[Fri Dec  7 09:19:01 2018]
rule heatmap:
    input: /Users/Mahmoud.Hallal/Desktop/PhD/Generalized_pipeline/results/A204_0.01P_0.05FDR/output_networks_with_positions_0.05FDR_0.01P_A204_less/pathways.txt, /Users/Mahmoud.Hallal/Desktop/PhD/Generalized_pipeline/Scripts/pathway_create.R
    output: /Users/Mahmoud.Hallal/Desktop/PhD/Generalized_pipeline/results/A204_0.01P_0.05FDR/Material_for_heatmap_0.05FDR_0.01P_A204.csv
    jobid: 15
    wildcards: CWD=/Users/Mahmoud.Hallal/Desktop/PhD/Generalized_pipeline, new_file=A204_0.01P_0.05FDR, fdr=0.05, pv=0.01, cline=A204

[Fri Dec  7 09:19:02 2018]
Finished job 15.
16 of 18 steps (89%) done

[Fri Dec  7 09:19:02 2018]
rule prepare_shiny_inputs:
    input: /Users/Mahmoud.Hallal/Desktop/PhD/Generalized_pipeline/results/A204_0.01P_0.05FDR/Material_for_waterfall_0.05FDR_0.01P_A204.Rda, /Users/Mahmoud.Hallal/Desktop/PhD/Generalized_pipeline/results/A204_0.01P_0.05FDR/Material_for_heatmap_0.05FDR_0.01P_A204.csv, /Users/Mahmoud.Hallal/Desktop/PhD/Generalized_pipeline/Scripts/prepare_shiny_outputs.R
    output: /Users/Mahmoud.Hallal/Desktop/PhD/Generalized_pipeline/results/A204_0.01P_0.05FDR/results_shiny_A204_0.01P_0.05FDR.Rda
    jobid: 9
    wildcards: CWD=/Users/Mahmoud.Hallal/Desktop/PhD/Generalized_pipeline, new_file=A204_0.01P_0.05FDR, cline=A204, pv=0.01, fdr=0.05

[Fri Dec  7 09:22:58 2018]
Finished job 9.
17 of 18 steps (94%) done

[Fri Dec  7 09:22:58 2018]
localrule all:
    input: /Users/Mahmoud.Hallal/Desktop/PhD/Generalized_pipeline/results/A204_0.01P_0.05FDR/eSet_data_test1_A204.csv, /Users/Mahmoud.Hallal/Desktop/PhD/Generalized_pipeline/results/A204_0.01P_0.05FDR/batches_all_phospho_data_A204.Rda, /Users/Mahmoud.Hallal/Desktop/PhD/Generalized_pipeline/results/A204_0.01P_0.05FDR/test_eSet_notfiltered_A204.Rda, /Users/Mahmoud.Hallal/Desktop/PhD/Generalized_pipeline/results/A204_0.01P_0.05FDR/test_eSet1_A204.Rda, /Users/Mahmoud.Hallal/Desktop/PhD/Generalized_pipeline/results/A204_0.01P_0.05FDR/all_dbs.csv, /Users/Mahmoud.Hallal/Desktop/PhD/Generalized_pipeline/results/A204_0.01P_0.05FDR/PCA_plot_filtered_A204.pdf, /Users/Mahmoud.Hallal/Desktop/PhD/Generalized_pipeline/results/A204_0.01P_0.05FDR/Phos_prots_with_position_venn_diagram_A204.pdf, /Users/Mahmoud.Hallal/Desktop/PhD/Generalized_pipeline/results/A204_0.01P_0.05FDR/Phos_prots_histogram_A204.pdf, /Users/Mahmoud.Hallal/Desktop/PhD/Generalized_pipeline/results/A204_0.01P_0.05FDR/Phos_proteins_A204_venn_diagram_A204_DasR_Par.pdf, /Users/Mahmoud.Hallal/Desktop/PhD/Generalized_pipeline/results/A204_0.01P_0.05FDR/Phos_proteins_A204_venn_diagram_A204_PazR_Par.pdf, /Users/Mahmoud.Hallal/Desktop/PhD/Generalized_pipeline/results/A204_0.01P_0.05FDR/collection_A204.Rda, /Users/Mahmoud.Hallal/Desktop/PhD/Generalized_pipeline/results/A204_0.01P_0.05FDR/topTables_A204_less.Rda, /Users/Mahmoud.Hallal/Desktop/PhD/Generalized_pipeline/results/A204_0.01P_0.05FDR/output_networks_with_positions_0.05FDR_0.01P_A204_less/A204_DasR_Par_pathways.txt, /Users/Mahmoud.Hallal/Desktop/PhD/Generalized_pipeline/results/A204_0.01P_0.05FDR/output_networks_with_positions_0.05FDR_0.01P_A204_less/A204_PazR_Par_pathways.txt, /Users/Mahmoud.Hallal/Desktop/PhD/Generalized_pipeline/results/A204_0.01P_0.05FDR/output_networks_with_positions_0.05FDR_0.01P_A204_less/pathways.txt, /Users/Mahmoud.Hallal/Desktop/PhD/Generalized_pipeline/results/A204_0.01P_0.05FDR/results_shiny_A204_0.01P_0.05FDR.Rda, /Users/Mahmoud.Hallal/Desktop/PhD/Generalized_pipeline/results/A204_0.01P_0.05FDR/Volcano_plot_A204_x_A204_DasR_Par.pdf, /Users/Mahmoud.Hallal/Desktop/PhD/Generalized_pipeline/results/A204_0.01P_0.05FDR/Volcano_plot_A204_x_A204_PazR_Par.pdf
    jobid: 0

[Fri Dec  7 09:22:58 2018]
Finished job 0.
18 of 18 steps (100%) done
Complete log: /Users/Mahmoud.Hallal/Desktop/PhD/Generalized_pipeline/snakemake/.snakemake/log/2018-12-07T090814.676740.snakemake.log
