Building DAG of jobs...
Using shell: /bin/bash
Provided cores: 1
Rules claiming more threads will be scaled down.
Job counts:
	count	jobs
	1	SetRank_analysis
	1	all
	1	heatmap
	3

[Mon Sep 17 17:46:07 2018]
rule SetRank_analysis:
    input: /Users/Mahmoud.Hallal/Desktop/PhD/stimulated_data_analysis/K562_Nilotinib_results/collection500_filtered.Rda, /Users/Mahmoud.Hallal/Desktop/PhD/stimulated_data_analysis/K562_Nilotinib_results/topTables_less.Rda, /Users/Mahmoud.Hallal/Desktop/PhD/Stimulated_data_analysis/K562_Nilotinib_analysis/snakemake/params/parameters.txt, /Users/Mahmoud.Hallal/Desktop/PhD/Stimulated_data_analysis/K562_Nilotinib_analysis/setRank_analysis.R
    output: /Users/Mahmoud.Hallal/Desktop/PhD/stimulated_data_analysis/K562_Nilotinib_results/output_networks_with_positions_0.05fdr_filtered_less/K562_CTRL_pathways.txt, /Users/Mahmoud.Hallal/Desktop/PhD/stimulated_data_analysis/K562_Nilotinib_results/output_networks_with_positions_0.05fdr_filtered_less/K562_DRG_pathways.txt, /Users/Mahmoud.Hallal/Desktop/PhD/stimulated_data_analysis/K562_Nilotinib_results/output_networks_with_positions_0.05fdr_filtered_less/pathways.txt
    jobid: 12

[Mon Sep 17 17:46:46 2018]
Finished job 12.
1 of 3 steps (33%) done

[Mon Sep 17 17:46:46 2018]
rule heatmap:
    input: /Users/Mahmoud.Hallal/Desktop/PhD/Stimulated_data_analysis/K562_Nilotinib_analysis/snakemake/params/parameters.txt, /Users/Mahmoud.Hallal/Desktop/PhD/stimulated_data_analysis/K562_Nilotinib_results/output_networks_with_positions_0.05fdr_filtered_less/pathways.txt, /Users/Mahmoud.Hallal/Desktop/PhD/Stimulated_data_analysis/K562_Nilotinib_analysis/pathway_create.R
    output: /Users/Mahmoud.Hallal/Desktop/PhD/stimulated_data_analysis/K562_Nilotinib_results/pathway_summary_all_phosprots_delete_True_0.05P_0.05fdr_filtered.pdf, /Users/Mahmoud.Hallal/Desktop/PhD/Stimulated_data_analysis/K562_Nilotinib_results/dataframe_map_to_pathway.csv
    jobid: 2

[Mon Sep 17 17:46:50 2018]
Finished job 2.
2 of 3 steps (67%) done

[Mon Sep 17 17:46:50 2018]
localrule all:
    input: /Users/Mahmoud.Hallal/Desktop/PhD/stimulated_data_analysis/K562_Nilotinib_results/eSet_data_test1.csv, /Users/Mahmoud.Hallal/Desktop/PhD/stimulated_data_analysis/K562_Nilotinib_results/test_eSet_notfiltered.Rda, /Users/Mahmoud.Hallal/Desktop/PhD/stimulated_data_analysis/K562_Nilotinib_results/test_eSet1.Rda, /Users/Mahmoud.Hallal/Desktop/PhD/stimulated_data_analysis/K562_Nilotinib_results/all_dbs1.csv, /Users/Mahmoud.Hallal/Desktop/PhD/stimulated_data_analysis/K562_Nilotinib_results/all_dbs.csv, /Users/Mahmoud.Hallal/Desktop/PhD/stimulated_data_analysis/K562_Nilotinib_results/collection500_filtered.Rda, /Users/Mahmoud.Hallal/Desktop/PhD/stimulated_data_analysis/K562_Nilotinib_results/topTables_less.Rda, /Users/Mahmoud.Hallal/Desktop/PhD/stimulated_data_analysis/K562_Nilotinib_results/pathway_summary_all_phosprots_delete_True_0.05P_0.05fdr_filtered.pdf, /Users/Mahmoud.Hallal/Desktop/PhD/stimulated_data_analysis/K562_Nilotinib_results/PCA_plot_filtered.pdf, /Users/Mahmoud.Hallal/Desktop/PhD/stimulated_data_analysis/K562_Nilotinib_results/Phos_prots_with_position_venn_diagram.pdf, /Users/Mahmoud.Hallal/Desktop/PhD/stimulated_data_analysis/K562_Nilotinib_results/Phos_prots_histogram.pdf, /Users/Mahmoud.Hallal/Desktop/PhD/Stimulated_data_analysis/K562_Nilotinib_results/dataframe_map_to_pathway.csv, /Users/Mahmoud.Hallal/Desktop/PhD/stimulated_data_analysis/K562_Nilotinib_results/Volcano_plot_K562_CTRL.pdf, /Users/Mahmoud.Hallal/Desktop/PhD/stimulated_data_analysis/K562_Nilotinib_results/Volcano_plot_K562_DRG.pdf
    jobid: 0

[Mon Sep 17 17:46:50 2018]
Finished job 0.
3 of 3 steps (100%) done
Complete log: /Users/Mahmoud.Hallal/Desktop/PhD/Stimulated_data_analysis/K562_Nilotinib_analysis/snakemake/.snakemake/log/2018-09-17T174606.810745.snakemake.log
