Building DAG of jobs...
Using shell: /bin/bash
Provided cores: 1
Rules claiming more threads will be scaled down.
Job counts:
	count	jobs
	1	Reproducibility
	1	all
	2

[Fri Oct 26 17:14:35 2018]
rule Reproducibility:
    input: /Users/Mahmoud.Hallal/Desktop/PhD/Generalized_pipeline/results/test_eSet1_MOLM13.Rda, /Users/Mahmoud.Hallal/Desktop/PhD/Generalized_pipeline/results/batches_all_data_MOLM13.Rda, /Users/Mahmoud.Hallal/Desktop/PhD/Generalized_pipeline/results/batches_all_phospho_data_MOLM13.Rda, /Users/Mahmoud.Hallal/Desktop/PhD/Generalized_pipeline/STY_reproducibility.R
    output: /Users/Mahmoud.Hallal/Desktop/PhD/Generalized_pipeline/results/Phos_proteins_MOLM13_CTRL_venn_diagram.pdf, /Users/Mahmoud.Hallal/Desktop/PhD/Generalized_pipeline/results/Phos_proteins_MOLM13_DRG_venn_diagram.pdf
    jobid: 5
    wildcards: CWD=/Users/Mahmoud.Hallal/Desktop/PhD/Generalized_pipeline, cline=MOLM13

[Fri Oct 26 17:14:39 2018]
Error in rule Reproducibility:
    jobid: 5
    output: /Users/Mahmoud.Hallal/Desktop/PhD/Generalized_pipeline/results/Phos_proteins_MOLM13_CTRL_venn_diagram.pdf, /Users/Mahmoud.Hallal/Desktop/PhD/Generalized_pipeline/results/Phos_proteins_MOLM13_DRG_venn_diagram.pdf

RuleException:
CalledProcessError in line 157 of /Users/Mahmoud.Hallal/Desktop/PhD/Generalized_pipeline/snakemake/Snakefile:
Command ' set -euo pipefail;   Rscript /Users/Mahmoud.Hallal/Desktop/PhD/Generalized_pipeline/STY_reproducibility.R ' returned non-zero exit status 1.
  File "/Users/Mahmoud.Hallal/Desktop/PhD/Generalized_pipeline/snakemake/Snakefile", line 157, in __rule_Reproducibility
  File "/Users/Mahmoud.Hallal/miniconda3/envs/snakemake_General/lib/python3.6/concurrent/futures/thread.py", line 56, in run
Removing output files of failed job Reproducibility since they might be corrupted:
/Users/Mahmoud.Hallal/Desktop/PhD/Generalized_pipeline/results/Phos_proteins_MOLM13_CTRL_venn_diagram.pdf, /Users/Mahmoud.Hallal/Desktop/PhD/Generalized_pipeline/results/Phos_proteins_MOLM13_DRG_venn_diagram.pdf
Shutting down, this might take some time.
Exiting because a job execution failed. Look above for error message
Complete log: /Users/Mahmoud.Hallal/Desktop/PhD/Generalized_pipeline/snakemake/.snakemake/log/2018-10-26T171435.427319.snakemake.log
