Building DAG of jobs...
Using shell: /bin/bash
Provided cores: 1
Rules claiming more threads will be scaled down.
Job counts:
	count	jobs
	1	SetRank_analysis
	1	all
	1	heatmap
	1	pca
	1	prepare_shiny_inputs
	1	volcano_plot
	1	waterfall
	7

[Wed Nov 21 09:46:42 2018]
rule SetRank_analysis:
    input: /Users/Mahmoud.Hallal/Desktop/PhD/Generalized_pipeline/results/collection_K562.Rda, /Users/Mahmoud.Hallal/Desktop/PhD/Generalized_pipeline/results/topTables_K562_less.Rda, /Users/Mahmoud.Hallal/Desktop/PhD/Generalized_pipeline/Scripts/setRank_analysis.R
    output: /Users/Mahmoud.Hallal/Desktop/PhD/Generalized_pipeline/results/output_networks_with_positions_0.01FDR_0.01P_K562_less/K562_CTRL_pathways.txt, /Users/Mahmoud.Hallal/Desktop/PhD/Generalized_pipeline/results/output_networks_with_positions_0.01FDR_0.01P_K562_less/K562_DRG_pathways.txt, /Users/Mahmoud.Hallal/Desktop/PhD/Generalized_pipeline/results/output_networks_with_positions_0.01FDR_0.01P_K562_less/pathways.txt
    jobid: 14
    wildcards: CWD=/Users/Mahmoud.Hallal/Desktop/PhD/Generalized_pipeline, fdr=0.01, pv=0.01, cline=K562

[Wed Nov 21 09:47:10 2018]
Finished job 14.
1 of 7 steps (14%) done

[Wed Nov 21 09:47:10 2018]
rule volcano_plot:
    input: /Users/Mahmoud.Hallal/Desktop/PhD/Generalized_pipeline/results/test_eSet1_K562.Rda, /Users/Mahmoud.Hallal/Desktop/PhD/Generalized_pipeline/Scripts/volcano_plots.R
    output: /Users/Mahmoud.Hallal/Desktop/PhD/Generalized_pipeline/results/Volcano_plot_K562_K562_DRG.pdf
    jobid: 5
    wildcards: CWD=/Users/Mahmoud.Hallal/Desktop/PhD/Generalized_pipeline, cline=K562

[Wed Nov 21 09:47:21 2018]
Finished job 5.
2 of 7 steps (29%) done

[Wed Nov 21 09:47:21 2018]
rule pca:
    input: /Users/Mahmoud.Hallal/Desktop/PhD/Generalized_pipeline/results/test_eSet1_K562.Rda, /Users/Mahmoud.Hallal/Desktop/PhD/Generalized_pipeline/Scripts/pca.R
    output: /Users/Mahmoud.Hallal/Desktop/PhD/Generalized_pipeline/results/PCA_plot_filtered_K562.pdf
    jobid: 4
    wildcards: CWD=/Users/Mahmoud.Hallal/Desktop/PhD/Generalized_pipeline, cline=K562

[Wed Nov 21 09:47:25 2018]
Finished job 4.
3 of 7 steps (43%) done

[Wed Nov 21 09:47:25 2018]
rule waterfall:
    input: /Users/Mahmoud.Hallal/Desktop/PhD/Generalized_pipeline/results/output_networks_with_positions_0.01FDR_0.01P_K562_less/pathways.txt, /Users/Mahmoud.Hallal/Desktop/PhD/Generalized_pipeline/Scripts/waterfall_create.R
    output: /Users/Mahmoud.Hallal/Desktop/PhD/Generalized_pipeline/results/Material_for_waterfall_0.01FDR_0.01P_K562.Rda
    jobid: 9
    wildcards: CWD=/Users/Mahmoud.Hallal/Desktop/PhD/Generalized_pipeline, fdr=0.01, pv=0.01, cline=K562

[Wed Nov 21 09:47:29 2018]
Finished job 9.
4 of 7 steps (57%) done

[Wed Nov 21 09:47:29 2018]
rule heatmap:
    input: /Users/Mahmoud.Hallal/Desktop/PhD/Generalized_pipeline/results/output_networks_with_positions_0.01FDR_0.01P_K562_less/pathways.txt, /Users/Mahmoud.Hallal/Desktop/PhD/Generalized_pipeline/Scripts/pathway_create.R
    output: /Users/Mahmoud.Hallal/Desktop/PhD/Generalized_pipeline/results/Material_for_heatmap_0.01FDR_0.01P_K562.csv
    jobid: 10
    wildcards: CWD=/Users/Mahmoud.Hallal/Desktop/PhD/Generalized_pipeline, fdr=0.01, pv=0.01, cline=K562

[Wed Nov 21 09:47:30 2018]
Finished job 10.
5 of 7 steps (71%) done

[Wed Nov 21 09:47:30 2018]
rule prepare_shiny_inputs:
    input: /Users/Mahmoud.Hallal/Desktop/PhD/Generalized_pipeline/results/Material_for_waterfall_0.01FDR_0.01P_K562.Rda, /Users/Mahmoud.Hallal/Desktop/PhD/Generalized_pipeline/results/Material_for_heatmap_0.01FDR_0.01P_K562.csv, /Users/Mahmoud.Hallal/Desktop/PhD/Generalized_pipeline/Scripts/prepare_shiny_outputs.R
    output: /Users/Mahmoud.Hallal/Desktop/PhD/Generalized_pipeline/results/results_shiny_K562_0.01FDR_0.01P.Rda
    jobid: 2
    wildcards: CWD=/Users/Mahmoud.Hallal/Desktop/PhD/Generalized_pipeline, cline=K562, fdr=0.01, pv=0.01

[Wed Nov 21 09:49:01 2018]
Finished job 2.
6 of 7 steps (86%) done

[Wed Nov 21 09:49:01 2018]
localrule all:
    input: /Users/Mahmoud.Hallal/Desktop/PhD/Generalized_pipeline/results/PCA_plot_filtered_K562.pdf, /Users/Mahmoud.Hallal/Desktop/PhD/Generalized_pipeline/results/Phos_prots_with_position_venn_diagram_K562.pdf, /Users/Mahmoud.Hallal/Desktop/PhD/Generalized_pipeline/results/Phos_prots_histogram_K562.pdf, /Users/Mahmoud.Hallal/Desktop/PhD/Generalized_pipeline/results/Phos_proteins_K562_CTRL_venn_diagram.pdf, /Users/Mahmoud.Hallal/Desktop/PhD/Generalized_pipeline/results/collection_K562.Rda, /Users/Mahmoud.Hallal/Desktop/PhD/Generalized_pipeline/results/results_shiny_K562_0.01FDR_0.01P.Rda, /Users/Mahmoud.Hallal/Desktop/PhD/Generalized_pipeline/results/Volcano_plot_K562_K562_DRG.pdf
    jobid: 0

[Wed Nov 21 09:49:01 2018]
Finished job 0.
7 of 7 steps (100%) done
Complete log: /Users/Mahmoud.Hallal/Desktop/PhD/Generalized_pipeline/snakemake/.snakemake/log/2018-11-21T094641.365554.snakemake.log
