Building DAG of jobs...
Using shell: /bin/bash
Provided cores: 1
Rules claiming more threads will be scaled down.
Job counts:
	count	jobs
	1	SetRank_analysis
	1	all
	1	heatmap
	1	prepare_shiny_inputs
	1	topTables
	1	waterfall
	6

[Tue Dec 11 14:21:10 2018]
rule topTables:
    input: /Users/Mahmoud.Hallal/Desktop/PhD/Generalized_pipeline/results/CML_0.01P_0.05FDR/test_eSet1_CML.Rda, /Users/Mahmoud.Hallal/Desktop/PhD/Generalized_pipeline/Scripts/top_tables.R
    output: /Users/Mahmoud.Hallal/Desktop/PhD/Generalized_pipeline/results/CML_0.01P_0.05FDR/topTables_CML_less.Rda
    jobid: 7
    wildcards: CWD=/Users/Mahmoud.Hallal/Desktop/PhD/Generalized_pipeline, new_file=CML_0.01P_0.05FDR, cline=CML

[Tue Dec 11 14:21:14 2018]
Finished job 7.
1 of 6 steps (17%) done

[Tue Dec 11 14:21:14 2018]
rule SetRank_analysis:
    input: /Users/Mahmoud.Hallal/Desktop/PhD/Generalized_pipeline/results/CML_0.01P_0.05FDR/collection_CML.Rda, /Users/Mahmoud.Hallal/Desktop/PhD/Generalized_pipeline/results/CML_0.01P_0.05FDR/topTables_CML_less.Rda, /Users/Mahmoud.Hallal/Desktop/PhD/Generalized_pipeline/Scripts/setRank_analysis.R
    output: /Users/Mahmoud.Hallal/Desktop/PhD/Generalized_pipeline/results/CML_0.01P_0.05FDR/output_networks_with_positions_0.05FDR_0.01P_CML_less/CML_BE00097_fup_pathways.txt, /Users/Mahmoud.Hallal/Desktop/PhD/Generalized_pipeline/results/CML_0.01P_0.05FDR/output_networks_with_positions_0.05FDR_0.01P_CML_less/CML_BE00283_pathways.txt, /Users/Mahmoud.Hallal/Desktop/PhD/Generalized_pipeline/results/CML_0.01P_0.05FDR/output_networks_with_positions_0.05FDR_0.01P_CML_less/pathways.txt
    jobid: 1
    wildcards: CWD=/Users/Mahmoud.Hallal/Desktop/PhD/Generalized_pipeline, new_file=CML_0.01P_0.05FDR, fdr=0.05, pv=0.01, cline=CML

[Tue Dec 11 14:21:33 2018]
Finished job 1.
2 of 6 steps (33%) done

[Tue Dec 11 14:21:33 2018]
rule waterfall:
    input: /Users/Mahmoud.Hallal/Desktop/PhD/Generalized_pipeline/results/CML_0.01P_0.05FDR/output_networks_with_positions_0.05FDR_0.01P_CML_less/pathways.txt, /Users/Mahmoud.Hallal/Desktop/PhD/Generalized_pipeline/Scripts/waterfall_create.R
    output: /Users/Mahmoud.Hallal/Desktop/PhD/Generalized_pipeline/results/CML_0.01P_0.05FDR/Material_for_waterfall_0.05FDR_0.01P_CML.Rda
    jobid: 14
    wildcards: CWD=/Users/Mahmoud.Hallal/Desktop/PhD/Generalized_pipeline, new_file=CML_0.01P_0.05FDR, fdr=0.05, pv=0.01, cline=CML

Waiting at most 5 seconds for missing files.
MissingOutputException in line 227 of /Users/Mahmoud.Hallal/Desktop/PhD/Generalized_pipeline/snakemake/Snakefile:
Missing files after 5 seconds:
/Users/Mahmoud.Hallal/Desktop/PhD/Generalized_pipeline/results/CML_0.01P_0.05FDR/Material_for_waterfall_0.05FDR_0.01P_CML.Rda
This might be due to filesystem latency. If that is the case, consider to increase the wait time with --latency-wait.
Shutting down, this might take some time.
Exiting because a job execution failed. Look above for error message
Complete log: /Users/Mahmoud.Hallal/Desktop/PhD/Generalized_pipeline/snakemake/.snakemake/log/2018-12-11T142109.310839.snakemake.log
