Building DAG of jobs...
Using shell: /bin/bash
Provided cores: 1
Rules claiming more threads will be scaled down.
Job counts:
	count	jobs
	1	all
	1	create_STY_eSet
	2

[Fri Oct 26 16:23:11 2018]
rule create_STY_eSet:
    input: /Users/Mahmoud.Hallal/Desktop/PhD/Generalized_pipeline/results/eSet_data_test1_MOLM13.csv, /Users/Mahmoud.Hallal/Desktop/PhD/Generalized_pipeline/create_eSet_sd.R
    output: /Users/Mahmoud.Hallal/Desktop/PhD/Generalized_pipeline/results/test_eSet_notfiltered_MOLM13.Rda
    jobid: 1
    wildcards: CWD=/Users/Mahmoud.Hallal/Desktop/PhD/Generalized_pipeline, cline=MOLM13

Waiting at most 5 seconds for missing files.
MissingOutputException in line 70 of /Users/Mahmoud.Hallal/Desktop/PhD/Generalized_pipeline/snakemake/Snakefile:
Missing files after 5 seconds:
/Users/Mahmoud.Hallal/Desktop/PhD/Generalized_pipeline/results/test_eSet_notfiltered_MOLM13.Rda
This might be due to filesystem latency. If that is the case, consider to increase the wait time with --latency-wait.
Shutting down, this might take some time.
Exiting because a job execution failed. Look above for error message
Complete log: /Users/Mahmoud.Hallal/Desktop/PhD/Generalized_pipeline/snakemake/.snakemake/log/2018-10-26T162308.130121.snakemake.log
