Building DAG of jobs...
Using shell: /bin/bash
Provided cores: 1
Rules claiming more threads will be scaled down.
Job counts:
	count	jobs
	1	Reproducibility
	1	STY_plotting
	1	SetRank_analysis
	1	all
	1	create_STY_eSet
	1	create_kinase_substrate_5_dbs
	1	create_kinase_substrate_dbs
	1	filter_eSet
	1	heatmap
	1	load_prepare_STY_files
	1	pca
	1	prepare_shiny_inputs
	1	setRank_collection_create
	1	topTables
	1	volcano_plot
	1	waterfall
	16

[Fri Nov 30 09:14:30 2018]
rule create_kinase_substrate_5_dbs:
    input: /Users/Mahmoud.Hallal/Desktop/PhD/Phospho_database/phosphoELM_db/phosphoELM_vertebrate_2015-04.dump, /Users/Mahmoud.Hallal/Desktop/PhD/Phospho_database/phosphoSitePlus/Kinase_Substrate_Dataset, /Users/Mahmoud.Hallal/Desktop/PhD/Phospho_database/PhosphoNetworks/refKSI.csv, /Users/Mahmoud.Hallal/Desktop/PhD/Phospho_database/HPRD/FLAT_FILES_072010/POST_TRANSLATIONAL_MODIFICATIONS.txt, /Users/Mahmoud.Hallal/Desktop/PhD/Phospho_database/MINT/MINT_MiTab.txt, /Users/Mahmoud.Hallal/Desktop/PhD/Phospho_database/RegPhos/RegPhos_Phos_human.txt, /Users/Mahmoud.Hallal/Desktop/PhD/Phospho_database/SIGNOR/human_phosphorylations_09_05_17.csv, /Users/Mahmoud.Hallal/Desktop/PhD/Generalized_pipeline/Scripts/phospho_dbs_v2.R
    output: /Users/Mahmoud.Hallal/Desktop/PhD/Generalized_pipeline/results/K562_0.005P_0.025FDR/all_dbs1.csv
    jobid: 14
    wildcards: CWD=/Users/Mahmoud.Hallal/Desktop/PhD/Generalized_pipeline, new_file=K562_0.005P_0.025FDR

[Fri Nov 30 09:15:53 2018]
Finished job 14.
1 of 16 steps (6%) done

[Fri Nov 30 09:15:53 2018]
rule load_prepare_STY_files:
    input: /Users/Mahmoud.Hallal/Desktop/PhD/cell_lines_data/Stimulated_data/K562_Nilotinib_t2/Phospho (STY)Sites.txt, /Users/Mahmoud.Hallal/Desktop/PhD/Generalized_pipeline/Scripts/cell_lines_analysis_STYfiles_INC1_INC2_sd.R
    output: /Users/Mahmoud.Hallal/Desktop/PhD/Generalized_pipeline/results/K562_0.005P_0.025FDR/eSet_data_test1_K562.csv, /Users/Mahmoud.Hallal/Desktop/PhD/Generalized_pipeline/results/K562_0.005P_0.025FDR/batches_all_data_K562.Rda, /Users/Mahmoud.Hallal/Desktop/PhD/Generalized_pipeline/results/K562_0.005P_0.025FDR/batches_all_phospho_data_K562.Rda
    jobid: 10
    wildcards: CWD=/Users/Mahmoud.Hallal/Desktop/PhD/Generalized_pipeline, new_file=K562_0.005P_0.025FDR, cline=K562

[Fri Nov 30 09:16:09 2018]
Finished job 10.
2 of 16 steps (12%) done

[Fri Nov 30 09:16:09 2018]
rule STY_plotting:
    input: /Users/Mahmoud.Hallal/Desktop/PhD/Generalized_pipeline/results/K562_0.005P_0.025FDR/batches_all_data_K562.Rda, /Users/Mahmoud.Hallal/Desktop/PhD/Generalized_pipeline/results/K562_0.005P_0.025FDR/batches_all_phospho_data_K562.Rda, /Users/Mahmoud.Hallal/Desktop/PhD/Generalized_pipeline/Scripts/plotting_STY.R
    output: /Users/Mahmoud.Hallal/Desktop/PhD/Generalized_pipeline/results/K562_0.005P_0.025FDR/Phos_prots_with_position_histogram_K562.pdf, /Users/Mahmoud.Hallal/Desktop/PhD/Generalized_pipeline/results/K562_0.005P_0.025FDR/Phos_prots_histogram_K562.pdf, /Users/Mahmoud.Hallal/Desktop/PhD/Generalized_pipeline/results/K562_0.005P_0.025FDR/Phos_peptides_venn_diagram_K562.pdf, /Users/Mahmoud.Hallal/Desktop/PhD/Generalized_pipeline/results/K562_0.005P_0.025FDR/Phos_prots_with_position_venn_diagram_K562.pdf, /Users/Mahmoud.Hallal/Desktop/PhD/Generalized_pipeline/results/K562_0.005P_0.025FDR/table_counts_all_K562.csv
    jobid: 4
    wildcards: CWD=/Users/Mahmoud.Hallal/Desktop/PhD/Generalized_pipeline, new_file=K562_0.005P_0.025FDR, cline=K562

[Fri Nov 30 09:16:18 2018]
Finished job 4.
3 of 16 steps (19%) done

[Fri Nov 30 09:16:18 2018]
rule create_kinase_substrate_dbs:
    input: /Users/Mahmoud.Hallal/Desktop/PhD/Motif_analysis/all_dbs.csv, /Users/Mahmoud.Hallal/Desktop/PhD/Generalized_pipeline/results/K562_0.005P_0.025FDR/all_dbs1.csv, /Users/Mahmoud.Hallal/Desktop/PhD/Generalized_pipeline/Scripts/phospho_dbs_with_motif.R, /Users/Mahmoud.Hallal/Desktop/PhD/Generalized_pipeline/Scripts/phospho_dbs_without_motif.R
    output: /Users/Mahmoud.Hallal/Desktop/PhD/Generalized_pipeline/results/K562_0.005P_0.025FDR/all_dbs.csv
    jobid: 11
    wildcards: CWD=/Users/Mahmoud.Hallal/Desktop/PhD/Generalized_pipeline, new_file=K562_0.005P_0.025FDR

[Fri Nov 30 09:16:21 2018]
Finished job 11.
4 of 16 steps (25%) done

[Fri Nov 30 09:16:21 2018]
rule create_STY_eSet:
    input: /Users/Mahmoud.Hallal/Desktop/PhD/Generalized_pipeline/results/K562_0.005P_0.025FDR/eSet_data_test1_K562.csv, /Users/Mahmoud.Hallal/Desktop/PhD/Generalized_pipeline/Scripts/create_eSet_sd.R
    output: /Users/Mahmoud.Hallal/Desktop/PhD/Generalized_pipeline/results/K562_0.005P_0.025FDR/test_eSet_notfiltered_K562.Rda
    jobid: 13
    wildcards: CWD=/Users/Mahmoud.Hallal/Desktop/PhD/Generalized_pipeline, new_file=K562_0.005P_0.025FDR, cline=K562

[Fri Nov 30 09:16:35 2018]
Finished job 13.
5 of 16 steps (31%) done

[Fri Nov 30 09:16:35 2018]
rule filter_eSet:
    input: /Users/Mahmoud.Hallal/Desktop/PhD/Generalized_pipeline/results/K562_0.005P_0.025FDR/test_eSet_notfiltered_K562.Rda, /Users/Mahmoud.Hallal/Desktop/PhD/Generalized_pipeline/Scripts/filter_eSet_sd.R
    output: /Users/Mahmoud.Hallal/Desktop/PhD/Generalized_pipeline/results/K562_0.005P_0.025FDR/test_eSet1_K562.Rda
    jobid: 9
    wildcards: CWD=/Users/Mahmoud.Hallal/Desktop/PhD/Generalized_pipeline, new_file=K562_0.005P_0.025FDR, cline=K562

[Fri Nov 30 09:16:46 2018]
Finished job 9.
6 of 16 steps (38%) done

[Fri Nov 30 09:16:46 2018]
rule Reproducibility:
    input: /Users/Mahmoud.Hallal/Desktop/PhD/Generalized_pipeline/results/K562_0.005P_0.025FDR/test_eSet1_K562.Rda, /Users/Mahmoud.Hallal/Desktop/PhD/Generalized_pipeline/results/K562_0.005P_0.025FDR/batches_all_data_K562.Rda, /Users/Mahmoud.Hallal/Desktop/PhD/Generalized_pipeline/results/K562_0.005P_0.025FDR/batches_all_phospho_data_K562.Rda, /Users/Mahmoud.Hallal/Desktop/PhD/Generalized_pipeline/Scripts/STY_reproducibility.R
    output: /Users/Mahmoud.Hallal/Desktop/PhD/Generalized_pipeline/results/K562_0.005P_0.025FDR/Phos_proteins_K562_CTRL_venn_diagram.pdf, /Users/Mahmoud.Hallal/Desktop/PhD/Generalized_pipeline/results/K562_0.005P_0.025FDR/Phos_proteins_K562_DRG_venn_diagram.pdf
    jobid: 5
    wildcards: CWD=/Users/Mahmoud.Hallal/Desktop/PhD/Generalized_pipeline, new_file=K562_0.005P_0.025FDR, cline=K562

[Fri Nov 30 09:17:11 2018]
Finished job 5.
7 of 16 steps (44%) done

[Fri Nov 30 09:17:11 2018]
rule setRank_collection_create:
    input: /Users/Mahmoud.Hallal/Desktop/PhD/Generalized_pipeline/results/K562_0.005P_0.025FDR/test_eSet1_K562.Rda, /Users/Mahmoud.Hallal/Desktop/PhD/Generalized_pipeline/results/K562_0.005P_0.025FDR/all_dbs.csv, /Users/Mahmoud.Hallal/Desktop/PhD/Generalized_pipeline/Scripts/collection_create.R
    output: /Users/Mahmoud.Hallal/Desktop/PhD/Generalized_pipeline/results/K562_0.005P_0.025FDR/collection_K562.Rda
    jobid: 6
    wildcards: CWD=/Users/Mahmoud.Hallal/Desktop/PhD/Generalized_pipeline, new_file=K562_0.005P_0.025FDR, cline=K562

[Fri Nov 30 09:24:22 2018]
Finished job 6.
8 of 16 steps (50%) done

[Fri Nov 30 09:24:22 2018]
rule volcano_plot:
    input: /Users/Mahmoud.Hallal/Desktop/PhD/Generalized_pipeline/results/K562_0.005P_0.025FDR/test_eSet1_K562.Rda, /Users/Mahmoud.Hallal/Desktop/PhD/Generalized_pipeline/Scripts/volcano_plots.R
    output: /Users/Mahmoud.Hallal/Desktop/PhD/Generalized_pipeline/results/K562_0.005P_0.025FDR/Volcano_plot_K562_K562_DRG.pdf
    jobid: 3
    wildcards: CWD=/Users/Mahmoud.Hallal/Desktop/PhD/Generalized_pipeline, new_file=K562_0.005P_0.025FDR, cline=K562

[Fri Nov 30 09:24:36 2018]
Finished job 3.
9 of 16 steps (56%) done

[Fri Nov 30 09:24:36 2018]
rule topTables:
    input: /Users/Mahmoud.Hallal/Desktop/PhD/Generalized_pipeline/results/K562_0.005P_0.025FDR/test_eSet1_K562.Rda, /Users/Mahmoud.Hallal/Desktop/PhD/Generalized_pipeline/Scripts/top_tables.R
    output: /Users/Mahmoud.Hallal/Desktop/PhD/Generalized_pipeline/results/K562_0.005P_0.025FDR/topTables_K562_less.Rda
    jobid: 15
    wildcards: CWD=/Users/Mahmoud.Hallal/Desktop/PhD/Generalized_pipeline, new_file=K562_0.005P_0.025FDR, cline=K562

[Fri Nov 30 09:25:26 2018]
Finished job 15.
10 of 16 steps (62%) done

[Fri Nov 30 09:25:26 2018]
rule SetRank_analysis:
    input: /Users/Mahmoud.Hallal/Desktop/PhD/Generalized_pipeline/results/K562_0.005P_0.025FDR/collection_K562.Rda, /Users/Mahmoud.Hallal/Desktop/PhD/Generalized_pipeline/results/K562_0.005P_0.025FDR/topTables_K562_less.Rda, /Users/Mahmoud.Hallal/Desktop/PhD/Generalized_pipeline/Scripts/setRank_analysis.R
    output: /Users/Mahmoud.Hallal/Desktop/PhD/Generalized_pipeline/results/K562_0.005P_0.025FDR/output_networks_with_positions_0.025FDR_0.005P_K562_less/K562_CTRL_pathways.txt, /Users/Mahmoud.Hallal/Desktop/PhD/Generalized_pipeline/results/K562_0.005P_0.025FDR/output_networks_with_positions_0.025FDR_0.005P_K562_less/K562_DRG_pathways.txt, /Users/Mahmoud.Hallal/Desktop/PhD/Generalized_pipeline/results/K562_0.005P_0.025FDR/output_networks_with_positions_0.025FDR_0.005P_K562_less/pathways.txt
    jobid: 12
    wildcards: CWD=/Users/Mahmoud.Hallal/Desktop/PhD/Generalized_pipeline, new_file=K562_0.005P_0.025FDR, fdr=0.025, pv=0.005, cline=K562

[Fri Nov 30 09:25:57 2018]
Finished job 12.
11 of 16 steps (69%) done

[Fri Nov 30 09:25:57 2018]
rule pca:
    input: /Users/Mahmoud.Hallal/Desktop/PhD/Generalized_pipeline/results/K562_0.005P_0.025FDR/test_eSet1_K562.Rda, /Users/Mahmoud.Hallal/Desktop/PhD/Generalized_pipeline/Scripts/pca.R
    output: /Users/Mahmoud.Hallal/Desktop/PhD/Generalized_pipeline/results/K562_0.005P_0.025FDR/PCA_plot_filtered_K562.pdf
    jobid: 2
    wildcards: CWD=/Users/Mahmoud.Hallal/Desktop/PhD/Generalized_pipeline, new_file=K562_0.005P_0.025FDR, cline=K562

[Fri Nov 30 09:26:01 2018]
Finished job 2.
12 of 16 steps (75%) done

[Fri Nov 30 09:26:01 2018]
rule waterfall:
    input: /Users/Mahmoud.Hallal/Desktop/PhD/Generalized_pipeline/results/K562_0.005P_0.025FDR/output_networks_with_positions_0.025FDR_0.005P_K562_less/pathways.txt, /Users/Mahmoud.Hallal/Desktop/PhD/Generalized_pipeline/Scripts/waterfall_create.R
    output: /Users/Mahmoud.Hallal/Desktop/PhD/Generalized_pipeline/results/K562_0.005P_0.025FDR/Material_for_waterfall_0.025FDR_0.005P_K562.Rda
    jobid: 8
    wildcards: CWD=/Users/Mahmoud.Hallal/Desktop/PhD/Generalized_pipeline, new_file=K562_0.005P_0.025FDR, fdr=0.025, pv=0.005, cline=K562

[Fri Nov 30 09:26:04 2018]
Finished job 8.
13 of 16 steps (81%) done

[Fri Nov 30 09:26:04 2018]
rule heatmap:
    input: /Users/Mahmoud.Hallal/Desktop/PhD/Generalized_pipeline/results/K562_0.005P_0.025FDR/output_networks_with_positions_0.025FDR_0.005P_K562_less/pathways.txt, /Users/Mahmoud.Hallal/Desktop/PhD/Generalized_pipeline/Scripts/pathway_create.R
    output: /Users/Mahmoud.Hallal/Desktop/PhD/Generalized_pipeline/results/K562_0.005P_0.025FDR/Material_for_heatmap_0.025FDR_0.005P_K562.csv
    jobid: 7
    wildcards: CWD=/Users/Mahmoud.Hallal/Desktop/PhD/Generalized_pipeline, new_file=K562_0.005P_0.025FDR, fdr=0.025, pv=0.005, cline=K562

[Fri Nov 30 09:26:05 2018]
Finished job 7.
14 of 16 steps (88%) done

[Fri Nov 30 09:26:05 2018]
rule prepare_shiny_inputs:
    input: /Users/Mahmoud.Hallal/Desktop/PhD/Generalized_pipeline/results/K562_0.005P_0.025FDR/Material_for_waterfall_0.025FDR_0.005P_K562.Rda, /Users/Mahmoud.Hallal/Desktop/PhD/Generalized_pipeline/results/K562_0.005P_0.025FDR/Material_for_heatmap_0.025FDR_0.005P_K562.csv, /Users/Mahmoud.Hallal/Desktop/PhD/Generalized_pipeline/Scripts/prepare_shiny_outputs.R
    output: /Users/Mahmoud.Hallal/Desktop/PhD/Generalized_pipeline/results/K562_0.005P_0.025FDR/results_shiny_K562_0.025FDR_0.005P.Rda
    jobid: 1
    wildcards: CWD=/Users/Mahmoud.Hallal/Desktop/PhD/Generalized_pipeline, new_file=K562_0.005P_0.025FDR, cline=K562, fdr=0.025, pv=0.005

[Fri Nov 30 09:27:46 2018]
Finished job 1.
15 of 16 steps (94%) done

[Fri Nov 30 09:27:46 2018]
localrule all:
    input: /Users/Mahmoud.Hallal/Desktop/PhD/Generalized_pipeline/results/K562_0.005P_0.025FDR/PCA_plot_filtered_K562.pdf, /Users/Mahmoud.Hallal/Desktop/PhD/Generalized_pipeline/results/K562_0.005P_0.025FDR/Phos_prots_with_position_venn_diagram_K562.pdf, /Users/Mahmoud.Hallal/Desktop/PhD/Generalized_pipeline/results/K562_0.005P_0.025FDR/Phos_prots_histogram_K562.pdf, /Users/Mahmoud.Hallal/Desktop/PhD/Generalized_pipeline/results/K562_0.005P_0.025FDR/Phos_proteins_K562_CTRL_venn_diagram.pdf, /Users/Mahmoud.Hallal/Desktop/PhD/Generalized_pipeline/results/K562_0.005P_0.025FDR/collection_K562.Rda, /Users/Mahmoud.Hallal/Desktop/PhD/Generalized_pipeline/results/K562_0.005P_0.025FDR/results_shiny_K562_0.025FDR_0.005P.Rda, /Users/Mahmoud.Hallal/Desktop/PhD/Generalized_pipeline/results/K562_0.005P_0.025FDR/Volcano_plot_K562_K562_DRG.pdf
    jobid: 0

[Fri Nov 30 09:27:46 2018]
Finished job 0.
16 of 16 steps (100%) done
Complete log: /Users/Mahmoud.Hallal/Desktop/PhD/Generalized_pipeline/snakemake/.snakemake/log/2018-11-30T091429.443031.snakemake.log
