Building DAG of jobs...
Using shell: /bin/bash
Provided cores: 1
Rules claiming more threads will be scaled down.
Job counts:
	count	jobs
	2	Reproducibility
	1	STY_plotting
	1	SetRank_analysis
	1	all
	1	create_STY_eSet
	1	filter_eSet
	1	heatmap
	1	load_prepare_STY_files
	1	pca
	1	prepare_shiny_inputs
	1	setRank_collection_create
	1	topTables
	1	waterfall
	14

[Tue Dec 11 18:12:57 2018]
rule load_prepare_STY_files:
    input: /Users/Mahmoud.Hallal/Desktop/PhD/cell_lines_data/CML_samples_12.2018/pipeline_data_CML_OT.csv, /Users/Mahmoud.Hallal/Desktop/PhD/Generalized_pipeline/Scripts/cell_lines_analysis_STYfiles_INC1_INC2_sd.R
    output: /Users/Mahmoud.Hallal/Desktop/PhD/Generalized_pipeline/results/CML_0.01P_0.05FDR/eSet_data_test1_CML.csv, /Users/Mahmoud.Hallal/Desktop/PhD/Generalized_pipeline/results/CML_0.01P_0.05FDR/batches_all_data_CML.Rda, /Users/Mahmoud.Hallal/Desktop/PhD/Generalized_pipeline/results/CML_0.01P_0.05FDR/batches_all_phospho_data_CML.Rda
    jobid: 2
    wildcards: CWD=/Users/Mahmoud.Hallal/Desktop/PhD/Generalized_pipeline, new_file=CML_0.01P_0.05FDR, cline=CML

[Tue Dec 11 18:13:03 2018]
Finished job 2.
1 of 14 steps (7%) done

[Tue Dec 11 18:13:03 2018]
rule STY_plotting:
    input: /Users/Mahmoud.Hallal/Desktop/PhD/Generalized_pipeline/results/CML_0.01P_0.05FDR/batches_all_data_CML.Rda, /Users/Mahmoud.Hallal/Desktop/PhD/Generalized_pipeline/results/CML_0.01P_0.05FDR/batches_all_phospho_data_CML.Rda, /Users/Mahmoud.Hallal/Desktop/PhD/Generalized_pipeline/Scripts/plotting_STY.R
    output: /Users/Mahmoud.Hallal/Desktop/PhD/Generalized_pipeline/results/CML_0.01P_0.05FDR/Phos_prots_with_position_histogram_CML.pdf, /Users/Mahmoud.Hallal/Desktop/PhD/Generalized_pipeline/results/CML_0.01P_0.05FDR/Phos_prots_histogram_CML.pdf, /Users/Mahmoud.Hallal/Desktop/PhD/Generalized_pipeline/results/CML_0.01P_0.05FDR/Phos_peptides_venn_diagram_CML.pdf, /Users/Mahmoud.Hallal/Desktop/PhD/Generalized_pipeline/results/CML_0.01P_0.05FDR/Phos_prots_with_position_venn_diagram_CML.pdf, /Users/Mahmoud.Hallal/Desktop/PhD/Generalized_pipeline/results/CML_0.01P_0.05FDR/table_counts_all_CML.csv
    jobid: 10
    wildcards: CWD=/Users/Mahmoud.Hallal/Desktop/PhD/Generalized_pipeline, new_file=CML_0.01P_0.05FDR, cline=CML

[Tue Dec 11 18:13:15 2018]
Finished job 10.
2 of 14 steps (14%) done

[Tue Dec 11 18:13:15 2018]
rule create_STY_eSet:
    input: /Users/Mahmoud.Hallal/Desktop/PhD/Generalized_pipeline/results/CML_0.01P_0.05FDR/eSet_data_test1_CML.csv, /Users/Mahmoud.Hallal/Desktop/PhD/Generalized_pipeline/Scripts/create_eSet_sd.R
    output: /Users/Mahmoud.Hallal/Desktop/PhD/Generalized_pipeline/results/CML_0.01P_0.05FDR/test_eSet_notfiltered_CML.Rda
    jobid: 6
    wildcards: CWD=/Users/Mahmoud.Hallal/Desktop/PhD/Generalized_pipeline, new_file=CML_0.01P_0.05FDR, cline=CML

[Tue Dec 11 18:13:37 2018]
Finished job 6.
3 of 14 steps (21%) done

[Tue Dec 11 18:13:37 2018]
rule filter_eSet:
    input: /Users/Mahmoud.Hallal/Desktop/PhD/Generalized_pipeline/results/CML_0.01P_0.05FDR/test_eSet_notfiltered_CML.Rda, /Users/Mahmoud.Hallal/Desktop/PhD/Generalized_pipeline/Scripts/filter_eSet_sd.R
    output: /Users/Mahmoud.Hallal/Desktop/PhD/Generalized_pipeline/results/CML_0.01P_0.05FDR/test_eSet1_CML.Rda
    jobid: 9
    wildcards: CWD=/Users/Mahmoud.Hallal/Desktop/PhD/Generalized_pipeline, new_file=CML_0.01P_0.05FDR, cline=CML

[Tue Dec 11 18:13:52 2018]
Finished job 9.
4 of 14 steps (29%) done

[Tue Dec 11 18:13:52 2018]
rule Reproducibility:
    input: /Users/Mahmoud.Hallal/Desktop/PhD/Generalized_pipeline/results/CML_0.01P_0.05FDR/test_eSet1_CML.Rda, /Users/Mahmoud.Hallal/Desktop/PhD/Generalized_pipeline/results/CML_0.01P_0.05FDR/batches_all_data_CML.Rda, /Users/Mahmoud.Hallal/Desktop/PhD/Generalized_pipeline/results/CML_0.01P_0.05FDR/batches_all_phospho_data_CML.Rda, /Users/Mahmoud.Hallal/Desktop/PhD/Generalized_pipeline/Scripts/STY_reproducibility.R
    output: /Users/Mahmoud.Hallal/Desktop/PhD/Generalized_pipeline/results/CML_0.01P_0.05FDR/Phos_proteins_CML_venn_diagram_CML_BE00097_fup.pdf
    jobid: 8
    wildcards: CWD=/Users/Mahmoud.Hallal/Desktop/PhD/Generalized_pipeline, new_file=CML_0.01P_0.05FDR, cline=CML, COND=CML_BE00097_fup

[Tue Dec 11 18:13:56 2018]
Finished job 8.
5 of 14 steps (36%) done

[Tue Dec 11 18:13:56 2018]
rule Reproducibility:
    input: /Users/Mahmoud.Hallal/Desktop/PhD/Generalized_pipeline/results/CML_0.01P_0.05FDR/test_eSet1_CML.Rda, /Users/Mahmoud.Hallal/Desktop/PhD/Generalized_pipeline/results/CML_0.01P_0.05FDR/batches_all_data_CML.Rda, /Users/Mahmoud.Hallal/Desktop/PhD/Generalized_pipeline/results/CML_0.01P_0.05FDR/batches_all_phospho_data_CML.Rda, /Users/Mahmoud.Hallal/Desktop/PhD/Generalized_pipeline/Scripts/STY_reproducibility.R
    output: /Users/Mahmoud.Hallal/Desktop/PhD/Generalized_pipeline/results/CML_0.01P_0.05FDR/Phos_proteins_CML_venn_diagram_CML_BE00283.pdf
    jobid: 4
    wildcards: CWD=/Users/Mahmoud.Hallal/Desktop/PhD/Generalized_pipeline, new_file=CML_0.01P_0.05FDR, cline=CML, COND=CML_BE00283

[Tue Dec 11 18:13:59 2018]
Finished job 4.
6 of 14 steps (43%) done

[Tue Dec 11 18:13:59 2018]
rule setRank_collection_create:
    input: /Users/Mahmoud.Hallal/Desktop/PhD/Generalized_pipeline/results/CML_0.01P_0.05FDR/test_eSet1_CML.Rda, /Users/Mahmoud.Hallal/Desktop/PhD/Generalized_pipeline/results/CML_0.01P_0.05FDR/all_dbs.csv, /Users/Mahmoud.Hallal/Desktop/PhD/Generalized_pipeline/Scripts/collection_create.R
    output: /Users/Mahmoud.Hallal/Desktop/PhD/Generalized_pipeline/results/CML_0.01P_0.05FDR/collection_CML.Rda
    jobid: 11
    wildcards: CWD=/Users/Mahmoud.Hallal/Desktop/PhD/Generalized_pipeline, new_file=CML_0.01P_0.05FDR, cline=CML

Terminating processes on user request, this might take some time.
[Tue Dec 11 18:14:42 2018]
Error in rule setRank_collection_create:
    jobid: 11
    output: /Users/Mahmoud.Hallal/Desktop/PhD/Generalized_pipeline/results/CML_0.01P_0.05FDR/collection_CML.Rda

RuleException:
CalledProcessError in line 186 of /Users/Mahmoud.Hallal/Desktop/PhD/Generalized_pipeline/snakemake/Snakefile:
Command ' set -euo pipefail;   Rscript /Users/Mahmoud.Hallal/Desktop/PhD/Generalized_pipeline/Scripts/collection_create.R ' returned non-zero exit status 1.
  File "/Users/Mahmoud.Hallal/Desktop/PhD/Generalized_pipeline/snakemake/Snakefile", line 186, in __rule_setRank_collection_create
  File "/Users/Mahmoud.Hallal/miniconda3/envs/snakemake_General/lib/python3.6/concurrent/futures/thread.py", line 56, in run
Complete log: /Users/Mahmoud.Hallal/Desktop/PhD/Generalized_pipeline/snakemake/.snakemake/log/2018-12-11T181256.238554.snakemake.log
