Building DAG of jobs...
Using shell: /bin/bash
Provided cores: 1
Rules claiming more threads will be scaled down.
Job counts:
	count	jobs
	1	Reproducibility
	1	STY_plotting
	1	SetRank_analysis
	1	all
	1	create_STY_eSet
	1	create_kinase_substrate_dbs
	1	filter_eSet
	1	heatmap
	1	load_prepare_STY_files
	1	pca
	1	prepare_shiny_inputs
	1	setRank_collection_create
	1	topTables
	1	volcano_plot
	1	waterfall
	15

[Fri Nov  2 11:37:01 2018]
rule load_prepare_STY_files:
    input: /Users/Mahmoud.Hallal/Desktop/PhD/cell_lines_data/Stimulated_data/Molm13_Midostaurin_09.2018/20180913_MOLM13_TiO2_MQres_MH/Phospho (STY)Sites.txt, /Users/Mahmoud.Hallal/Desktop/PhD/Generalized_pipeline/cell_lines_analysis_STYfiles_INC1_INC2_sd.R
    output: /Users/Mahmoud.Hallal/Desktop/PhD/Generalized_pipeline/results/eSet_data_test1_MOLM13.csv, /Users/Mahmoud.Hallal/Desktop/PhD/Generalized_pipeline/results/batches_all_data_MOLM13.Rda, /Users/Mahmoud.Hallal/Desktop/PhD/Generalized_pipeline/results/batches_all_phospho_data_MOLM13.Rda
    jobid: 7
    wildcards: CWD=/Users/Mahmoud.Hallal/Desktop/PhD/Generalized_pipeline, cline=MOLM13

[Fri Nov  2 11:37:11 2018]
Finished job 7.
1 of 15 steps (7%) done

[Fri Nov  2 11:37:11 2018]
rule STY_plotting:
    input: /Users/Mahmoud.Hallal/Desktop/PhD/Generalized_pipeline/results/batches_all_data_MOLM13.Rda, /Users/Mahmoud.Hallal/Desktop/PhD/Generalized_pipeline/results/batches_all_phospho_data_MOLM13.Rda, /Users/Mahmoud.Hallal/Desktop/PhD/Generalized_pipeline/plotting_STY.R
    output: /Users/Mahmoud.Hallal/Desktop/PhD/Generalized_pipeline/results/Phos_prots_with_position_histogram_MOLM13.pdf, /Users/Mahmoud.Hallal/Desktop/PhD/Generalized_pipeline/results/Phos_prots_histogram_MOLM13.pdf, /Users/Mahmoud.Hallal/Desktop/PhD/Generalized_pipeline/results/Phos_peptides_venn_diagram_MOLM13.pdf, /Users/Mahmoud.Hallal/Desktop/PhD/Generalized_pipeline/results/Phos_prots_with_position_venn_diagram_MOLM13.pdf, /Users/Mahmoud.Hallal/Desktop/PhD/Generalized_pipeline/results/table_counts_all_MOLM13.csv
    jobid: 1
    wildcards: CWD=/Users/Mahmoud.Hallal/Desktop/PhD/Generalized_pipeline, cline=MOLM13

[Fri Nov  2 11:37:19 2018]
Finished job 1.
2 of 15 steps (13%) done

[Fri Nov  2 11:37:19 2018]
rule create_kinase_substrate_dbs:
    input: /Users/Mahmoud.Hallal/Desktop/PhD/Motif_analysis/all_dbs.csv, /Users/Mahmoud.Hallal/Desktop/PhD/Generalized_pipeline/results/all_dbs1.csv, /Users/Mahmoud.Hallal/Desktop/PhD/Generalized_pipeline/phospho_dbs_with_motif.R, /Users/Mahmoud.Hallal/Desktop/PhD/Generalized_pipeline/phospho_dbs_without_motif.R
    output: /Users/Mahmoud.Hallal/Desktop/PhD/Generalized_pipeline/results/all_dbs.csv
    jobid: 11
    wildcards: CWD=/Users/Mahmoud.Hallal/Desktop/PhD/Generalized_pipeline

[Fri Nov  2 11:37:21 2018]
Finished job 11.
3 of 15 steps (20%) done

[Fri Nov  2 11:37:21 2018]
rule create_STY_eSet:
    input: /Users/Mahmoud.Hallal/Desktop/PhD/Generalized_pipeline/results/eSet_data_test1_MOLM13.csv, /Users/Mahmoud.Hallal/Desktop/PhD/Generalized_pipeline/create_eSet_sd.R
    output: /Users/Mahmoud.Hallal/Desktop/PhD/Generalized_pipeline/results/test_eSet_notfiltered_MOLM13.Rda
    jobid: 12
    wildcards: CWD=/Users/Mahmoud.Hallal/Desktop/PhD/Generalized_pipeline, cline=MOLM13

[Fri Nov  2 11:37:35 2018]
Finished job 12.
4 of 15 steps (27%) done

[Fri Nov  2 11:37:35 2018]
rule filter_eSet:
    input: /Users/Mahmoud.Hallal/Desktop/PhD/Generalized_pipeline/results/test_eSet_notfiltered_MOLM13.Rda, /Users/Mahmoud.Hallal/Desktop/PhD/Generalized_pipeline/filter_eSet_sd.R
    output: /Users/Mahmoud.Hallal/Desktop/PhD/Generalized_pipeline/results/test_eSet1_MOLM13.Rda
    jobid: 8
    wildcards: CWD=/Users/Mahmoud.Hallal/Desktop/PhD/Generalized_pipeline, cline=MOLM13

[Fri Nov  2 11:37:45 2018]
Finished job 8.
5 of 15 steps (33%) done

[Fri Nov  2 11:37:45 2018]
rule Reproducibility:
    input: /Users/Mahmoud.Hallal/Desktop/PhD/Generalized_pipeline/results/test_eSet1_MOLM13.Rda, /Users/Mahmoud.Hallal/Desktop/PhD/Generalized_pipeline/results/batches_all_data_MOLM13.Rda, /Users/Mahmoud.Hallal/Desktop/PhD/Generalized_pipeline/results/batches_all_phospho_data_MOLM13.Rda, /Users/Mahmoud.Hallal/Desktop/PhD/Generalized_pipeline/STY_reproducibility.R
    output: /Users/Mahmoud.Hallal/Desktop/PhD/Generalized_pipeline/results/Phos_proteins_MOLM13_CTRL_venn_diagram.pdf, /Users/Mahmoud.Hallal/Desktop/PhD/Generalized_pipeline/results/Phos_proteins_MOLM13_DRG_venn_diagram.pdf
    jobid: 2
    wildcards: CWD=/Users/Mahmoud.Hallal/Desktop/PhD/Generalized_pipeline, cline=MOLM13

[Fri Nov  2 11:38:03 2018]
Finished job 2.
6 of 15 steps (40%) done

[Fri Nov  2 11:38:03 2018]
rule setRank_collection_create:
    input: /Users/Mahmoud.Hallal/Desktop/PhD/Generalized_pipeline/results/test_eSet1_MOLM13.Rda, /Users/Mahmoud.Hallal/Desktop/PhD/Generalized_pipeline/results/all_dbs.csv, /Users/Mahmoud.Hallal/Desktop/PhD/Generalized_pipeline/collection_create.R
    output: /Users/Mahmoud.Hallal/Desktop/PhD/Generalized_pipeline/results/collection_MOLM13.Rda
    jobid: 6
    wildcards: CWD=/Users/Mahmoud.Hallal/Desktop/PhD/Generalized_pipeline, cline=MOLM13

[Fri Nov  2 11:43:53 2018]
Finished job 6.
7 of 15 steps (47%) done

[Fri Nov  2 11:43:53 2018]
rule volcano_plot:
    input: /Users/Mahmoud.Hallal/Desktop/PhD/Generalized_pipeline/results/test_eSet1_MOLM13.Rda, /Users/Mahmoud.Hallal/Desktop/PhD/Generalized_pipeline/volcano_plots.R
    output: /Users/Mahmoud.Hallal/Desktop/PhD/Generalized_pipeline/results/Volcano_plot_MOLM13_MOLM13_DRG.pdf
    jobid: 5
    wildcards: CWD=/Users/Mahmoud.Hallal/Desktop/PhD/Generalized_pipeline, cline=MOLM13

[Fri Nov  2 11:44:03 2018]
Finished job 5.
8 of 15 steps (53%) done

[Fri Nov  2 11:44:03 2018]
rule topTables:
    input: /Users/Mahmoud.Hallal/Desktop/PhD/Generalized_pipeline/results/test_eSet1_MOLM13.Rda, /Users/Mahmoud.Hallal/Desktop/PhD/Generalized_pipeline/top_tables.R
    output: /Users/Mahmoud.Hallal/Desktop/PhD/Generalized_pipeline/results/topTables_MOLM13_less.Rda
    jobid: 15
    wildcards: CWD=/Users/Mahmoud.Hallal/Desktop/PhD/Generalized_pipeline, cline=MOLM13

[Fri Nov  2 11:44:17 2018]
Finished job 15.
9 of 15 steps (60%) done

[Fri Nov  2 11:44:17 2018]
rule SetRank_analysis:
    input: /Users/Mahmoud.Hallal/Desktop/PhD/Generalized_pipeline/results/collection_MOLM13.Rda, /Users/Mahmoud.Hallal/Desktop/PhD/Generalized_pipeline/results/topTables_MOLM13_less.Rda, /Users/Mahmoud.Hallal/Desktop/PhD/Generalized_pipeline/setRank_analysis.R
    output: /Users/Mahmoud.Hallal/Desktop/PhD/Generalized_pipeline/results/output_networks_with_positions_0.01FDR_0.01P_MOLM13_less/MOLM13_CTRL_pathways.txt, /Users/Mahmoud.Hallal/Desktop/PhD/Generalized_pipeline/results/output_networks_with_positions_0.01FDR_0.01P_MOLM13_less/MOLM13_DRG_pathways.txt, /Users/Mahmoud.Hallal/Desktop/PhD/Generalized_pipeline/results/output_networks_with_positions_0.01FDR_0.01P_MOLM13_less/pathways.txt
    jobid: 13
    wildcards: CWD=/Users/Mahmoud.Hallal/Desktop/PhD/Generalized_pipeline, fdr=0.01, pv=0.01, cline=MOLM13

[Fri Nov  2 11:44:36 2018]
Finished job 13.
10 of 15 steps (67%) done

[Fri Nov  2 11:44:36 2018]
rule pca:
    input: /Users/Mahmoud.Hallal/Desktop/PhD/Generalized_pipeline/results/test_eSet1_MOLM13.Rda, /Users/Mahmoud.Hallal/Desktop/PhD/Generalized_pipeline/pca.R
    output: /Users/Mahmoud.Hallal/Desktop/PhD/Generalized_pipeline/results/PCA_plot_filtered_MOLM13.pdf
    jobid: 3
    wildcards: CWD=/Users/Mahmoud.Hallal/Desktop/PhD/Generalized_pipeline, cline=MOLM13

[Fri Nov  2 11:44:41 2018]
Finished job 3.
11 of 15 steps (73%) done

[Fri Nov  2 11:44:41 2018]
rule waterfall:
    input: /Users/Mahmoud.Hallal/Desktop/PhD/Generalized_pipeline/results/output_networks_with_positions_0.01FDR_0.01P_MOLM13_less/pathways.txt, /Users/Mahmoud.Hallal/Desktop/PhD/Generalized_pipeline/waterfall_create.R
    output: /Users/Mahmoud.Hallal/Desktop/PhD/Generalized_pipeline/results/Material_for_waterfall_0.01FDR_0.01P_MOLM13.Rda
    jobid: 9
    wildcards: CWD=/Users/Mahmoud.Hallal/Desktop/PhD/Generalized_pipeline, fdr=0.01, pv=0.01, cline=MOLM13

[Fri Nov  2 11:44:52 2018]
Finished job 9.
12 of 15 steps (80%) done

[Fri Nov  2 11:44:52 2018]
rule heatmap:
    input: /Users/Mahmoud.Hallal/Desktop/PhD/Generalized_pipeline/results/output_networks_with_positions_0.01FDR_0.01P_MOLM13_less/pathways.txt, /Users/Mahmoud.Hallal/Desktop/PhD/Generalized_pipeline/pathway_create.R
    output: /Users/Mahmoud.Hallal/Desktop/PhD/Generalized_pipeline/results/Material_for_heatmap_0.01FDR_0.01P_MOLM13.csv
    jobid: 10
    wildcards: CWD=/Users/Mahmoud.Hallal/Desktop/PhD/Generalized_pipeline, fdr=0.01, pv=0.01, cline=MOLM13

[Fri Nov  2 11:44:56 2018]
Finished job 10.
13 of 15 steps (87%) done

[Fri Nov  2 11:44:56 2018]
rule prepare_shiny_inputs:
    input: /Users/Mahmoud.Hallal/Desktop/PhD/Generalized_pipeline/results/Material_for_waterfall_0.01FDR_0.01P_MOLM13.Rda, /Users/Mahmoud.Hallal/Desktop/PhD/Generalized_pipeline/results/Material_for_heatmap_0.01FDR_0.01P_MOLM13.csv, /Users/Mahmoud.Hallal/Desktop/PhD/Generalized_pipeline/prepare_shiny_outputs.R
    output: /Users/Mahmoud.Hallal/Desktop/PhD/Generalized_pipeline/results/results_shiny_MOLM13_0.01FDR_0.01P.Rda
    jobid: 4
    wildcards: CWD=/Users/Mahmoud.Hallal/Desktop/PhD/Generalized_pipeline, cline=MOLM13, fdr=0.01, pv=0.01

[Fri Nov  2 11:47:01 2018]
Finished job 4.
14 of 15 steps (93%) done

[Fri Nov  2 11:47:01 2018]
localrule all:
    input: /Users/Mahmoud.Hallal/Desktop/PhD/Generalized_pipeline/results/PCA_plot_filtered_MOLM13.pdf, /Users/Mahmoud.Hallal/Desktop/PhD/Generalized_pipeline/results/Phos_prots_with_position_venn_diagram_MOLM13.pdf, /Users/Mahmoud.Hallal/Desktop/PhD/Generalized_pipeline/results/Phos_prots_histogram_MOLM13.pdf, /Users/Mahmoud.Hallal/Desktop/PhD/Generalized_pipeline/results/Phos_proteins_MOLM13_CTRL_venn_diagram.pdf, /Users/Mahmoud.Hallal/Desktop/PhD/Generalized_pipeline/results/collection_MOLM13.Rda, /Users/Mahmoud.Hallal/Desktop/PhD/Generalized_pipeline/results/results_shiny_MOLM13_0.01FDR_0.01P.Rda, /Users/Mahmoud.Hallal/Desktop/PhD/Generalized_pipeline/results/Volcano_plot_MOLM13_MOLM13_DRG.pdf
    jobid: 0

[Fri Nov  2 11:47:01 2018]
Finished job 0.
15 of 15 steps (100%) done
Complete log: /Users/Mahmoud.Hallal/Desktop/PhD/Generalized_pipeline/snakemake/.snakemake/log/2018-11-02T113700.538121.snakemake.log
