Building DAG of jobs...
Using shell: /bin/bash
Provided cores: 1
Rules claiming more threads will be scaled down.
Job counts:
	count	jobs
	1	all
	1	create_kinase_substrate_5_dbs
	1	create_kinase_substrate_dbs
	1	heatmap
	1	prepare_shiny_inputs
	1	setRank_collection_create
	1	waterfall
	7

[Wed Oct 24 15:05:27 2018]
rule create_kinase_substrate_5_dbs:
    input: /Users/Mahmoud.Hallal/Desktop/PhD/Phospho_database/phosphoELM_db/phosphoELM_vertebrate_2015-04.dump, /Users/Mahmoud.Hallal/Desktop/PhD/Phospho_database/phosphoSitePlus/Kinase_Substrate_Dataset, /Users/Mahmoud.Hallal/Desktop/PhD/Phospho_database/PhosphoNetworks/refKSI.csv, /Users/Mahmoud.Hallal/Desktop/PhD/Phospho_database/HPRD/FLAT_FILES_072010/POST_TRANSLATIONAL_MODIFICATIONS.txt, /Users/Mahmoud.Hallal/Desktop/PhD/Phospho_database/MINT/MINT_MiTab.txt, /Users/Mahmoud.Hallal/Desktop/PhD/Phospho_database/RegPhos/RegPhos_Phos_human.txt, /Users/Mahmoud.Hallal/Desktop/PhD/Phospho_database/SIGNOR/human_phosphorylations_09_05_17.csv, /Users/Mahmoud.Hallal/Desktop/PhD/Generalized_pipeline/phospho_dbs_v2.R
    output: /Users/Mahmoud.Hallal/Desktop/PhD/Generalized_pipeline/results/all_dbs1.csv
    jobid: 16
    wildcards: CWD=/Users/Mahmoud.Hallal/Desktop/PhD/Generalized_pipeline

[Wed Oct 24 15:05:36 2018]
Error in rule create_kinase_substrate_5_dbs:
    jobid: 16
    output: /Users/Mahmoud.Hallal/Desktop/PhD/Generalized_pipeline/results/all_dbs1.csv

RuleException:
CalledProcessError in line 101 of /Users/Mahmoud.Hallal/Desktop/PhD/Generalized_pipeline/snakemake/Snakefile:
Command ' set -euo pipefail;   Rscript /Users/Mahmoud.Hallal/Desktop/PhD/Generalized_pipeline/phospho_dbs_v2.R ' returned non-zero exit status 1.
  File "/Users/Mahmoud.Hallal/Desktop/PhD/Generalized_pipeline/snakemake/Snakefile", line 101, in __rule_create_kinase_substrate_5_dbs
  File "/Users/Mahmoud.Hallal/miniconda3/lib/python3.6/concurrent/futures/thread.py", line 56, in run
Shutting down, this might take some time.
Exiting because a job execution failed. Look above for error message
Complete log: /Users/Mahmoud.Hallal/Desktop/PhD/Generalized_pipeline/snakemake/.snakemake/log/2018-10-24T150527.158933.snakemake.log
