Building DAG of jobs...
Using shell: /bin/bash
Provided cores: 1
Rules claiming more threads will be scaled down.
Job counts:
	count	jobs
	1	SetRank_analysis
	1	all
	1	heatmap
	1	pca
	1	prepare_shiny_inputs
	1	topTables
	1	volcano_plot
	1	waterfall
	8

[Tue Dec  4 18:55:38 2018]
rule topTables:
    input: /Users/Mahmoud.Hallal/Desktop/PhD/Generalized_pipeline/results/K562_0.01P_0.05FDR/test_eSet1_K562.Rda, /Users/Mahmoud.Hallal/Desktop/PhD/Generalized_pipeline/Scripts/top_tables.R
    output: /Users/Mahmoud.Hallal/Desktop/PhD/Generalized_pipeline/results/K562_0.01P_0.05FDR/topTables_K562_less.Rda
    jobid: 8
    wildcards: CWD=/Users/Mahmoud.Hallal/Desktop/PhD/Generalized_pipeline, new_file=K562_0.01P_0.05FDR, cline=K562

[Tue Dec  4 18:55:50 2018]
Finished job 8.
1 of 8 steps (12%) done

[Tue Dec  4 18:55:50 2018]
rule SetRank_analysis:
    input: /Users/Mahmoud.Hallal/Desktop/PhD/Generalized_pipeline/results/K562_0.01P_0.05FDR/collection_K562.Rda, /Users/Mahmoud.Hallal/Desktop/PhD/Generalized_pipeline/results/K562_0.01P_0.05FDR/topTables_K562_less.Rda, /Users/Mahmoud.Hallal/Desktop/PhD/Generalized_pipeline/Scripts/setRank_analysis.R
    output: /Users/Mahmoud.Hallal/Desktop/PhD/Generalized_pipeline/results/K562_0.01P_0.05FDR/output_networks_with_positions_0.05FDR_0.01P_K562_less/K562_DRG_pathways.txt, /Users/Mahmoud.Hallal/Desktop/PhD/Generalized_pipeline/results/K562_0.01P_0.05FDR/output_networks_with_positions_0.05FDR_0.01P_K562_less/pathways.txt
    jobid: 6
    wildcards: CWD=/Users/Mahmoud.Hallal/Desktop/PhD/Generalized_pipeline, new_file=K562_0.01P_0.05FDR, fdr=0.05, pv=0.01, cline=K562

[Tue Dec  4 18:56:07 2018]
Finished job 6.
2 of 8 steps (25%) done

[Tue Dec  4 18:56:07 2018]
rule volcano_plot:
    input: /Users/Mahmoud.Hallal/Desktop/PhD/Generalized_pipeline/results/K562_0.01P_0.05FDR/test_eSet1_K562.Rda, /Users/Mahmoud.Hallal/Desktop/PhD/Generalized_pipeline/Scripts/volcano_plots.R
    output: /Users/Mahmoud.Hallal/Desktop/PhD/Generalized_pipeline/results/K562_0.01P_0.05FDR/Volcano_plot_K562_x_K562_DRG.pdf
    jobid: 4
    wildcards: CWD=/Users/Mahmoud.Hallal/Desktop/PhD/Generalized_pipeline, new_file=K562_0.01P_0.05FDR, cline=K562, cond=K562_DRG

[Tue Dec  4 18:56:21 2018]
Finished job 4.
3 of 8 steps (38%) done

[Tue Dec  4 18:56:21 2018]
rule pca:
    input: /Users/Mahmoud.Hallal/Desktop/PhD/Generalized_pipeline/results/K562_0.01P_0.05FDR/test_eSet1_K562.Rda, /Users/Mahmoud.Hallal/Desktop/PhD/Generalized_pipeline/Scripts/pca.R
    output: /Users/Mahmoud.Hallal/Desktop/PhD/Generalized_pipeline/results/K562_0.01P_0.05FDR/PCA_plot_filtered_K562.pdf
    jobid: 3
    wildcards: CWD=/Users/Mahmoud.Hallal/Desktop/PhD/Generalized_pipeline, new_file=K562_0.01P_0.05FDR, cline=K562

[Tue Dec  4 18:56:25 2018]
Finished job 3.
4 of 8 steps (50%) done

[Tue Dec  4 18:56:25 2018]
rule waterfall:
    input: /Users/Mahmoud.Hallal/Desktop/PhD/Generalized_pipeline/results/K562_0.01P_0.05FDR/output_networks_with_positions_0.05FDR_0.01P_K562_less/pathways.txt, /Users/Mahmoud.Hallal/Desktop/PhD/Generalized_pipeline/Scripts/waterfall_create.R
    output: /Users/Mahmoud.Hallal/Desktop/PhD/Generalized_pipeline/results/K562_0.01P_0.05FDR/Material_for_waterfall_0.05FDR_0.01P_K562.Rda
    jobid: 15
    wildcards: CWD=/Users/Mahmoud.Hallal/Desktop/PhD/Generalized_pipeline, new_file=K562_0.01P_0.05FDR, fdr=0.05, pv=0.01, cline=K562

[Tue Dec  4 18:56:28 2018]
Finished job 15.
5 of 8 steps (62%) done

[Tue Dec  4 18:56:28 2018]
rule heatmap:
    input: /Users/Mahmoud.Hallal/Desktop/PhD/Generalized_pipeline/results/K562_0.01P_0.05FDR/output_networks_with_positions_0.05FDR_0.01P_K562_less/pathways.txt, /Users/Mahmoud.Hallal/Desktop/PhD/Generalized_pipeline/Scripts/pathway_create.R
    output: /Users/Mahmoud.Hallal/Desktop/PhD/Generalized_pipeline/results/K562_0.01P_0.05FDR/Material_for_heatmap_0.05FDR_0.01P_K562.csv
    jobid: 14
    wildcards: CWD=/Users/Mahmoud.Hallal/Desktop/PhD/Generalized_pipeline, new_file=K562_0.01P_0.05FDR, fdr=0.05, pv=0.01, cline=K562

[Tue Dec  4 18:56:29 2018]
Finished job 14.
6 of 8 steps (75%) done

[Tue Dec  4 18:56:29 2018]
rule prepare_shiny_inputs:
    input: /Users/Mahmoud.Hallal/Desktop/PhD/Generalized_pipeline/results/K562_0.01P_0.05FDR/Material_for_waterfall_0.05FDR_0.01P_K562.Rda, /Users/Mahmoud.Hallal/Desktop/PhD/Generalized_pipeline/results/K562_0.01P_0.05FDR/Material_for_heatmap_0.05FDR_0.01P_K562.csv, /Users/Mahmoud.Hallal/Desktop/PhD/Generalized_pipeline/Scripts/prepare_shiny_outputs.R
    output: /Users/Mahmoud.Hallal/Desktop/PhD/Generalized_pipeline/results/K562_0.01P_0.05FDR/results_shiny_K562_0.01P_0.05FDR.Rda
    jobid: 11
    wildcards: CWD=/Users/Mahmoud.Hallal/Desktop/PhD/Generalized_pipeline, new_file=K562_0.01P_0.05FDR, cline=K562, pv=0.01, fdr=0.05

[Tue Dec  4 18:57:35 2018]
Finished job 11.
7 of 8 steps (88%) done

[Tue Dec  4 18:57:35 2018]
localrule all:
    input: /Users/Mahmoud.Hallal/Desktop/PhD/Generalized_pipeline/results/K562_0.01P_0.05FDR/eSet_data_test1_K562.csv, /Users/Mahmoud.Hallal/Desktop/PhD/Generalized_pipeline/results/K562_0.01P_0.05FDR/batches_all_phospho_data_K562.Rda, /Users/Mahmoud.Hallal/Desktop/PhD/Generalized_pipeline/results/K562_0.01P_0.05FDR/test_eSet_notfiltered_K562.Rda, /Users/Mahmoud.Hallal/Desktop/PhD/Generalized_pipeline/results/K562_0.01P_0.05FDR/test_eSet1_K562.Rda, /Users/Mahmoud.Hallal/Desktop/PhD/Generalized_pipeline/results/K562_0.01P_0.05FDR/all_dbs.csv, /Users/Mahmoud.Hallal/Desktop/PhD/Generalized_pipeline/results/K562_0.01P_0.05FDR/PCA_plot_filtered_K562.pdf, /Users/Mahmoud.Hallal/Desktop/PhD/Generalized_pipeline/results/K562_0.01P_0.05FDR/Phos_prots_with_position_venn_diagram_K562.pdf, /Users/Mahmoud.Hallal/Desktop/PhD/Generalized_pipeline/results/K562_0.01P_0.05FDR/Phos_prots_histogram_K562.pdf, /Users/Mahmoud.Hallal/Desktop/PhD/Generalized_pipeline/results/K562_0.01P_0.05FDR/Phos_proteins_K562_venn_diagram_K562_DRG.pdf, /Users/Mahmoud.Hallal/Desktop/PhD/Generalized_pipeline/results/K562_0.01P_0.05FDR/collection_K562.Rda, /Users/Mahmoud.Hallal/Desktop/PhD/Generalized_pipeline/results/K562_0.01P_0.05FDR/topTables_K562_less.Rda, /Users/Mahmoud.Hallal/Desktop/PhD/Generalized_pipeline/results/K562_0.01P_0.05FDR/output_networks_with_positions_0.05FDR_0.01P_K562_less/K562_DRG_pathways.txt, /Users/Mahmoud.Hallal/Desktop/PhD/Generalized_pipeline/results/K562_0.01P_0.05FDR/output_networks_with_positions_0.05FDR_0.01P_K562_less/pathways.txt, /Users/Mahmoud.Hallal/Desktop/PhD/Generalized_pipeline/results/K562_0.01P_0.05FDR/results_shiny_K562_0.01P_0.05FDR.Rda, /Users/Mahmoud.Hallal/Desktop/PhD/Generalized_pipeline/results/K562_0.01P_0.05FDR/Volcano_plot_K562_x_K562_DRG.pdf
    jobid: 0

[Tue Dec  4 18:57:35 2018]
Finished job 0.
8 of 8 steps (100%) done
Complete log: /Users/Mahmoud.Hallal/Desktop/PhD/Generalized_pipeline/snakemake/.snakemake/log/2018-12-04T185538.061051.snakemake.log
